#
# A fatal error has been detected by the Java Runtime Environment:
#
#  EXCEPTION_ACCESS_VIOLATION (0xc0000005) at pc=0x00007ffca4533a94, pid=30196, tid=29304
#
# JRE version: OpenJDK Runtime Environment (25.0.2+10) (build 25.0.2+10-69)
# Java VM: OpenJDK 64-Bit Server VM (25.0.2+10-69, mixed mode, sharing, tiered, compressed oops, compressed class ptrs, g1 gc, windows-amd64)
# Problematic frame:
# C  0x00007ffca4533a94
#
# No core dump will be written. Minidumps are not enabled by default on client versions of Windows
#
# If you would like to submit a bug report, please visit:
#   https://bugreport.java.com/bugreport/crash.jsp
# The crash happened outside the Java Virtual Machine in native code.
# See problematic frame for where to report the bug.
#

---------------  S U M M A R Y ------------

Command Line: --module-path=C:\Users\jedch\Downloads\openjfx-25.0.2_windows-x64_bin-sdk\javafx-sdk-25.0.2\lib --add-modules=javafx.controls,javafx.fxml -javaagent:C:\Program Files\JetBrains\IntelliJ IDEA 2025.2.2\lib\idea_rt.jar=59927 -Dfile.encoding=UTF-8 -Dsun.stdout.encoding=UTF-8 -Dsun.stderr.encoding=UTF-8 ui.BlindHireApp

Host: 11th Gen Intel(R) Core(TM) i5-1135G7 @ 2.40GHz, 8 cores, 19G,  Windows 11 , 64 bit Build 26100 (10.0.26100.7705)
Time: Fri Feb 27 09:50:54 2026 W. Central Africa Standard Time elapsed time: 23.302623 seconds (0d 0h 0m 23s)

---------------  T H R E A D  ---------------

Current thread (0x00000200e5747f90):  JavaThread "Thread-113"        [_thread_in_native, id=29304, stack(0x000000b9d6300000,0x000000b9d6400000) (1024K)]

Stack: [0x000000b9d6300000,0x000000b9d6400000],  sp=0x000000b9d63fe990,  free space=1018k
Native frames: (J=compiled Java code, j=interpreted, Vv=VM code, C=native code)
C  0x00007ffca4533a94  (no source info available)
C  0x00007ffca4531a63  (no source info available)
C  0x00007ffca4ab39b2  (no source info available)
C  0x00007ffca4535e8e  (no source info available)
C  0x00007ffca4193b79  (no source info available)
C  0x00007ffca41942ba  (no source info available)
C  0x00007ffca415f1ac  (no source info available)
C  0x00007ffca4073869  (no source info available)
C  0x00007ffca40730a9  (no source info available)
C  0x00007ffca4026f7c  (no source info available)
C  0x00007ffccd6da48f  (no source info available)
C  0x00000200c679d2b3  (no source info available)

The last pc belongs to native method entry point (kind = native) (printed below).
Java frames: (J=compiled Java code, j=interpreted, Vv=VM code)
j  org.bytedeco.opencv.opencv_videoio.VideoCapture.retrieve(Lorg/bytedeco/opencv/opencv_core/Mat;)Z+0
j  org.bytedeco.javacv.OpenCVFrameGrabber.grab()Lorg/bytedeco/javacv/Frame;+8
j  Service.FaceService.grabFrameAsImage()Ljavafx/scene/image/Image;+20
j  ui.FaceCaptureDialog$1.lambda$handle$0()V+7
j  ui.FaceCaptureDialog$1$$Lambda+0x000000003a36c870.run()V+4
j  java.lang.Thread.runWith(Ljava/lang/Object;Ljava/lang/Runnable;)V+5 java.base@25.0.2
j  java.lang.Thread.run()V+19 java.base@25.0.2
v  ~StubRoutines::call_stub 0x00000200c67912ed

siginfo: EXCEPTION_ACCESS_VIOLATION (0xc0000005), writing address 0x0000000000000000


Registers:
RAX=0x0000000000000014, RBX=0x0000000000000003, RCX=0x0000000000000080, RDX=0x0000000000000280
RSP=0x000000b9d63fe990, RBP=0x0000000000000000, RSI=0x0000000000000060, RDI=0x0000000000000000
R8 =0x0000000000000000, R9 =0x0000000000000280, R10=0x0000020132310000, R11=0x0000000000000004
R12=0x00007ffca4100000, R13=0x0000000000000001, R14=0x000000b9d63feb00, R15=0x0000000000000000
RIP=0x00007ffca4533a94, EFLAGS=0x0000000000010297

XMM[0]=0xe4e7f1e3e8eee2e8 0xeee1e9efe3eaf2e3
XMM[1]=0xf3e7edf3e8edf3e8 0xedf3e9ecf1eaecf1
XMM[2]=0xe4edf1e3edeee2ed 0xeee1eeefe3eff2e3
XMM[3]=0xeff3e3eff4e2eef4 0xe4f0f6e5f0f5e6ee
XMM[4]=0x0000ff0000ff0000 0xff0000ff0000ff00
XMM[5]=0xf3e7edf3e8edf3e8 0xedf3e9ecf1eaecf1
XMM[6]=0xe4e7e3e3e8e2e2e8 0xe4e1e9e5e3eae6e3
XMM[7]=0xefededefededeeed 0xedf0eeecf0efecee
XMM[8]=0xf3f3f1f3f4eef3f4 0xeef3f6eff1f5f2f1
XMM[9]=0xedededeeefefefee 0xf0f0eeedededecec
XMM[10]=0x0000000000000000 0x0000000000000000
XMM[11]=0x0000000000000000 0x0000000000000000
XMM[12]=0x0000000000000000 0x0000000000000000
XMM[13]=0x0000000000000000 0x0000000000000000
XMM[14]=0x0000000000000000 0x0000000000000000
XMM[15]=0x0000000000000000 0x0000000000000000
  MXCSR=0x00001fa0


Register to memory mapping:

RAX=0x0000000000000014 is an unknown value
RBX=0x0000000000000003 is an unknown value
RCX=0x0000000000000080 is an unknown value
RDX=0x0000000000000280 is an unknown value
RSP=0x000000b9d63fe990 is pointing into the stack for thread: 0x00000200e5747f90
RBP=0x0 is null
RSI=0x0000000000000060 is an unknown value
RDI=0x0 is null
R8 =0x0 is null
R9 =0x0000000000000280 is an unknown value
R10=0x0000020132310000 points into unknown readable memory: 0xffe9ecf1ffeaecf1 | f1 ec ea ff f1 ec e9 ff
R11=0x0000000000000004 is an unknown value
R12=0x00007ffca4100000 points into unknown readable memory: 0x0000000300905a4d | 4d 5a 90 00 03 00 00 00
R13=0x0000000000000001 is an unknown value
R14=0x000000b9d63feb00 is pointing into the stack for thread: 0x00000200e5747f90
R15=0x0 is null

Top of Stack: (sp=0x000000b9d63fe990)
0x000000b9d63fe990:   0000000000000000 0000000000000000   ................
0x000000b9d63fe9a0:   0000000000000000 0000000000000000   ................
0x000000b9d63fe9b0:   0000000000000000 0000000000000000   ................
0x000000b9d63fe9c0:   0000000000000000 0000000000000000   ................
0x000000b9d63fe9d0:   0000000000000000 0000000000000000   ................
0x000000b9d63fe9e0:   0000000000000000 0000000000000000   ................
0x000000b9d63fe9f0:   0000000000000000 0000000000000000   ................
0x000000b9d63fea00:   0000000000000000 0000000000000000   ................
0x000000b9d63fea10:   0000000000000000 0000000000000000   ................
0x000000b9d63fea20:   4012c00000000000 0000000000000000   .......@........
0x000000b9d63fea30:   0000000000000000 00007ffca4531a63   ........c.S.....
0x000000b9d63fea40:   0000000000000000 0000020132310000   ..........12....
0x000000b9d63fea50:   000000b9d63feb40 0000020132310000   @.?.......12....
0x000000b9d63fea60:   0000000000000000 0000000000000000   ................
0x000000b9d63fea70:   0000020132310000 00007ffca4ab39b2   ..12.....9......
0x000000b9d63fea80:   000000b9d63feb00 000000b9d63febd0   ..?.......?.....
0x000000b9d63fea90:   0000000000000a00 000000b9d63feb40   ........@.?.....
0x000000b9d63feaa0:   0000000000000000 00007ffc00000000   ................
0x000000b9d63feab0:   0000000000000000 0000000000000000   ................
0x000000b9d63feac0:   0000000000000000 00007ffca4535e8e   .........^S.....
0x000000b9d63fead0:   0000000000000780 00007ffca40b4400   .........D......
0x000000b9d63feae0:   0000000000000780 000000b9d63ff3e8   ..........?.....
0x000000b9d63feaf0:   000000b9d63ff150 00007ffca4a9666e   P.?.....nf......
0x000000b9d63feb00:   000001e000000000 0000000000000003   ................
0x000000b9d63feb10:   0000000000000000 0000000300000004   ................
0x000000b9d63feb20:   0000000000000000 000000b9d63ff3e8   ..........?.....
0x000000b9d63feb30:   000000b900000000 00007ffca4a9666e   ........nf......
0x000000b9d63feb40:   00007ffca46c07b8 0000020132310000   ..l.......12....
0x000000b9d63feb50:   0000000000000a00 0000000000000000   ................
0x000000b9d63feb60:   0000000000000780 00007ffc00000280   ................
0x000000b9d63feb70:   000000b9d63feb18 00007ffca4aa5adf   ..?......Z......
0x000000b9d63feb80:   0000000000000003 000000b9d63ff200   ..........?.....

Instructions: (pc=0x00007ffca4533a94)
  0x00007ffca4533994:   00 c4 e3 4d 4c c5 40 c4 e3 7d 4c d7 30 c4 62 6d
  0x00007ffca45339a4:   00 05 96 2e 18 00 c4 e3 55 4c c6 30 c4 e3 7d 4c
  0x00007ffca45339b4:   d7 40 c4 62 6d 00 0d c1 2e 18 00 c4 e3 45 4c c6
  0x00007ffca45339c4:   40 c4 e3 7d 4c d5 30 c4 e2 6d 00 25 cc 2e 18 00
  0x00007ffca45339d4:   48 83 ff 02 75 0d c4 c1 7c 10 c0 c5 7c 10 c4 c5
  0x00007ffca45339e4:   fc 10 e0 83 fb 04 75 53 c5 dd 60 c1 c5 dd 68 c9
  0x00007ffca45339f4:   c4 c1 3d 60 d1 c5 ed 61 f0 c5 ed 69 d8 c4 c1 3d
  0x00007ffca4533a04:   68 e9 c5 d5 61 e1 c5 d5 69 d1 c4 e3 5d 46 ca 20
  0x00007ffca4533a14:   c4 e3 4d 46 c3 20 c4 c1 7e 7f 48 20 c4 c1 7e 7f
  0x00007ffca4533a24:   00 c4 e3 5d 46 ca 31 c4 e3 4d 46 c3 31 c4 c1 7e
  0x00007ffca4533a34:   7f 48 60 c4 c1 7e 7f 40 40 eb 72 c4 e2 5d 00 35
  0x00007ffca4533a44:   38 33 18 00 c5 fe 6f 25 b0 32 18 00 c4 62 3d 00
  0x00007ffca4533a54:   05 e7 32 18 00 c4 e2 35 00 3d fe 32 18 00 c5 fe
  0x00007ffca4533a64:   6f 15 b6 32 18 00 c4 e3 3d 4c c7 40 c4 e3 7d 4c
  0x00007ffca4533a74:   ee 20 c4 e3 45 4c ce 40 c4 c3 75 4c d8 20 c4 c3
  0x00007ffca4533a84:   4d 4c c0 40 c4 e3 55 46 cb 20 c4 e3 7d 4c d7 20
=>0x00007ffca4533a94:   c4 c1 7e 7f 08 c4 e3 6d 46 c5 30 c4 e3 65 46 ca
  0x00007ffca4533aa4:   31 c4 c1 7e 7f 40 20 c4 c1 7e 7f 48 40 4c 03 d1
  0x00007ffca4533ab4:   4c 03 c6 48 83 e8 01 0f 85 30 fe ff ff c5 fc 77
  0x00007ffca4533ac4:   c5 78 28 3c 24 c5 78 28 74 24 10 c5 78 28 6c 24
  0x00007ffca4533ad4:   20 c5 78 28 64 24 30 c5 78 28 5c 24 40 c5 78 28
  0x00007ffca4533ae4:   54 24 50 c5 78 28 4c 24 60 c5 78 28 44 24 70 c5
  0x00007ffca4533af4:   f8 28 bc 24 80 00 00 00 c5 f8 28 b4 24 90 00 00
  0x00007ffca4533b04:   00 41 3b d1 7d 73 48 8b f7 4c 89 b4 24 b0 00 00
  0x00007ffca4533b14:   00 48 83 f6 02 4c 89 bc 24 b8 00 00 00 44 2b ca
  0x00007ffca4533b24:   0f 1f 40 00 0f 1f 84 00 00 00 00 00 41 0f b6 02
  0x00007ffca4533b34:   41 0f b6 4a 01 41 0f b6 52 02 42 88 04 07 41 88
  0x00007ffca4533b44:   48 01 42 88 14 06 83 fb 04 75 12 44 3b db 75 07
  0x00007ffca4533b54:   41 0f b6 42 03 eb 02 b0 ff 41 88 40 03 4d 03 d3
  0x00007ffca4533b64:   4c 03 c3 49 83 e9 01 75 c3 4c 8b bc 24 b8 00 00
  0x00007ffca4533b74:   00 4c 8b b4 24 b0 00 00 00 4c 8d 9c 24 a0 00 00
  0x00007ffca4533b84:   00 49 8b 5b 20 49 8b 73 28 49 8b e3 5f c3 cc cc


Stack slot to memory mapping:

stack at sp + 0 slots: 0x0 is null
stack at sp + 1 slots: 0x0 is null
stack at sp + 2 slots: 0x0 is null
stack at sp + 3 slots: 0x0 is null
stack at sp + 4 slots: 0x0 is null
stack at sp + 5 slots: 0x0 is null
stack at sp + 6 slots: 0x0 is null
stack at sp + 7 slots: 0x0 is null

Lock stack of current Java thread (top to bottom):

native method entry point (kind = native)  [0x00000200c679cee0, 0x00000200c679dae0]  3072 bytes
[MachCode]
  0x00000200c679cee0: 488b 4b08 | 0fb7 492e | 584c 8d74 | ccf8 6800 | 0000 0068 | 0000 0000 | 5055 488b | ec41 5548 
  0x00000200c679cf00: 8b43 084c | 8d68 3848 | 8b40 0868 | 0000 0000 | 5348 8b50 | 1848 8b52 | 7048 8b12 | 5248 8b53 
  0x00000200c679cf20: 1048 85d2 | 7407 4881 | c2d0 0000 | 0052 488b | 5010 5249 | 8bc6 482b | c548 c1e8 | 0350 6800 
  0x00000200c679cf40: 0000 0068 | f7ff ffff | 41c6 87f1 | 0400 0001 | 488b 4310 | 4885 c074 | 208b 8890 | 0000 0083 
  0x00000200c679cf60: c102 8988 | 9000 0000 | 2388 a400 | 0000 0f84 | b80a 0000 | e9cf 0000 | 0048 8b43 | 1848 85c0 
  0x00000200c679cf80: 0f85 b000 | 0000 e805 | 0000 00e9 | 9900 0000 | 488b d348 | 8d44 2408 | 4c89 6dc0 | 498b cfc5 
  0x00000200c679cfa0: f877 4989 | af38 0400 | 0049 8987 | 2804 0000 | 4883 ec20 | 40f6 c40f | 0f84 1900 | 0000 4883 
  0x00000200c679cfc0: ec08 48b8 | 4022 1997 | fc7f 0000 | ffd0 4883 | c408 e90c | 0000 0048 | b840 2219 | 97fc 7f00 
  0x00000200c679cfe0: 00ff d048 | 83c4 2049 | c787 2804 | 0000 0000 | 0000 49c7 | 8738 0400 | 0000 0000 | 0049 c787 
  0x00000200c679d000: 3004 0000 | 0000 0000 | c5f8 7749 | 837f 0800 | 0f84 0500 | 0000 e9c5 | 41ff ff4c | 8b6d c04c 
  0x00000200c679d020: 8b75 c84e | 8d74 f500 | c348 8b43 | 1848 85c0 | 0f84 1200 | 0000 8b48 | 0883 c102 | 8948 0823 
  0x00000200c679d040: 482c 0f84 | e409 0000 | 493b a770 | 0500 000f | 8748 0000 | 0089 8424 | 00f0 ffff | 8984 2400 
  0x00000200c679d060: e0ff ff89 | 8424 00d0 | ffff 8984 | 2400 c0ff | ff89 8424 | 00b0 ffff | 8984 2400 | a0ff ff89 
  0x00000200c679d080: 8424 0090 | ffff 8984 | 2400 80ff | ff49 3ba7 | 6805 0000 | 7607 4989 | a770 0500 | 0041 c687 
  0x00000200c679d0a0: f104 0000 | 0048 8b5d | e84c 8b5b | 0845 0fb7 | 5b2e 41c1 | e303 492b | e348 83ec | 2048 83e4 
  0x00000200c679d0c0: f04c 8b5b | 604d 85db | 0f85 ab00 | 0000 e805 | 0000 00e9 | 9900 0000 | 488b d348 | 8d44 2408 
  0x00000200c679d0e0: 4c89 6dc0 | 498b cfc5 | f877 4989 | af38 0400 | 0049 8987 | 2804 0000 | 4883 ec20 | 40f6 c40f 
  0x00000200c679d100: 0f84 1900 | 0000 4883 | ec08 48b8 | 704b 1997 | fc7f 0000 | ffd0 4883 | c408 e90c | 0000 0048 
  0x00000200c679d120: b870 4b19 | 97fc 7f00 | 00ff d048 | 83c4 2049 | c787 2804 | 0000 0000 | 0000 49c7 | 8738 0400 
  0x00000200c679d140: 0000 0000 | 0049 c787 | 3004 0000 | 0000 0000 | c5f8 7749 | 837f 0800 | 0f84 0500 | 0000 e97d 
  0x00000200c679d160: 40ff ff4c | 8b6d c04c | 8b75 c84e | 8d74 f500 | c348 8b5d | e84c 8b5b | 6041 ffd3 | 488b 5de8 
  0x00000200c679d180: 4889 4518 | 440f b75b | 2c41 f6c3 | 080f 841b | 0000 004c | 8b5b 084d | 8b5b 084d | 8b5b 184d 
  0x00000200c679d1a0: 8b5b 704d | 8b1b 4c89 | 5d10 488d | 5510 488b | 4358 49ba | 4015 5497 | fc7f 0000 | 493b c20f 
  0x00000200c679d1c0: 85ab 0000 | 00e8 0500 | 0000 e999 | 0000 0048 | 8bd3 488d | 4424 084c | 896d c049 | 8bcf c5f8 
  0x00000200c679d1e0: 7749 89af | 3804 0000 | 4989 8728 | 0400 0048 | 83ec 2040 | f6c4 0f0f | 8419 0000 | 0048 83ec 
  0x00000200c679d200: 0848 b870 | 4b19 97fc | 7f00 00ff | d048 83c4 | 08e9 0c00 | 0000 48b8 | 704b 1997 | fc7f 0000 
  0x00000200c679d220: ffd0 4883 | c420 49c7 | 8728 0400 | 0000 0000 | 0049 c787 | 3804 0000 | 0000 0000 | 49c7 8730 
  0x00000200c679d240: 0400 0000 | 0000 00c5 | f877 4983 | 7f08 000f | 8405 0000 | 00e9 863f | ffff 4c8b | 6dc0 4c8b 
  0x00000200c679d260: 75c8 4e8d | 74f5 00c3 | 488b 5de8 | 488b 4358 | 498d 8f48 | 0400 004c | 8d15 d500 | 0000 4d89 
  0x00000200c679d280: 9730 0400 | 00c5 f877 | 4989 af38 | 0400 0049 | 89a7 2804 | 0000 41c7 | 87d4 0400 | 0004 0000 
  0x00000200c679d2a0: 0049 3ba7 | c805 0000 | 7607 4989 | a7c8 0500 | 00ff d049 | 3ba7 c805 | 0000 720b | 49c7 87c8 
  0x00000200c679d2c0: 0500 0000 | 0000 00c5 | f877 4883 | ec10 c5fb | 1104 2448 | 83ec 1048 | 8904 2448 | c744 2408 
  0x00000200c679d2e0: 0000 0000 | 41c7 87d4 | 0400 0005 | 0000 00f0 | 8344 24c0 | 0049 3b6f | 280f 870e | 0000 0041 
  0x00000200c679d300: 83bf d004 | 0000 000f | 8420 0000 | 0049 8bcf | 4c8b e448 | 83ec 2048 | 83e4 f048 | b8a0 af1a 
  0x00000200c679d320: 97fc 7f00 | 00ff d049 | 8be4 4d33 | e441 c787 | d404 0000 | 0800 0000 | 4d8b 97f0 | 0500 0049 
  0x00000200c679d340: 83fa 0074 | 3549 c787 | f005 0000 | 0000 0000 | 41ff e249 | ba60 be79 | c600 0200 | 0041 ffd2 
  0x00000200c679d360: 4883 ec10 | c5fb 1104 | 2448 83ec | 1048 8904 | 2448 c744 | 2408 0000 | 0000 49c7 | 8728 0400 
  0x00000200c679d380: 0000 0000 | 0049 c787 | 3804 0000 | 0000 0000 | 49c7 8730 | 0400 0000 | 0000 00c5 | f877 4d8b 
  0x00000200c679d3a0: 9fb8 0400 | 0041 c783 | 0001 0000 | 0000 0000 | 49bb 5aa7 | 79c6 0002 | 0000 4c3b | 5d18 0f85 
  0x00000200c679d3c0: 5b02 0000 | 488b 0424 | 4883 c410 | 4885 c00f | 8435 0200 | 00a8 030f | 8508 0000 | 0048 8b00 
  0x00000200c679d3e0: e925 0200 | 00a8 010f | 8509 0000 | 0048 8b40 | fee9 1402 | 0000 488b | 40ff 4180 | 7f48 000f 
  0x00000200c679d400: 8405 0200 | 0048 83f8 | 000f 84fb | 0100 004d | 8b5f 384d | 85db 0f84 | 1400 0000 | 4983 eb08 
  0x00000200c679d420: 4d89 5f38 | 4d03 5f40 | 4989 03e9 | da01 0000 | 4881 ecf0 | 0000 0048 | 8904 2448 | 894c 2408 
  0x00000200c679d440: 4889 5424 | 104c 8944 | 2418 4c89 | 4c24 204c | 8954 2428 | 4c89 5c24 | 30c5 fb11 | 4424 40c5 
  0x00000200c679d460: fb11 4c24 | 48c5 fb11 | 5424 50c5 | fb11 5c24 | 58c5 fb11 | 6424 60c5 | fb11 6c24 | 6862 e1ff 
  0x00000200c679d480: 0811 4424 | 0e62 e1ff | 0811 4c24 | 0f62 e1ff | 0811 5424 | 1062 e1ff | 0811 5c24 | 1162 e1ff 
  0x00000200c679d4a0: 0811 6424 | 1262 e1ff | 0811 6c24 | 1362 e1ff | 0811 7424 | 1462 e1ff | 0811 7c24 | 1562 61ff 
  0x00000200c679d4c0: 0811 4424 | 1662 61ff | 0811 4c24 | 1762 61ff | 0811 5424 | 1862 61ff | 0811 5c24 | 1962 61ff 
  0x00000200c679d4e0: 0811 6424 | 1a62 61ff | 0811 6c24 | 1b62 61ff | 0811 7424 | 1c62 61ff | 0811 7c24 | 1d49 8bd7 
  0x00000200c679d500: 488b c848 | 83ec 2040 | f6c4 0f0f | 8419 0000 | 0048 83ec | 0848 b820 | 770d 97fc | 7f00 00ff 
  0x00000200c679d520: d048 83c4 | 08e9 0c00 | 0000 48b8 | 2077 0d97 | fc7f 0000 | ffd0 4883 | c420 6261 | ff08 107c 
  0x00000200c679d540: 241d 6261 | ff08 1074 | 241c 6261 | ff08 106c | 241b 6261 | ff08 1064 | 241a 6261 | ff08 105c 
  0x00000200c679d560: 2419 6261 | ff08 1054 | 2418 6261 | ff08 104c | 2417 6261 | ff08 1044 | 2416 62e1 | ff08 107c 
  0x00000200c679d580: 2415 62e1 | ff08 1074 | 2414 62e1 | ff08 106c | 2413 62e1 | ff08 1064 | 2412 62e1 | ff08 105c 
  0x00000200c679d5a0: 2411 62e1 | ff08 1054 | 2410 62e1 | ff08 104c | 240f 62e1 | ff08 1044 | 240e c5fb | 106c 2468 
  0x00000200c679d5c0: c5fb 1064 | 2460 c5fb | 105c 2458 | c5fb 1054 | 2450 c5fb | 104c 2448 | c5fb 1044 | 2440 4c8b 
  0x00000200c679d5e0: 5c24 304c | 8b54 2428 | 4c8b 4c24 | 204c 8b44 | 2418 488b | 5424 1048 | 8b4c 2408 | 488b 0424 
  0x00000200c679d600: 4881 c4f0 | 0000 00c5 | f877 4889 | 4510 4883 | ec10 4889 | 0424 48c7 | 4424 0800 | 0000 0041 
  0x00000200c679d620: 83bf 5005 | 0000 020f | 85bf 0000 | 0048 81ec | 8000 0000 | 4889 4424 | 7848 894c | 2470 4889 
  0x00000200c679d640: 5424 6848 | 895c 2460 | 4889 6c24 | 5048 8974 | 2448 4889 | 7c24 404c | 8944 2438 | 4c89 4c24 
  0x00000200c679d660: 304c 8954 | 2428 4c89 | 5c24 204c | 8964 2418 | 4c89 6c24 | 104c 8974 | 2408 4c89 | 3c24 4c8b 
  0x00000200c679d680: e448 83ec | 2048 83e4 | f048 b8b0 | fc53 97fc | 7f00 00ff | d049 8be4 | 4c8b 3c24 | 4c8b 7424 
  0x00000200c679d6a0: 084c 8b6c | 2410 4c8b | 6424 184c | 8b5c 2420 | 4c8b 5424 | 284c 8b4c | 2430 4c8b | 4424 3848 
  0x00000200c679d6c0: 8b7c 2440 | 488b 7424 | 4848 8b6c | 2450 488b | 5c24 6048 | 8b54 2468 | 488b 4c24 | 7048 8b44 
  0x00000200c679d6e0: 2478 4881 | c480 0000 | 004d 33e4 | 488b 5de8 | 4c8b 6b08 | 4d8d 6d38 | 4983 7f08 | 000f 84bb 
  0x00000200c679d700: 0000 00e8 | 0500 0000 | e996 0000 | 0048 8d44 | 2408 4c89 | 6dc0 498b | cfc5 f877 | 4989 af38 
  0x00000200c679d720: 0400 0049 | 8987 2804 | 0000 4883 | ec20 40f6 | c40f 0f84 | 1900 0000 | 4883 ec08 | 48b8 b069 
  0x00000200c679d740: 1997 fc7f | 0000 ffd0 | 4883 c408 | e90c 0000 | 0048 b8b0 | 6919 97fc | 7f00 00ff | d048 83c4 
  0x00000200c679d760: 2049 c787 | 2804 0000 | 0000 0000 | 49c7 8738 | 0400 0000 | 0000 0049 | c787 3004 | 0000 0000 
  0x00000200c679d780: 0000 c5f8 | 7749 837f | 0800 0f84 | 0500 0000 | e94b 3aff | ff4c 8b6d | c04c 8b75 | c84e 8d74 
  0x00000200c679d7a0: f500 c348 | b948 087d | 97fc 7f00 | 0048 83e4 | f048 b800 | 9140 97fc | 7f00 00ff | d0f4 440f 
  0x00000200c679d7c0: b75b 2c41 | f6c3 200f | 8472 0100 | 0048 8d55 | a84c 8b5a | 084d 85db | 0f85 bb00 | 0000 e805 
  0x00000200c679d7e0: 0000 00e9 | 9600 0000 | 488d 4424 | 084c 896d | c049 8bcf | c5f8 7749 | 89af 3804 | 0000 4989 
  0x00000200c679d800: 8728 0400 | 0048 83ec | 2040 f6c4 | 0f0f 8419 | 0000 0048 | 83ec 0848 | b8e0 6819 | 97fc 7f00 
  0x00000200c679d820: 00ff d048 | 83c4 08e9 | 0c00 0000 | 48b8 e068 | 1997 fc7f | 0000 ffd0 | 4883 c420 | 49c7 8728 
  0x00000200c679d840: 0400 0000 | 0000 0049 | c787 3804 | 0000 0000 | 0000 49c7 | 8730 0400 | 0000 0000 | 00c5 f877 
  0x00000200c679d860: 4983 7f08 | 000f 8405 | 0000 00e9 | 7039 ffff | 4c8b 6dc0 | 4c8b 75c8 | 4e8d 74f5 | 00c3 48b9 
  0x00000200c679d880: 4808 7d97 | fc7f 0000 | 4883 e4f0 | 48b8 0091 | 4097 fc7f | 0000 ffd0 | f44c 896d | c04c 8b4a 
  0x00000200c679d8a0: 0848 c742 | 0800 0000 | 0045 8b87 | d806 0000 | 4f3b 4c07 | f80f 8542 | 0000 0041 | 83af d806 
  0x00000200c679d8c0: 0000 084f | 3b4c 07f0 | 0f84 2a00 | 0000 498b | 01a8 020f | 8512 0000 | 004c 8bc0 | 4983 c801 
  0x00000200c679d8e0: f04d 0fb1 | 010f 840d | 0000 0041 | 8387 d806 | 0000 08e9 | 0500 0000 | e93e 0000 | 004c 894a 
  0x00000200c679d900: 0848 8bca | 4883 ec20 | 40f6 c40f | 0f84 1900 | 0000 4883 | ec08 48b8 | 303b 1997 | fc7f 0000 
  0x00000200c679d920: ffd0 4883 | c408 e90c | 0000 0048 | b830 3b19 | 97fc 7f00 | 00ff d048 | 83c4 204c | 8b6d c041 
  0x00000200c679d940: c687 9603 | 0000 0149 | 3b6f 280f | 8705 0000 | 00e9 ab00 | 0000 4883 | ec10 c5fb | 1104 2448 
  0x00000200c679d960: 83ec 1048 | 8904 2448 | c744 2408 | 0000 0000 | c5f8 7749 | 89af 3804 | 0000 49ba | 70d9 79c6 
  0x00000200c679d980: 0002 0000 | 4d89 9730 | 0400 0049 | 89a7 2804 | 0000 498b | cf48 83ec | 2040 f6c4 | 0f0f 8419 
  0x00000200c679d9a0: 0000 0048 | 83ec 0848 | b8d0 2119 | 97fc 7f00 | 00ff d048 | 83c4 08e9 | 0c00 0000 | 48b8 d021 
  0x00000200c679d9c0: 1997 fc7f | 0000 ffd0 | 4883 c420 | 49c7 8728 | 0400 0000 | 0000 0049 | c787 3804 | 0000 0000 
  0x00000200c679d9e0: 0000 49c7 | 8730 0400 | 0000 0000 | 00c5 f877 | 488b 0424 | 4883 c410 | c5fb 1004 | 2448 83c4 
  0x00000200c679da00: 1048 8b04 | 2448 83c4 | 10c5 fb10 | 0424 4883 | c410 4c8b | 5d18 41ff | d34c 8b5d | f8c9 41c6 
  0x00000200c679da20: 8796 0300 | 0000 5f49 | 8be3 ffe7 | ba00 0000 | 00e8 0500 | 0000 e996 | 0000 0048 | 8d44 2408 
  0x00000200c679da40: 4c89 6dc0 | 498b cfc5 | f877 4989 | af38 0400 | 0049 8987 | 2804 0000 | 4883 ec20 | 40f6 c40f 
  0x00000200c679da60: 0f84 1900 | 0000 4883 | ec08 48b8 | 2031 1997 | fc7f 0000 | ffd0 4883 | c408 e90c | 0000 0048 
  0x00000200c679da80: b820 3119 | 97fc 7f00 | 00ff d048 | 83c4 2049 | c787 2804 | 0000 0000 | 0000 49c7 | 8738 0400 
  0x00000200c679daa0: 0000 0000 | 0049 c787 | 3004 0000 | 0000 0000 | c5f8 7749 | 837f 0800 | 0f84 0500 | 0000 e91d 
  0x00000200c679dac0: 37ff ff4c | 8b6d c04c | 8b75 c84e | 8d74 f500 | c348 8b5d | e8e9 6ef5 | ffff 660f | 1f44 0000 
[/MachCode]

---------------  P R O C E S S  ---------------

Threads class SMR info:
_java_thread_list=0x00000200e5c2f7c0, length=24, elements={
0x00000200b525db90, 0x00000200d7324ac0, 0x00000200d73263f0, 0x00000200d732a700,
0x00000200d732b3f0, 0x00000200d732c9a0, 0x00000200d734f6c0, 0x00000200d735beb0,
0x00000200d73723a0, 0x00000200d7b0e010, 0x00000200dd47a190, 0x00000200dd49d8f0,
0x00000200dca856d0, 0x00000200dd1fa750, 0x00000200dcbe3cb0, 0x00000200dcc7bd80,
0x00000200dc69a850, 0x00000200dd049de0, 0x00000200dde3e100, 0x00000200e50b2d90,
0x00000200e50b0e50, 0x00000200d7ce9f30, 0x00000200e5750c30, 0x00000200e5747f90
}

Java Threads: ( => current thread )
  0x00000200b525db90 JavaThread "main"                              [_thread_blocked, id=29324, stack(0x000000b9d0600000,0x000000b9d0700000) (1024K)]
  0x00000200d7324ac0 JavaThread "Reference Handler"          daemon [_thread_blocked, id=28516, stack(0x000000b9d0e00000,0x000000b9d0f00000) (1024K)]
  0x00000200d73263f0 JavaThread "Finalizer"                  daemon [_thread_blocked, id=24928, stack(0x000000b9d0f00000,0x000000b9d1000000) (1024K)]
  0x00000200d732a700 JavaThread "Signal Dispatcher"          daemon [_thread_blocked, id=19672, stack(0x000000b9d1000000,0x000000b9d1100000) (1024K)]
  0x00000200d732b3f0 JavaThread "Attach Listener"            daemon [_thread_blocked, id=8684, stack(0x000000b9d1100000,0x000000b9d1200000) (1024K)]
  0x00000200d732c9a0 JavaThread "Service Thread"             daemon [_thread_blocked, id=22476, stack(0x000000b9d1200000,0x000000b9d1300000) (1024K)]
  0x00000200d734f6c0 JavaThread "Monitor Deflation Thread"   daemon [_thread_blocked, id=4008, stack(0x000000b9d1300000,0x000000b9d1400000) (1024K)]
  0x00000200d735beb0 JavaThread "C2 CompilerThread0"         daemon [_thread_blocked, id=17500, stack(0x000000b9d1400000,0x000000b9d1500000) (1024K)]
  0x00000200d73723a0 JavaThread "C1 CompilerThread0"         daemon [_thread_blocked, id=17004, stack(0x000000b9d1500000,0x000000b9d1600000) (1024K)]
  0x00000200d7b0e010 JavaThread "Common-Cleaner"             daemon [_thread_blocked, id=4596, stack(0x000000b9d1600000,0x000000b9d1700000) (1024K)]
  0x00000200dd47a190 JavaThread "Monitor Ctrl-Break"         daemon [_thread_in_native, id=28484, stack(0x000000b9d1900000,0x000000b9d1a00000) (1024K)]
  0x00000200dd49d8f0 JavaThread "Notification Thread"        daemon [_thread_blocked, id=12248, stack(0x000000b9d1a00000,0x000000b9d1b00000) (1024K)]
  0x00000200dca856d0 JavaThread "QuantumRenderer-0"          daemon [_thread_blocked, id=22348, stack(0x000000b9d1700000,0x000000b9d1800000) (1024K)]
  0x00000200dd1fa750 JavaThread "InvokeLaterDispatcher"      daemon [_thread_blocked, id=21984, stack(0x000000b9d1800000,0x000000b9d1900000) (1024K)]
  0x00000200dcbe3cb0 JavaThread "JavaFX Application Thread"         [_thread_in_native, id=7848, stack(0x000000b9d1b00000,0x000000b9d1c00000) (1024K)]
  0x00000200dcc7bd80 JavaThread "Thread-1"                   daemon [_thread_in_native, id=29104, stack(0x000000b9d2400000,0x000000b9d2500000) (1024K)]
  0x00000200dc69a850 JavaThread "JavaFX-Launcher"                   [_thread_blocked, id=21116, stack(0x000000b9d2500000,0x000000b9d2600000) (1024K)]
  0x00000200dd049de0 JavaThread "Prism Font Disposer"        daemon [_thread_blocked, id=26432, stack(0x000000b9d2600000,0x000000b9d2700000) (1024K)]
  0x00000200dde3e100 JavaThread "Cleaner-0"                  daemon [_thread_blocked, id=6528, stack(0x000000b9d2f00000,0x000000b9d3000000) (1024K)]
  0x00000200e50b2d90 JavaThread "JNA Cleaner"                daemon [_thread_blocked, id=22260, stack(0x000000b9d3400000,0x000000b9d3500000) (1024K)]
  0x00000200e50b0e50 JavaThread "mysql-cj-abandoned-connection-cleanup" daemon [_thread_blocked, id=11812, stack(0x000000b9d2700000,0x000000b9d2800000) (1024K)]
  0x00000200d7ce9f30 JavaThread "JavaCPP Deallocator"        daemon [_thread_blocked, id=19520, stack(0x000000b9d3c00000,0x000000b9d3d00000) (1024K)]
  0x00000200e5750c30 JavaThread "Java2D Disposer"            daemon [_thread_blocked, id=25548, stack(0x000000b9d6100000,0x000000b9d6200000) (1024K)]
=>0x00000200e5747f90 JavaThread "Thread-113"                        [_thread_in_native, id=29304, stack(0x000000b9d6300000,0x000000b9d6400000) (1024K)]
Total: 24

Other Threads:
  0x00000200d730eb30 VMThread "VM Thread"                           [id=19192, stack(0x000000b9d0d00000,0x000000b9d0e00000) (1024K)]
  0x00000200d7301280 WatcherThread "VM Periodic Task Thread"        [id=27384, stack(0x000000b9d0c00000,0x000000b9d0d00000) (1024K)]
  0x00000200b52d3570 WorkerThread "GC Thread#0"                     [id=18304, stack(0x000000b9d0700000,0x000000b9d0800000) (1024K)]
  0x00000200dcf67170 WorkerThread "GC Thread#1"                     [id=7172, stack(0x000000b9d2900000,0x000000b9d2a00000) (1024K)]
  0x00000200dcf67e60 WorkerThread "GC Thread#2"                     [id=10252, stack(0x000000b9d2a00000,0x000000b9d2b00000) (1024K)]
  0x00000200dcf65790 WorkerThread "GC Thread#3"                     [id=3244, stack(0x000000b9d2b00000,0x000000b9d2c00000) (1024K)]
  0x00000200dcf682b0 WorkerThread "GC Thread#4"                     [id=29468, stack(0x000000b9d2c00000,0x000000b9d2d00000) (1024K)]
  0x00000200dcf64ef0 WorkerThread "GC Thread#5"                     [id=20224, stack(0x000000b9d2d00000,0x000000b9d2e00000) (1024K)]
  0x00000200dcf65340 WorkerThread "GC Thread#6"                     [id=22732, stack(0x000000b9d2e00000,0x000000b9d2f00000) (1024K)]
  0x00000200ddfcdf30 WorkerThread "GC Thread#7"                     [id=28248, stack(0x000000b9d3d00000,0x000000b9d3e00000) (1024K)]
  0x00000200b52e4230 ConcurrentGCThread "G1 Main Marker"            [id=1496, stack(0x000000b9d0800000,0x000000b9d0900000) (1024K)]
  0x00000200b52e5d80 WorkerThread "G1 Conc#0"                       [id=27408, stack(0x000000b9d0900000,0x000000b9d0a00000) (1024K)]
  0x00000200ddfccdf0 WorkerThread "G1 Conc#1"                       [id=4956, stack(0x000000b9d3e00000,0x000000b9d3f00000) (1024K)]
  0x00000200d71d0f80 ConcurrentGCThread "G1 Refine#0"               [id=13856, stack(0x000000b9d0a00000,0x000000b9d0b00000) (1024K)]
  0x00000200d71d1a90 ConcurrentGCThread "G1 Service"                [id=18888, stack(0x000000b9d0b00000,0x000000b9d0c00000) (1024K)]
Total: 15

Threads with active compile tasks:
Total: 0

VM state: not at safepoint (normal execution)

VM Mutex/Monitor currently owned by a thread: None

Heap address: 0x00000006c4000000, size: 5056 MB, Compressed Oops mode: Zero based, Oop shift amount: 3

CDS archive(s) mapped at: [0x0000000039000000-0x0000000039dd0000-0x0000000039dd0000), size 14483456, SharedBaseAddress: 0x0000000039000000, ArchiveRelocationMode: 1.
Compressed class space mapped at: 0x000000003a000000-0x000000007a000000, reserved size: 1073741824
UseCompressedClassPointers 1, UseCompactObjectHeaders 0
Narrow klass pointer bits 32, Max shift 3
Narrow klass base: 0x0000000039000000, Narrow klass shift: 0
Encoding Range: [0x0000000039000000 - 0x0000000139000000), (4294967296 bytes)
Klass Range:    [0x0000000039010000 - 0x000000007a000000), (1090453504 bytes)
Klass ID Range:  [65536 - 1090519033) (1090453497)
Protection zone: [0x0000000039000000 - 0x0000000039010000), (65536 bytes)

GC Precious Log:
 CardTable entry size: 512
 Card Set container configuration: InlinePtr #cards 4 size 8 Array Of Cards #cards 32 size 80 Howl #buckets 8 coarsen threshold 7372 Howl Bitmap #cards 1024 size 144 coarsen threshold 921 Card regions per heap region 1 cards per card region 8192
 CPUs: 8 total, 8 available
 Memory: 20218M
 Large Page Support: Disabled
 NUMA Support: Disabled
 Compressed Oops: Enabled (Zero based)
 Heap Region Size: 4M
 Heap Min Capacity: 8M
 Heap Initial Capacity: 316M
 Heap Max Capacity: 5056M
 Pre-touch: Disabled
 Parallel Workers: 8
 Concurrent Workers: 2
 Concurrent Refinement Workers: 8
 Periodic GC: Disabled

Heap:
 garbage-first heap   total reserved 5177344K, committed 122880K, used 79991K [0x00000006c4000000, 0x0000000800000000)
  region size 4096K, 18 young (73728K), 2 survivors (8192K)

Heap Regions: E=young(eden), S=young(survivor), O=old, HS=humongous(starts), HC=humongous(continues), CS=collection set, F=free, TAMS=top-at-mark-start, PB=parsable bottom
|   0|0x00000006c4000000, 0x00000006c4400000, 0x00000006c4400000|100%| O|  |TAMS 0x00000006c4000000| PB 0x00000006c4000000| Untracked |  0
|   1|0x00000006c4400000, 0x00000006c4800000, 0x00000006c4800000|100%| O|  |TAMS 0x00000006c4400000| PB 0x00000006c4400000| Untracked |  0
|   2|0x00000006c4800000, 0x00000006c491a4e0, 0x00000006c4c00000| 27%| O|  |TAMS 0x00000006c4800000| PB 0x00000006c4800000| Untracked |  0
|   3|0x00000006c4c00000, 0x00000006c4c00000, 0x00000006c5000000|  0%| F|  |TAMS 0x00000006c4c00000| PB 0x00000006c4c00000| Untracked |  0
|   4|0x00000006c5000000, 0x00000006c5000000, 0x00000006c5400000|  0%| F|  |TAMS 0x00000006c5000000| PB 0x00000006c5000000| Untracked |  0
|   5|0x00000006c5400000, 0x00000006c5400000, 0x00000006c5800000|  0%| F|  |TAMS 0x00000006c5400000| PB 0x00000006c5400000| Untracked |  0
|   6|0x00000006c5800000, 0x00000006c5800000, 0x00000006c5c00000|  0%| F|  |TAMS 0x00000006c5800000| PB 0x00000006c5800000| Untracked |  0
|   7|0x00000006c5c00000, 0x00000006c5c00000, 0x00000006c6000000|  0%| F|  |TAMS 0x00000006c5c00000| PB 0x00000006c5c00000| Untracked |  0
|   8|0x00000006c6000000, 0x00000006c6103ab0, 0x00000006c6400000| 25%| S|CS|TAMS 0x00000006c6000000| PB 0x00000006c6000000| Complete |  0
|   9|0x00000006c6400000, 0x00000006c6400000, 0x00000006c6800000|  0%| F|  |TAMS 0x00000006c6400000| PB 0x00000006c6400000| Untracked |  0
|  10|0x00000006c6800000, 0x00000006c6c00000, 0x00000006c6c00000|100%| S|CS|TAMS 0x00000006c6800000| PB 0x00000006c6800000| Complete |  0
|  11|0x00000006c6c00000, 0x00000006c6c00000, 0x00000006c7000000|  0%| F|  |TAMS 0x00000006c6c00000| PB 0x00000006c6c00000| Untracked |  0
|  12|0x00000006c7000000, 0x00000006c7339030, 0x00000006c7400000| 80%| E|  |TAMS 0x00000006c7000000| PB 0x00000006c7000000| Complete |  0
|  13|0x00000006c7400000, 0x00000006c7739030, 0x00000006c7800000| 80%| E|  |TAMS 0x00000006c7400000| PB 0x00000006c7400000| Complete |  0
|  14|0x00000006c7800000, 0x00000006c7c00000, 0x00000006c7c00000|100%| E|CS|TAMS 0x00000006c7800000| PB 0x00000006c7800000| Complete |  0
|  15|0x00000006c7c00000, 0x00000006c8000000, 0x00000006c8000000|100%| E|CS|TAMS 0x00000006c7c00000| PB 0x00000006c7c00000| Complete |  0
|  16|0x00000006c8000000, 0x00000006c8400000, 0x00000006c8400000|100%| E|CS|TAMS 0x00000006c8000000| PB 0x00000006c8000000| Complete |  0
|  17|0x00000006c8400000, 0x00000006c8800000, 0x00000006c8800000|100%| E|CS|TAMS 0x00000006c8400000| PB 0x00000006c8400000| Complete |  0
|  18|0x00000006c8800000, 0x00000006c8c00000, 0x00000006c8c00000|100%| E|CS|TAMS 0x00000006c8800000| PB 0x00000006c8800000| Complete |  0
|  19|0x00000006c8c00000, 0x00000006c9000000, 0x00000006c9000000|100%| E|CS|TAMS 0x00000006c8c00000| PB 0x00000006c8c00000| Complete |  0
|  20|0x00000006c9000000, 0x00000006c9400000, 0x00000006c9400000|100%| E|CS|TAMS 0x00000006c9000000| PB 0x00000006c9000000| Complete |  0
|  43|0x00000006cec00000, 0x00000006cf000000, 0x00000006cf000000|100%| E|CS|TAMS 0x00000006cec00000| PB 0x00000006cec00000| Complete |  0
|  44|0x00000006cf000000, 0x00000006cf400000, 0x00000006cf400000|100%| E|CS|TAMS 0x00000006cf000000| PB 0x00000006cf000000| Complete |  0
|  45|0x00000006cf400000, 0x00000006cf800000, 0x00000006cf800000|100%| E|CS|TAMS 0x00000006cf400000| PB 0x00000006cf400000| Complete |  0
|  46|0x00000006cf800000, 0x00000006cfc00000, 0x00000006cfc00000|100%| E|CS|TAMS 0x00000006cf800000| PB 0x00000006cf800000| Complete |  0
|  47|0x00000006cfc00000, 0x00000006d0000000, 0x00000006d0000000|100%| E|CS|TAMS 0x00000006cfc00000| PB 0x00000006cfc00000| Complete |  0
|  78|0x00000006d7800000, 0x00000006d7c00000, 0x00000006d7c00000|100%| E|CS|TAMS 0x00000006d7800000| PB 0x00000006d7800000| Complete |  0
|1261|0x00000007ff400000, 0x00000007ff800000, 0x00000007ff800000|100%| O|  |TAMS 0x00000007ff400000| PB 0x00000007ff400000| Untracked |  0
|1262|0x00000007ff800000, 0x00000007ffc00000, 0x00000007ffc00000|100%| O|  |TAMS 0x00000007ff800000| PB 0x00000007ff800000| Untracked |  0
|1263|0x00000007ffc00000, 0x0000000800000000, 0x0000000800000000|100%| E|CS|TAMS 0x00000007ffc00000| PB 0x00000007ffc00000| Complete |  0

Card table byte_map: [0x00000200cf6a0000,0x00000200d0080000] _byte_map_base: 0x00000200cc080000

Marking Bits: (CMBitMap*) 0x00000200b52d3d00
 Bits: [0x00000200d0080000, 0x00000200d4f80000)

Polling page: 0x00000200b4fa0000

Metaspace:
Metaspace        used 32258K, committed 32448K, reserved 1114112K
 class space     used 3747K, committed 3840K, reserved 1048576K

Usage:
  Non-class:     27.84 MB used.
      Class:      3.66 MB used.
       Both:     31.50 MB used.

Virtual space:
  Non-class space:       64.00 MB reserved,      27.94 MB ( 44%) committed,  1 nodes.
      Class space:        1.00 GB reserved,       3.75 MB ( <1%) committed,  1 nodes.
             Both:        1.06 GB reserved,      31.69 MB (  3%) committed. 

Chunk freelists:
   Non-Class:  4.02 MB
       Class:  12.19 MB
        Both:  16.20 MB

MaxMetaspaceSize: unlimited
CompressedClassSpaceSize: 1.00 GB
Initial GC threshold: 21.00 MB
Current GC threshold: 35.56 MB
CDS: on
 - commit_granule_bytes: 65536.
 - commit_granule_words: 8192.
 - virtual_space_node_default_size: 8388608.
 - enlarge_chunks_in_place: 1.
UseCompressedClassPointers 1, UseCompactObjectHeaders 0
Narrow klass pointer bits 32, Max shift 3
Narrow klass base: 0x0000000039000000, Narrow klass shift: 0
Encoding Range: [0x0000000039000000 - 0x0000000139000000), (4294967296 bytes)
Klass Range:    [0x0000000039010000 - 0x000000007a000000), (1090453504 bytes)
Klass ID Range:  [65536 - 1090519033) (1090453497)
Protection zone: [0x0000000039000000 - 0x0000000039010000), (65536 bytes)


Internal statistics:

num_allocs_failed_limit: 5.
num_arena_births: 176.
num_arena_deaths: 0.
num_vsnodes_births: 2.
num_vsnodes_deaths: 0.
num_space_committed: 505.
num_space_uncommitted: 0.
num_chunks_returned_to_freelist: 5.
num_chunks_taken_from_freelist: 1097.
num_chunk_merges: 5.
num_chunk_splits: 861.
num_chunks_enlarged: 754.
num_inconsistent_stats: 0.

CodeHeap 'non-profiled nmethods': size=120064Kb used=2079Kb max_used=2079Kb free=117984Kb
 bounds [0x00000200c6d20000, 0x00000200c6f90000, 0x00000200ce260000]
CodeHeap 'profiled nmethods': size=120000Kb used=7946Kb max_used=7946Kb free=112054Kb
 bounds [0x00000200bf260000, 0x00000200bfa30000, 0x00000200c6790000]
CodeHeap 'non-nmethods': size=5696Kb used=2976Kb max_used=3027Kb free=2719Kb
 bounds [0x00000200c6790000, 0x00000200c6a90000, 0x00000200c6d20000]
CodeCache: size=245760Kb, used=13001Kb, max_used=13052Kb, free=232757Kb
 total_blobs=6372, nmethods=4746, adapters=1527, full_count=0
Compilation: enabled, stopped_count=0, restarted_count=0

Compilation events (20 events):
Event: 22.957 Thread 0x00000200d735beb0 4878       4       java.util.concurrent.locks.AbstractQueuedSynchronizer$Node::setStatusRelaxed (12 bytes)
Event: 22.958 Thread 0x00000200d735beb0 nmethod 4878 0x00000200c6f26488 code [0x00000200c6f26580, 0x00000200c6f265f8]
Event: 23.035 Thread 0x00000200d73723a0 4879       3       javafx.scene.Scene$MouseHandler::handleEnterExit (369 bytes)
Event: 23.037 Thread 0x00000200d73723a0 nmethod 4879 0x00000200bfa17b88 code [0x00000200bfa17c80, 0x00000200bfa19a68]
Event: 23.083 Thread 0x00000200d73723a0 4880       3       jdk.internal.util.DecimalDigits::uncheckedPutPairLatin1 (31 bytes)
Event: 23.083 Thread 0x00000200d73723a0 nmethod 4880 0x00000200bfa19a88 code [0x00000200bfa19b80, 0x00000200bfa19d08]
Event: 23.115 Thread 0x00000200d73723a0 4881       3       javafx.scene.Scene$TargetWrapper::getCursor (61 bytes)
Event: 23.115 Thread 0x00000200d735beb0 4882       4       com.sun.javafx.UnmodifiableArrayList::get (7 bytes)
Event: 23.116 Thread 0x00000200d73723a0 nmethod 4881 0x00000200bfa19d88 code [0x00000200bfa19e80, 0x00000200bfa1b1b0]
Event: 23.116 Thread 0x00000200d735beb0 nmethod 4882 0x00000200c6f26788 code [0x00000200c6f26880, 0x00000200c6f26948]
Event: 23.135 Thread 0x00000200d73723a0 4883       3       java.lang.invoke.Invokers$Holder::linkToTargetMethod (10 bytes)
Event: 23.136 Thread 0x00000200d73723a0 nmethod 4883 0x00000200bfa1b208 code [0x00000200bfa1b300, 0x00000200bfa1b5f0]
Event: 23.148 Thread 0x00000200d735beb0 4884       4       java.util.concurrent.locks.ReentrantLock$Sync::tryRelease (51 bytes)
Event: 23.150 Thread 0x00000200d735beb0 nmethod 4884 0x00000200c6f26a88 code [0x00000200c6f26b80, 0x00000200c6f26cd8]
Event: 23.163 Thread 0x00000200d73723a0 4885       3       javafx.scene.image.Image$1::getPlatformImage (5 bytes)
Event: 23.163 Thread 0x00000200d73723a0 nmethod 4885 0x00000200bfa1b608 code [0x00000200bfa1b700, 0x00000200bfa1ba48]
Event: 23.163 Thread 0x00000200d73723a0 4886       3       javafx.scene.image.Image::getPlatformImage (19 bytes)
Event: 23.163 Thread 0x00000200d73723a0 nmethod 4886 0x00000200bfa1ba88 code [0x00000200bfa1bb80, 0x00000200bfa1bde8]
Event: 23.163 Thread 0x00000200d73723a0 4887       3       javafx.scene.image.Image$ObjectPropertyImpl::get (10 bytes)
Event: 23.163 Thread 0x00000200d73723a0 nmethod 4887 0x00000200bfa1be08 code [0x00000200bfa1bf00, 0x00000200bfa1c010]

GC Heap Usage History (14 events):
Event: 2.140 {heap Before GC invocations=0 (full 0):
 garbage-first heap   total reserved 5177344K, committed 327680K, used 50323K [0x00000006c4000000, 0x0000000800000000)
  region size 4096K, 12 young (49152K), 0 survivors (0K)
}
Event: 2.145 {heap After GC invocations=1 (full 0):
 garbage-first heap   total reserved 5177344K, committed 327680K, used 8707K [0x00000006c4000000, 0x0000000800000000)
  region size 4096K, 2 young (8192K), 2 survivors (8192K)
}
Event: 14.482 {heap Before GC invocations=1 (full 0):
 garbage-first heap   total reserved 5177344K, committed 327680K, used 123395K [0x00000006c4000000, 0x0000000800000000)
  region size 4096K, 31 young (126976K), 2 survivors (8192K)
}
Event: 14.496 {heap After GC invocations=2 (full 0):
 garbage-first heap   total reserved 5177344K, committed 327680K, used 21923K [0x00000006c4000000, 0x0000000800000000)
  region size 4096K, 5 young (20480K), 5 survivors (20480K)
}
Event: 19.134 {heap Before GC invocations=3 (full 0):
 garbage-first heap   total reserved 5177344K, committed 98304K, used 87459K [0x00000006c4000000, 0x0000000800000000)
  region size 4096K, 22 young (90112K), 5 survivors (20480K)
}
Event: 19.145 {heap After GC invocations=4 (full 0):
 garbage-first heap   total reserved 5177344K, committed 122880K, used 21917K [0x00000006c4000000, 0x0000000800000000)
  region size 4096K, 4 young (16384K), 4 survivors (16384K)
}
Event: 19.910 {heap Before GC invocations=4 (full 0):
 garbage-first heap   total reserved 5177344K, committed 122880K, used 75165K [0x00000006c4000000, 0x0000000800000000)
  region size 4096K, 18 young (73728K), 4 survivors (16384K)
}
Event: 19.918 {heap After GC invocations=5 (full 0):
 garbage-first heap   total reserved 5177344K, committed 122880K, used 23007K [0x00000006c4000000, 0x0000000800000000)
  region size 4096K, 2 young (8192K), 2 survivors (8192K)
}
Event: 20.665 {heap Before GC invocations=5 (full 0):
 garbage-first heap   total reserved 5177344K, committed 122880K, used 80351K [0x00000006c4000000, 0x0000000800000000)
  region size 4096K, 17 young (69632K), 2 survivors (8192K)
}
Event: 20.667 {heap After GC invocations=6 (full 0):
 garbage-first heap   total reserved 5177344K, committed 122880K, used 22570K [0x00000006c4000000, 0x0000000800000000)
  region size 4096K, 2 young (8192K), 2 survivors (8192K)
}
Event: 21.668 {heap Before GC invocations=6 (full 0):
 garbage-first heap   total reserved 5177344K, committed 122880K, used 84010K [0x00000006c4000000, 0x0000000800000000)
  region size 4096K, 18 young (73728K), 2 survivors (8192K)
}
Event: 21.669 {heap After GC invocations=7 (full 0):
 garbage-first heap   total reserved 5177344K, committed 122880K, used 19607K [0x00000006c4000000, 0x0000000800000000)
  region size 4096K, 1 young (4096K), 1 survivors (4096K)
}
Event: 22.688 {heap Before GC invocations=7 (full 0):
 garbage-first heap   total reserved 5177344K, committed 122880K, used 85143K [0x00000006c4000000, 0x0000000800000000)
  region size 4096K, 18 young (73728K), 1 survivors (4096K)
}
Event: 22.690 {heap After GC invocations=8 (full 0):
 garbage-first heap   total reserved 5177344K, committed 122880K, used 22647K [0x00000006c4000000, 0x0000000800000000)
  region size 4096K, 2 young (8192K), 2 survivors (8192K)
}

Metaspace Usage History (14 events):
Event: 2.140 {metaspace Before GC invocations=0 (full 0):
 Metaspace       used 7306K, committed 7552K, reserved 1114112K
  class space    used 1002K, committed 1152K, reserved 1048576K
}
Event: 2.145 {metaspace After GC invocations=1 (full 0):
 Metaspace       used 7306K, committed 7552K, reserved 1114112K
  class space    used 1002K, committed 1152K, reserved 1048576K
}
Event: 14.482 {metaspace Before GC invocations=1 (full 0):
 Metaspace       used 21216K, committed 21504K, reserved 1114112K
  class space    used 2896K, committed 3008K, reserved 1048576K
}
Event: 14.496 {metaspace After GC invocations=2 (full 0):
 Metaspace       used 21216K, committed 21504K, reserved 1114112K
  class space    used 2896K, committed 3008K, reserved 1048576K
}
Event: 19.134 {metaspace Before GC invocations=3 (full 0):
 Metaspace       used 31029K, committed 31296K, reserved 1114112K
  class space    used 3622K, committed 3712K, reserved 1048576K
}
Event: 19.145 {metaspace After GC invocations=4 (full 0):
 Metaspace       used 31029K, committed 31296K, reserved 1114112K
  class space    used 3622K, committed 3712K, reserved 1048576K
}
Event: 19.910 {metaspace Before GC invocations=4 (full 0):
 Metaspace       used 31058K, committed 31296K, reserved 1114112K
  class space    used 3622K, committed 3712K, reserved 1048576K
}
Event: 19.918 {metaspace After GC invocations=5 (full 0):
 Metaspace       used 31058K, committed 31296K, reserved 1114112K
  class space    used 3622K, committed 3712K, reserved 1048576K
}
Event: 20.665 {metaspace Before GC invocations=5 (full 0):
 Metaspace       used 31078K, committed 31360K, reserved 1114112K
  class space    used 3622K, committed 3712K, reserved 1048576K
}
Event: 20.667 {metaspace After GC invocations=6 (full 0):
 Metaspace       used 31078K, committed 31360K, reserved 1114112K
  class space    used 3622K, committed 3712K, reserved 1048576K
}
Event: 21.668 {metaspace Before GC invocations=6 (full 0):
 Metaspace       used 31135K, committed 31360K, reserved 1114112K
  class space    used 3622K, committed 3712K, reserved 1048576K
}
Event: 21.669 {metaspace After GC invocations=7 (full 0):
 Metaspace       used 31135K, committed 31360K, reserved 1114112K
  class space    used 3622K, committed 3712K, reserved 1048576K
}
Event: 22.688 {metaspace Before GC invocations=7 (full 0):
 Metaspace       used 32188K, committed 32448K, reserved 1114112K
  class space    used 3742K, committed 3840K, reserved 1048576K
}
Event: 22.690 {metaspace After GC invocations=8 (full 0):
 Metaspace       used 32188K, committed 32448K, reserved 1114112K
  class space    used 3742K, committed 3840K, reserved 1048576K
}

Dll operation events (20 events):
Event: 15.066 Loaded shared library C:\Users\jedch\.javacpp\cache\opencv-4.9.0-1.5.10-windows-x86_64.jar\org\bytedeco\opencv\windows-x86_64\opencv_videoio490.dll
Event: 15.076 Loaded shared library C:\Users\jedch\.javacpp\cache\opencv-4.9.0-1.5.10-windows-x86_64.jar\org\bytedeco\opencv\windows-x86_64\jniopencv_videoio.dll
Event: 18.201 Loaded shared library C:\Users\jedch\.javacpp\cache\opencv-4.9.0-1.5.10-windows-x86_64.jar\org\bytedeco\opencv\windows-x86_64\opencv_highgui490.dll
Event: 18.217 Loaded shared library C:\Users\jedch\.javacpp\cache\opencv-4.9.0-1.5.10-windows-x86_64.jar\org\bytedeco\opencv\windows-x86_64\jniopencv_highgui.dll
Event: 18.247 Loaded shared library C:\Users\jedch\.javacpp\cache\opencv-4.9.0-1.5.10-windows-x86_64.jar\org\bytedeco\opencv\windows-x86_64\opencv_flann490.dll
Event: 18.262 Loaded shared library C:\Users\jedch\.javacpp\cache\opencv-4.9.0-1.5.10-windows-x86_64.jar\org\bytedeco\opencv\windows-x86_64\jniopencv_flann.dll
Event: 18.300 Loaded shared library C:\Users\jedch\.javacpp\cache\opencv-4.9.0-1.5.10-windows-x86_64.jar\org\bytedeco\opencv\windows-x86_64\opencv_features2d490.dll
Event: 18.312 Loaded shared library C:\Users\jedch\.javacpp\cache\opencv-4.9.0-1.5.10-windows-x86_64.jar\org\bytedeco\opencv\windows-x86_64\jniopencv_features2d.dll
Event: 18.346 Loaded shared library C:\Users\jedch\.javacpp\cache\opencv-4.9.0-1.5.10-windows-x86_64.jar\org\bytedeco\opencv\windows-x86_64\opencv_calib3d490.dll
Event: 18.360 Loaded shared library C:\Users\jedch\.javacpp\cache\opencv-4.9.0-1.5.10-windows-x86_64.jar\org\bytedeco\opencv\windows-x86_64\jniopencv_calib3d.dll
Event: 18.381 Loaded shared library C:\Users\jedch\.javacpp\cache\opencv-4.9.0-1.5.10-windows-x86_64.jar\org\bytedeco\opencv\windows-x86_64\opencv_dnn490.dll
Event: 18.395 Loaded shared library C:\Users\jedch\.javacpp\cache\opencv-4.9.0-1.5.10-windows-x86_64.jar\org\bytedeco\opencv\windows-x86_64\jniopencv_dnn.dll
Event: 18.475 Loaded shared library C:\Users\jedch\.javacpp\cache\opencv-4.9.0-1.5.10-windows-x86_64.jar\org\bytedeco\opencv\windows-x86_64\opencv_objdetect490.dll
Event: 18.490 Loaded shared library C:\Users\jedch\.javacpp\cache\opencv-4.9.0-1.5.10-windows-x86_64.jar\org\bytedeco\opencv\windows-x86_64\jniopencv_objdetect.dll
Event: 18.739 Loaded shared library C:\Users\jedch\.jdks\openjdk-25.0.2\bin\awt.dll
Event: 22.088 Loaded shared library C:\Users\jedch\.jdks\openjdk-25.0.2\bin\javajpeg.dll
Event: 22.588 Loaded shared library C:\Users\jedch\.javacpp\cache\opencv-4.9.0-1.5.10-windows-x86_64.jar\org\bytedeco\opencv\windows-x86_64\opencv_photo490.dll
Event: 22.601 Loaded shared library C:\Users\jedch\.javacpp\cache\opencv-4.9.0-1.5.10-windows-x86_64.jar\org\bytedeco\opencv\windows-x86_64\jniopencv_photo.dll
Event: 22.666 Loaded shared library C:\Users\jedch\.javacpp\cache\opencv-4.9.0-1.5.10-windows-x86_64.jar\org\bytedeco\opencv\windows-x86_64\opencv_face490.dll
Event: 22.679 Loaded shared library C:\Users\jedch\.javacpp\cache\opencv-4.9.0-1.5.10-windows-x86_64.jar\org\bytedeco\opencv\windows-x86_64\jniopencv_face.dll

Deoptimization events (20 events):
Event: 22.701 Thread 0x00000200e574cdb0 Uncommon trap: trap_request=0xffffffbe fr.pc=0x00000200c6f18798 relative=0x0000000000000318
Event: 22.701 Thread 0x00000200e574cdb0 Uncommon trap: reason=profile_predicate action=maybe_recompile pc=0x00000200c6f18798 method=java.util.regex.Pattern$BnM.optimize(Ljava/util/regex/Pattern$Node;)Ljava/util/regex/Pattern$Node; @ 67 c2
Event: 22.701 Thread 0x00000200e574cdb0 DEOPT PACKING pc=0x00000200c6f18798 sp=0x000000b9d59f8220
Event: 22.701 Thread 0x00000200e574cdb0 DEOPT UNPACKING pc=0x00000200c68bf482 sp=0x000000b9d59f81a8 mode 2
Event: 22.701 Thread 0x00000200e574cdb0 Uncommon trap: trap_request=0xffffffbe fr.pc=0x00000200c6f18798 relative=0x0000000000000318
Event: 22.701 Thread 0x00000200e574cdb0 Uncommon trap: reason=profile_predicate action=maybe_recompile pc=0x00000200c6f18798 method=java.util.regex.Pattern$BnM.optimize(Ljava/util/regex/Pattern$Node;)Ljava/util/regex/Pattern$Node; @ 67 c2
Event: 22.701 Thread 0x00000200e574cdb0 DEOPT PACKING pc=0x00000200c6f18798 sp=0x000000b9d59f8220
Event: 22.701 Thread 0x00000200e574cdb0 DEOPT UNPACKING pc=0x00000200c68bf482 sp=0x000000b9d59f81a8 mode 2
Event: 22.701 Thread 0x00000200e574cdb0 Uncommon trap: trap_request=0xffffffbe fr.pc=0x00000200c6f18798 relative=0x0000000000000318
Event: 22.701 Thread 0x00000200e574cdb0 Uncommon trap: reason=profile_predicate action=maybe_recompile pc=0x00000200c6f18798 method=java.util.regex.Pattern$BnM.optimize(Ljava/util/regex/Pattern$Node;)Ljava/util/regex/Pattern$Node; @ 67 c2
Event: 22.701 Thread 0x00000200e574cdb0 DEOPT PACKING pc=0x00000200c6f18798 sp=0x000000b9d59f8220
Event: 22.701 Thread 0x00000200e574cdb0 DEOPT UNPACKING pc=0x00000200c68bf482 sp=0x000000b9d59f81a8 mode 2
Event: 22.701 Thread 0x00000200e574cdb0 Uncommon trap: trap_request=0xffffffbe fr.pc=0x00000200c6f18798 relative=0x0000000000000318
Event: 22.701 Thread 0x00000200e574cdb0 Uncommon trap: reason=profile_predicate action=maybe_recompile pc=0x00000200c6f18798 method=java.util.regex.Pattern$BnM.optimize(Ljava/util/regex/Pattern$Node;)Ljava/util/regex/Pattern$Node; @ 67 c2
Event: 22.701 Thread 0x00000200e574cdb0 DEOPT PACKING pc=0x00000200c6f18798 sp=0x000000b9d59f8220
Event: 22.701 Thread 0x00000200e574cdb0 DEOPT UNPACKING pc=0x00000200c68bf482 sp=0x000000b9d59f81a8 mode 2
Event: 22.778 Thread 0x00000200e5669f40 DEOPT PACKING pc=0x00000200bfa001ff sp=0x000000b9d5ffeab0
Event: 22.778 Thread 0x00000200e5669f40 DEOPT UNPACKING pc=0x00000200c67e12a2 sp=0x000000b9d5ffdfc8 mode 0
Event: 22.789 Thread 0x00000200e5660300 DEOPT PACKING pc=0x00000200bfa001ff sp=0x000000b9d5afecb0
Event: 22.789 Thread 0x00000200e5660300 DEOPT UNPACKING pc=0x00000200c67e12a2 sp=0x000000b9d5afe1c8 mode 0

Classes loaded (20 events):
Event: 22.480 Loading class com/sun/imageio/plugins/jpeg/SOFMarkerSegment
Event: 22.480 Loading class com/sun/imageio/plugins/jpeg/SOFMarkerSegment done
Event: 22.480 Loading class com/sun/imageio/plugins/jpeg/SOFMarkerSegment$ComponentSpec
Event: 22.480 Loading class com/sun/imageio/plugins/jpeg/SOFMarkerSegment$ComponentSpec done
Event: 22.480 Loading class com/sun/imageio/plugins/jpeg/SOSMarkerSegment
Event: 22.480 Loading class com/sun/imageio/plugins/jpeg/SOSMarkerSegment done
Event: 22.480 Loading class com/sun/imageio/plugins/jpeg/SOSMarkerSegment$ScanComponentSpec
Event: 22.480 Loading class com/sun/imageio/plugins/jpeg/SOSMarkerSegment$ScanComponentSpec done
Event: 22.480 Loading class com/sun/imageio/plugins/jpeg/AdobeMarkerSegment
Event: 22.480 Loading class com/sun/imageio/plugins/jpeg/AdobeMarkerSegment done
Event: 22.480 Loading class com/sun/imageio/plugins/jpeg/DRIMarkerSegment
Event: 22.481 Loading class com/sun/imageio/plugins/jpeg/DRIMarkerSegment done
Event: 22.763 Loading class java/util/Formatter$FormatSpecifierParser
Event: 22.763 Loading class java/util/Formatter$FormatSpecifierParser done
Event: 22.764 Loading class sun/text/resources/cldr/FormatData_en
Event: 22.765 Loading class sun/text/resources/cldr/FormatData_en done
Event: 22.766 Loading class sun/text/resources/cldr/FormatData_en_US
Event: 22.766 Loading class sun/text/resources/cldr/FormatData_en_US done
Event: 22.785 Loading class jdk/internal/event/ThreadSleepEvent
Event: 22.786 Loading class jdk/internal/event/ThreadSleepEvent done

Classes unloaded (0 events):
No events

Classes redefined (0 events):
No events

Internal exceptions (20 events):
Event: 4.637 Thread 0x00000200dcbe3cb0 Exception <a 'java/lang/ClassNotFoundException'{0x00000006d4ceed68}: com/sun/javafx/scene/control/skin/resources/controls_en> (0x00000006d4ceed68) 
thrown [s\open\src\hotspot\share\prims\jni.cpp, line 534]
Event: 4.637 Thread 0x00000200dcbe3cb0 Exception <a 'java/lang/ClassNotFoundException'{0x00000006d4cf0cb0}: com/sun/javafx/scene/control/skin/resources/controls_en_US> (0x00000006d4cf0cb0) 
thrown [s\open\src\hotspot\share\prims\jni.cpp, line 534]
Event: 4.655 Thread 0x00000200dde417b0 Exception <a 'java/lang/NoSuchMethodError'{0x00000006d4c56c48}: 'java.lang.Object java.lang.invoke.DirectMethodHandle$Holder.invokeStaticInit(java.lang.Object, java.lang.Object, int, int, int, int)'> (0x00000006d4c56c48) 
thrown [s\open\src\hotspot\share\interpreter\linkResolver.cpp, line 804]
Event: 4.672 Thread 0x00000200dcbe3cb0 Exception <a 'java/lang/NoSuchMethodError'{0x00000006d401acf0}: 'void java.lang.invoke.DirectMethodHandle$Holder.invokeSpecial(java.lang.Object, java.lang.Object, java.lang.Object, java.lang.Object, java.lang.Object, java.lang.Object)'> (0x00000006d401acf0) 
thrown [s\open\src\hotspot\share\interpreter\linkResolver.cpp, line 804]
Event: 4.743 Thread 0x00000200dde417b0 Implicit null exception at 0x00000200c6d7e436 to 0x00000200c6d7eb94
Event: 4.745 Thread 0x00000200dcbe3cb0 Exception <a 'java/io/FileNotFoundException'{0x00000006d3c867d8}> (0x00000006d3c867d8) 
thrown [s\open\src\hotspot\share\prims\jni.cpp, line 516]
Event: 4.762 Thread 0x00000200dcbe3cb0 Exception <a 'java/io/FileNotFoundException'{0x00000006d3e52658}> (0x00000006d3e52658) 
thrown [s\open\src\hotspot\share\prims\jni.cpp, line 516]
Event: 4.762 Thread 0x00000200dcbe3cb0 Exception <a 'java/io/FileNotFoundException'{0x00000006d3e544a8}> (0x00000006d3e544a8) 
thrown [s\open\src\hotspot\share\prims\jni.cpp, line 516]
Event: 4.764 Thread 0x00000200dcbe3cb0 Exception <a 'java/io/FileNotFoundException'{0x00000006d3e5ae70}> (0x00000006d3e5ae70) 
thrown [s\open\src\hotspot\share\prims\jni.cpp, line 516]
Event: 4.764 Thread 0x00000200dcbe3cb0 Exception <a 'java/io/FileNotFoundException'{0x00000006d3e5ccc0}> (0x00000006d3e5ccc0) 
thrown [s\open\src\hotspot\share\prims\jni.cpp, line 516]
Event: 5.283 Thread 0x00000200dcbe3cb0 Exception <a 'java/lang/NoSuchMethodError'{0x00000006d3fcbd68}: 'void java.lang.invoke.DirectMethodHandle$Holder.invokeVirtual(java.lang.Object, java.lang.Object)'> (0x00000006d3fcbd68) 
thrown [s\open\src\hotspot\share\interpreter\linkResolver.cpp, line 804]
Event: 12.836 Thread 0x00000200dcbe3cb0 Exception <a 'java/lang/NoSuchMethodError'{0x00000006d3adf7a0}: 'java.lang.Object java.lang.invoke.DirectMethodHandle$Holder.invokeInterface(java.lang.Object, java.lang.Object)'> (0x00000006d3adf7a0) 
thrown [s\open\src\hotspot\share\interpreter\linkResolver.cpp, line 804]
Event: 12.876 Thread 0x00000200dcbe3cb0 Exception <a 'java/lang/NoSuchMethodError'{0x00000006d3597670}: 'java.lang.Object java.lang.invoke.DirectMethodHandle$Holder.invokeVirtual(java.lang.Object, java.lang.Object, java.lang.Object)'> (0x00000006d3597670) 
thrown [s\open\src\hotspot\share\interpreter\linkResolver.cpp, line 804]
Event: 13.154 Thread 0x00000200dcbe3cb0 Exception <a 'java/io/FileNotFoundException'{0x00000006d2857d80}> (0x00000006d2857d80) 
thrown [s\open\src\hotspot\share\prims\jni.cpp, line 516]
Event: 13.154 Thread 0x00000200dcbe3cb0 Exception <a 'java/io/FileNotFoundException'{0x00000006d2859670}> (0x00000006d2859670) 
thrown [s\open\src\hotspot\share\prims\jni.cpp, line 516]
Event: 13.154 Thread 0x00000200dcbe3cb0 Exception <a 'java/io/FileNotFoundException'{0x00000006d285acc8}> (0x00000006d285acc8) 
thrown [s\open\src\hotspot\share\prims\jni.cpp, line 516]
Event: 13.154 Thread 0x00000200dcbe3cb0 Exception <a 'java/io/FileNotFoundException'{0x00000006d285c5b8}> (0x00000006d285c5b8) 
thrown [s\open\src\hotspot\share\prims\jni.cpp, line 516]
Event: 18.811 Thread 0x00000200e566c650 Exception <a 'java/lang/ClassNotFoundException'{0x00000006c5e99f18}: sun/awt/resources/spi/awtProvider> (0x00000006c5e99f18) 
thrown [s\open\src\hotspot\share\classfile\systemDictionary.cpp, line 327]
Event: 18.815 Thread 0x00000200e566c650 Exception <a 'java/io/FileNotFoundException'{0x00000006c5e9c258}> (0x00000006c5e9c258) 
thrown [s\open\src\hotspot\share\prims\jni.cpp, line 516]
Event: 18.815 Thread 0x00000200e566c650 Exception <a 'java/io/FileNotFoundException'{0x00000006c5e9cc80}> (0x00000006c5e9cc80) 
thrown [s\open\src\hotspot\share\prims\jni.cpp, line 516]

VM Operations (20 events):
Event: 14.482 Executing safepoint VM operation: CollectForMetadataAllocation (Metadata GC Threshold)
Event: 14.496 Executing safepoint VM operation: CollectForMetadataAllocation (Metadata GC Threshold) done
Event: 14.502 Executing safepoint VM operation: G1PauseRemark
Event: 14.509 Executing safepoint VM operation: G1PauseRemark done
Event: 14.509 Executing safepoint VM operation: CollectForMetadataAllocation (Metadata GC Threshold)
Event: 14.512 Executing safepoint VM operation: CollectForMetadataAllocation (Metadata GC Threshold) done
Event: 14.513 Executing safepoint VM operation: G1PauseCleanup
Event: 14.531 Executing safepoint VM operation: G1PauseCleanup done
Event: 19.134 Executing safepoint VM operation: G1CollectForAllocation (G1 Evacuation Pause)
Event: 19.145 Executing safepoint VM operation: G1CollectForAllocation (G1 Evacuation Pause) done
Event: 19.910 Executing safepoint VM operation: G1CollectForAllocation (G1 Evacuation Pause)
Event: 19.918 Executing safepoint VM operation: G1CollectForAllocation (G1 Evacuation Pause) done
Event: 20.665 Executing safepoint VM operation: G1CollectForAllocation (G1 Evacuation Pause)
Event: 20.667 Executing safepoint VM operation: G1CollectForAllocation (G1 Evacuation Pause) done
Event: 21.661 Executing safepoint VM operation: G1CollectForAllocation (G1 Evacuation Pause)
Event: 21.669 Executing safepoint VM operation: G1CollectForAllocation (G1 Evacuation Pause) done
Event: 22.062 Executing non-safepoint VM operation: HandshakeAllThreads (Deoptimize)
Event: 22.063 Executing non-safepoint VM operation: HandshakeAllThreads (Deoptimize) done
Event: 22.688 Executing safepoint VM operation: G1CollectForAllocation (G1 Evacuation Pause)
Event: 22.690 Executing safepoint VM operation: G1CollectForAllocation (G1 Evacuation Pause) done

Memory protections (0 events):
No events

Nmethod flushes (0 events):
No events

Events (20 events):
Event: 22.806 Thread 0x00000200dcbe3cb0 Thread added: 0x00000200e566c650
Event: 22.813 Thread 0x00000200e5660300 Thread exited: 0x00000200e5660300
Event: 22.843 Thread 0x00000200dcbe3cb0 Thread added: 0x00000200e5660300
Event: 22.867 Thread 0x00000200e50b7bb0 Thread exited: 0x00000200e50b7bb0
Event: 22.867 Thread 0x00000200e5662a10 Thread exited: 0x00000200e5662a10
Event: 22.877 Thread 0x00000200dcbe3cb0 Thread added: 0x00000200e5660ad0
Event: 22.910 Thread 0x00000200dcbe3cb0 Thread added: 0x00000200e5750460
Event: 22.945 Thread 0x00000200e5749ed0 Thread exited: 0x00000200e5749ed0
Event: 22.955 Thread 0x00000200dcbe3cb0 Thread added: 0x00000200e57542e0
Event: 22.958 Thread 0x00000200e5660ad0 Thread exited: 0x00000200e5660ad0
Event: 23.003 Thread 0x00000200dcbe3cb0 Thread added: 0x00000200e56612a0
Event: 23.033 Thread 0x00000200e5750460 Thread exited: 0x00000200e5750460
Event: 23.037 Thread 0x00000200dcbe3cb0 Thread added: 0x00000200e50b73e0
Event: 23.083 Thread 0x00000200dcbe3cb0 Thread added: 0x00000200e56639b0
Event: 23.101 Thread 0x00000200e5668fa0 Thread exited: 0x00000200e5668fa0
Event: 23.117 Thread 0x00000200dcbe3cb0 Thread added: 0x00000200e56660c0
Event: 23.135 Thread 0x00000200e50b73e0 Thread exited: 0x00000200e50b73e0
Event: 23.160 Thread 0x00000200e566b6b0 Thread exited: 0x00000200e566b6b0
Event: 23.162 Thread 0x00000200dcbe3cb0 Thread added: 0x00000200e5748f30
Event: 23.211 Thread 0x00000200dcbe3cb0 Thread added: 0x00000200e5747f90


Dynamic libraries:
0x00007ff654440000 - 0x00007ff65444e000 	C:\Users\jedch\.jdks\openjdk-25.0.2\bin\java.exe
0x00007ffd19080000 - 0x00007ffd192e8000 	C:\WINDOWS\SYSTEM32\ntdll.dll
0x00007ffd17b80000 - 0x00007ffd17c49000 	C:\WINDOWS\System32\KERNEL32.DLL
0x00007ffd15a20000 - 0x00007ffd15e11000 	C:\WINDOWS\System32\KERNELBASE.dll
0x00007ffd15ed0000 - 0x00007ffd1601b000 	C:\WINDOWS\System32\ucrtbase.dll
0x00007ffd115d0000 - 0x00007ffd115e7000 	C:\Users\jedch\.jdks\openjdk-25.0.2\bin\jli.dll
0x00007ffd17ea0000 - 0x00007ffd18066000 	C:\WINDOWS\System32\USER32.dll
0x00007ffd15960000 - 0x00007ffd15987000 	C:\WINDOWS\System32\win32u.dll
0x00007ffd17a50000 - 0x00007ffd17a7b000 	C:\WINDOWS\System32\GDI32.dll
0x00007ffd16c30000 - 0x00007ffd16d5b000 	C:\WINDOWS\System32\gdi32full.dll
0x00007ffd16b80000 - 0x00007ffd16c23000 	C:\WINDOWS\System32\msvcp_win.dll
0x00007ffd12140000 - 0x00007ffd1215e000 	C:\Users\jedch\.jdks\openjdk-25.0.2\bin\VCRUNTIME140.dll
0x00007ffcf6a60000 - 0x00007ffcf6cf3000 	C:\WINDOWS\WinSxS\amd64_microsoft.windows.common-controls_6595b64144ccf1df_6.0.26100.7824_none_3e0870b2e3345462\COMCTL32.dll
0x00007ffd18dd0000 - 0x00007ffd18e79000 	C:\WINDOWS\System32\msvcrt.dll
0x00007ffd18d40000 - 0x00007ffd18d71000 	C:\WINDOWS\System32\IMM32.DLL
0x00007ffd115c0000 - 0x00007ffd115cc000 	C:\Users\jedch\.jdks\openjdk-25.0.2\bin\vcruntime140_1.dll
0x00007ffcfc9a0000 - 0x00007ffcfca2d000 	C:\Users\jedch\.jdks\openjdk-25.0.2\bin\msvcp140.dll
0x00007ffc96d20000 - 0x00007ffc97b7f000 	C:\Users\jedch\.jdks\openjdk-25.0.2\bin\server\jvm.dll
0x00007ffd17d50000 - 0x00007ffd17e04000 	C:\WINDOWS\System32\ADVAPI32.dll
0x00007ffd18a90000 - 0x00007ffd18b36000 	C:\WINDOWS\System32\sechost.dll
0x00007ffd18f10000 - 0x00007ffd19028000 	C:\WINDOWS\System32\RPCRT4.dll
0x00007ffd18e90000 - 0x00007ffd18f04000 	C:\WINDOWS\System32\WS2_32.dll
0x00007ffd157c0000 - 0x00007ffd1581e000 	C:\WINDOWS\SYSTEM32\POWRPROF.dll
0x00007ffd13120000 - 0x00007ffd13155000 	C:\WINDOWS\SYSTEM32\WINMM.dll
0x00007ffd0d620000 - 0x00007ffd0d62b000 	C:\WINDOWS\SYSTEM32\VERSION.dll
0x00007ffd157a0000 - 0x00007ffd157b4000 	C:\WINDOWS\SYSTEM32\UMPDC.dll
0x00007ffd14700000 - 0x00007ffd1471b000 	C:\WINDOWS\SYSTEM32\kernel.appcore.dll
0x00007ffd10c80000 - 0x00007ffd10c8a000 	C:\Users\jedch\.jdks\openjdk-25.0.2\bin\jimage.dll
0x00007ffd12e00000 - 0x00007ffd13042000 	C:\WINDOWS\SYSTEM32\DBGHELP.DLL
0x00007ffd175e0000 - 0x00007ffd17966000 	C:\WINDOWS\System32\combase.dll
0x00007ffd17970000 - 0x00007ffd17a47000 	C:\WINDOWS\System32\OLEAUT32.dll
0x00007ffd13090000 - 0x00007ffd130cb000 	C:\WINDOWS\SYSTEM32\dbgcore.DLL
0x00007ffd15e20000 - 0x00007ffd15ec5000 	C:\WINDOWS\System32\bcryptPrimitives.dll
0x00007ffd10c70000 - 0x00007ffd10c80000 	C:\Users\jedch\.jdks\openjdk-25.0.2\bin\instrument.dll
0x00007ffd05270000 - 0x00007ffd0528f000 	C:\Users\jedch\.jdks\openjdk-25.0.2\bin\java.dll
0x00007ffd16e20000 - 0x00007ffd16fb7000 	C:\WINDOWS\System32\ole32.dll
0x00007ffd182d0000 - 0x00007ffd18a22000 	C:\WINDOWS\System32\SHELL32.dll
0x00007ffd16020000 - 0x00007ffd1618a000 	C:\WINDOWS\System32\wintypes.dll
0x00007ffd16310000 - 0x00007ffd16b73000 	C:\WINDOWS\System32\windows.storage.dll
0x00007ffd17c50000 - 0x00007ffd17d46000 	C:\WINDOWS\System32\SHCORE.dll
0x00007ffd16fc0000 - 0x00007ffd17027000 	C:\WINDOWS\System32\shlwapi.dll
0x00007ffd15880000 - 0x00007ffd158a9000 	C:\WINDOWS\SYSTEM32\profapi.dll
0x00007ffd05250000 - 0x00007ffd05262000 	C:\Users\jedch\.jdks\openjdk-25.0.2\bin\net.dll
0x00007ffd14c70000 - 0x00007ffd14cdb000 	C:\WINDOWS\system32\mswsock.dll
0x00007ffcfee70000 - 0x00007ffcfee86000 	C:\Users\jedch\.jdks\openjdk-25.0.2\bin\nio.dll
0x00007ffcfee30000 - 0x00007ffcfee47000 	C:\Users\jedch\.jdks\openjdk-25.0.2\bin\zip.dll
0x00007ffd07850000 - 0x00007ffd07859000 	C:\Users\jedch\.jdks\openjdk-25.0.2\bin\extnet.dll
0x00000200b4fe0000 - 0x00000200b4fe4000 	C:\Users\jedch\Downloads\openjfx-25.0.2_windows-x64_bin-sdk\javafx-sdk-25.0.2\bin\api-ms-win-core-console-l1-1-0.dll
0x00000200b5360000 - 0x00000200b5364000 	C:\Users\jedch\Downloads\openjfx-25.0.2_windows-x64_bin-sdk\javafx-sdk-25.0.2\bin\api-ms-win-core-console-l1-2-0.dll
0x00000200b5370000 - 0x00000200b5374000 	C:\Users\jedch\Downloads\openjfx-25.0.2_windows-x64_bin-sdk\javafx-sdk-25.0.2\bin\api-ms-win-core-datetime-l1-1-0.dll
0x00000200d7e10000 - 0x00000200d7e14000 	C:\Users\jedch\Downloads\openjfx-25.0.2_windows-x64_bin-sdk\javafx-sdk-25.0.2\bin\api-ms-win-core-debug-l1-1-0.dll
0x00000200d7e20000 - 0x00000200d7e24000 	C:\Users\jedch\Downloads\openjfx-25.0.2_windows-x64_bin-sdk\javafx-sdk-25.0.2\bin\api-ms-win-core-errorhandling-l1-1-0.dll
0x00000200d7e30000 - 0x00000200d7e35000 	C:\Users\jedch\Downloads\openjfx-25.0.2_windows-x64_bin-sdk\javafx-sdk-25.0.2\bin\api-ms-win-core-file-l1-1-0.dll
0x00000200d7e40000 - 0x00000200d7e44000 	C:\Users\jedch\Downloads\openjfx-25.0.2_windows-x64_bin-sdk\javafx-sdk-25.0.2\bin\api-ms-win-core-file-l1-2-0.dll
0x00000200d7e50000 - 0x00000200d7e54000 	C:\Users\jedch\Downloads\openjfx-25.0.2_windows-x64_bin-sdk\javafx-sdk-25.0.2\bin\api-ms-win-core-file-l2-1-0.dll
0x00000200d7e60000 - 0x00000200d7e64000 	C:\Users\jedch\Downloads\openjfx-25.0.2_windows-x64_bin-sdk\javafx-sdk-25.0.2\bin\api-ms-win-core-handle-l1-1-0.dll
0x00000200d7e70000 - 0x00000200d7e74000 	C:\Users\jedch\Downloads\openjfx-25.0.2_windows-x64_bin-sdk\javafx-sdk-25.0.2\bin\api-ms-win-core-heap-l1-1-0.dll
0x00000200d7e80000 - 0x00000200d7e84000 	C:\Users\jedch\Downloads\openjfx-25.0.2_windows-x64_bin-sdk\javafx-sdk-25.0.2\bin\api-ms-win-core-interlocked-l1-1-0.dll
0x00000200d7e90000 - 0x00000200d7e94000 	C:\Users\jedch\Downloads\openjfx-25.0.2_windows-x64_bin-sdk\javafx-sdk-25.0.2\bin\api-ms-win-core-libraryloader-l1-1-0.dll
0x00000200d7ea0000 - 0x00000200d7ea4000 	C:\Users\jedch\Downloads\openjfx-25.0.2_windows-x64_bin-sdk\javafx-sdk-25.0.2\bin\api-ms-win-core-localization-l1-2-0.dll
0x00000200d7eb0000 - 0x00000200d7eb4000 	C:\Users\jedch\Downloads\openjfx-25.0.2_windows-x64_bin-sdk\javafx-sdk-25.0.2\bin\api-ms-win-core-memory-l1-1-0.dll
0x00000200d7ec0000 - 0x00000200d7ec4000 	C:\Users\jedch\Downloads\openjfx-25.0.2_windows-x64_bin-sdk\javafx-sdk-25.0.2\bin\api-ms-win-core-namedpipe-l1-1-0.dll
0x00000200d7ed0000 - 0x00000200d7ed4000 	C:\Users\jedch\Downloads\openjfx-25.0.2_windows-x64_bin-sdk\javafx-sdk-25.0.2\bin\api-ms-win-core-processenvironment-l1-1-0.dll
0x00000200d7ee0000 - 0x00000200d7ee4000 	C:\Users\jedch\Downloads\openjfx-25.0.2_windows-x64_bin-sdk\javafx-sdk-25.0.2\bin\api-ms-win-core-processthreads-l1-1-0.dll
0x00000200d7ef0000 - 0x00000200d7ef4000 	C:\Users\jedch\Downloads\openjfx-25.0.2_windows-x64_bin-sdk\javafx-sdk-25.0.2\bin\api-ms-win-core-processthreads-l1-1-1.dll
0x00000200d7f00000 - 0x00000200d7f04000 	C:\Users\jedch\Downloads\openjfx-25.0.2_windows-x64_bin-sdk\javafx-sdk-25.0.2\bin\api-ms-win-core-profile-l1-1-0.dll
0x00000200d7f10000 - 0x00000200d7f14000 	C:\Users\jedch\Downloads\openjfx-25.0.2_windows-x64_bin-sdk\javafx-sdk-25.0.2\bin\api-ms-win-core-rtlsupport-l1-1-0.dll
0x00000200d7f20000 - 0x00000200d7f24000 	C:\Users\jedch\Downloads\openjfx-25.0.2_windows-x64_bin-sdk\javafx-sdk-25.0.2\bin\api-ms-win-core-string-l1-1-0.dll
0x00000200d7f30000 - 0x00000200d7f34000 	C:\Users\jedch\Downloads\openjfx-25.0.2_windows-x64_bin-sdk\javafx-sdk-25.0.2\bin\api-ms-win-core-synch-l1-1-0.dll
0x00000200d7f40000 - 0x00000200d7f44000 	C:\Users\jedch\Downloads\openjfx-25.0.2_windows-x64_bin-sdk\javafx-sdk-25.0.2\bin\api-ms-win-core-synch-l1-2-0.dll
0x00000200d7f50000 - 0x00000200d7f54000 	C:\Users\jedch\Downloads\openjfx-25.0.2_windows-x64_bin-sdk\javafx-sdk-25.0.2\bin\api-ms-win-core-sysinfo-l1-1-0.dll
0x00000200d7f60000 - 0x00000200d7f64000 	C:\Users\jedch\Downloads\openjfx-25.0.2_windows-x64_bin-sdk\javafx-sdk-25.0.2\bin\api-ms-win-core-timezone-l1-1-0.dll
0x00000200d7f70000 - 0x00000200d7f74000 	C:\Users\jedch\Downloads\openjfx-25.0.2_windows-x64_bin-sdk\javafx-sdk-25.0.2\bin\api-ms-win-core-util-l1-1-0.dll
0x00000200d7f80000 - 0x00000200d7f84000 	C:\Users\jedch\Downloads\openjfx-25.0.2_windows-x64_bin-sdk\javafx-sdk-25.0.2\bin\api-ms-win-crt-conio-l1-1-0.dll
0x00000200d7f90000 - 0x00000200d7f95000 	C:\Users\jedch\Downloads\openjfx-25.0.2_windows-x64_bin-sdk\javafx-sdk-25.0.2\bin\api-ms-win-crt-convert-l1-1-0.dll
0x00000200d7fa0000 - 0x00000200d7fa4000 	C:\Users\jedch\Downloads\openjfx-25.0.2_windows-x64_bin-sdk\javafx-sdk-25.0.2\bin\api-ms-win-crt-environment-l1-1-0.dll
0x00000200d7fb0000 - 0x00000200d7fb4000 	C:\Users\jedch\Downloads\openjfx-25.0.2_windows-x64_bin-sdk\javafx-sdk-25.0.2\bin\api-ms-win-crt-filesystem-l1-1-0.dll
0x00000200d7fc0000 - 0x00000200d7fc4000 	C:\Users\jedch\Downloads\openjfx-25.0.2_windows-x64_bin-sdk\javafx-sdk-25.0.2\bin\api-ms-win-crt-heap-l1-1-0.dll
0x00000200d7fd0000 - 0x00000200d7fd4000 	C:\Users\jedch\Downloads\openjfx-25.0.2_windows-x64_bin-sdk\javafx-sdk-25.0.2\bin\api-ms-win-crt-locale-l1-1-0.dll
0x00000200d7fe0000 - 0x00000200d7fe6000 	C:\Users\jedch\Downloads\openjfx-25.0.2_windows-x64_bin-sdk\javafx-sdk-25.0.2\bin\api-ms-win-crt-math-l1-1-0.dll
0x00000200d7ff0000 - 0x00000200d7ff6000 	C:\Users\jedch\Downloads\openjfx-25.0.2_windows-x64_bin-sdk\javafx-sdk-25.0.2\bin\api-ms-win-crt-multibyte-l1-1-0.dll
0x00000200de7a0000 - 0x00000200de7b1000 	C:\Users\jedch\Downloads\openjfx-25.0.2_windows-x64_bin-sdk\javafx-sdk-25.0.2\bin\api-ms-win-crt-private-l1-1-0.dll
0x00000200de7c0000 - 0x00000200de7c4000 	C:\Users\jedch\Downloads\openjfx-25.0.2_windows-x64_bin-sdk\javafx-sdk-25.0.2\bin\api-ms-win-crt-process-l1-1-0.dll
0x00000200de7d0000 - 0x00000200de7d5000 	C:\Users\jedch\Downloads\openjfx-25.0.2_windows-x64_bin-sdk\javafx-sdk-25.0.2\bin\api-ms-win-crt-runtime-l1-1-0.dll
0x00000200de7e0000 - 0x00000200de7e5000 	C:\Users\jedch\Downloads\openjfx-25.0.2_windows-x64_bin-sdk\javafx-sdk-25.0.2\bin\api-ms-win-crt-stdio-l1-1-0.dll
0x00000200de7f0000 - 0x00000200de7f5000 	C:\Users\jedch\Downloads\openjfx-25.0.2_windows-x64_bin-sdk\javafx-sdk-25.0.2\bin\api-ms-win-crt-string-l1-1-0.dll
0x00000200de800000 - 0x00000200de804000 	C:\Users\jedch\Downloads\openjfx-25.0.2_windows-x64_bin-sdk\javafx-sdk-25.0.2\bin\api-ms-win-crt-time-l1-1-0.dll
0x00000200de810000 - 0x00000200de814000 	C:\Users\jedch\Downloads\openjfx-25.0.2_windows-x64_bin-sdk\javafx-sdk-25.0.2\bin\api-ms-win-crt-utility-l1-1-0.dll
0x00007ffcd2850000 - 0x00007ffcd2961000 	C:\Users\jedch\Downloads\openjfx-25.0.2_windows-x64_bin-sdk\javafx-sdk-25.0.2\bin\ucrtbase.dll
0x00007ffcfeb30000 - 0x00007ffcfeb4e000 	C:\Users\jedch\Downloads\openjfx-25.0.2_windows-x64_bin-sdk\javafx-sdk-25.0.2\bin\vcruntime140.dll
0x00007ffcfeb20000 - 0x00007ffcfeb2c000 	C:\Users\jedch\Downloads\openjfx-25.0.2_windows-x64_bin-sdk\javafx-sdk-25.0.2\bin\vcruntime140_1.dll
0x00007ffcd27c0000 - 0x00007ffcd284d000 	C:\Users\jedch\Downloads\openjfx-25.0.2_windows-x64_bin-sdk\javafx-sdk-25.0.2\bin\msvcp140.dll
0x00007ffcfeb10000 - 0x00007ffcfeb19000 	C:\Users\jedch\Downloads\openjfx-25.0.2_windows-x64_bin-sdk\javafx-sdk-25.0.2\bin\msvcp140_1.dll
0x00007ffcd31a0000 - 0x00007ffcd31e1000 	C:\Users\jedch\Downloads\openjfx-25.0.2_windows-x64_bin-sdk\javafx-sdk-25.0.2\bin\msvcp140_2.dll
0x00007ffcf5fa0000 - 0x00007ffcf5fd0000 	C:\Users\jedch\Downloads\openjfx-25.0.2_windows-x64_bin-sdk\javafx-sdk-25.0.2\bin\prism_d3d.dll
0x00007ffcb90a0000 - 0x00007ffcb9253000 	C:\WINDOWS\system32\d3d9.dll
0x00007ffd130d0000 - 0x00007ffd13101000 	C:\WINDOWS\SYSTEM32\dwmapi.dll
0x00007ffd136d0000 - 0x00007ffd13714000 	C:\WINDOWS\SYSTEM32\dxcore.dll
0x00007ffd13410000 - 0x00007ffd134bb000 	C:\WINDOWS\system32\uxtheme.dll
0x00007ffcb3990000 - 0x00007ffcb3c2f000 	C:\WINDOWS\System32\DriverStore\FileRepository\iigd_dch.inf_amd64_d71a22cbbfee3077\igdumdim64.dll
0x00007ffca5e70000 - 0x00007ffca75db000 	C:\WINDOWS\System32\DriverStore\FileRepository\iigd_dch.inf_amd64_d71a22cbbfee3077\igd9dxva64.dll
0x00007ffd17060000 - 0x00007ffd174e9000 	C:\WINDOWS\System32\SETUPAPI.dll
0x00007ffd154d0000 - 0x00007ffd15527000 	C:\WINDOWS\SYSTEM32\cfgmgr32.dll
0x00007ffd00760000 - 0x00007ffd02833000 	C:\WINDOWS\System32\DriverStore\FileRepository\iigd_dch.inf_amd64_d71a22cbbfee3077\media_bin_64.dll
0x00007ffd0cfe0000 - 0x00007ffd0d58b000 	C:\WINDOWS\System32\DriverStore\FileRepository\iigd_dch.inf_amd64_d71a22cbbfee3077\igdgmm64.dll
0x00007ffd0f9b0000 - 0x00007ffd0fa13000 	C:\WINDOWS\SYSTEM32\directxdatabasehelper.dll
0x00007ffcd2cc0000 - 0x00007ffcd2d09000 	C:\Users\jedch\Downloads\openjfx-25.0.2_windows-x64_bin-sdk\javafx-sdk-25.0.2\bin\glass.dll
0x00007ffd17a80000 - 0x00007ffd17b6f000 	C:\WINDOWS\System32\COMDLG32.dll
0x00007ffd17520000 - 0x00007ffd175d0000 	C:\WINDOWS\System32\clbcatq.dll
0x00007ffcfddc0000 - 0x00007ffcfdf16000 	C:\Windows\System32\Windows.UI.dll
0x00007ffce4cd0000 - 0x00007ffce4d8c000 	C:\Windows\System32\Windows.Networking.Connectivity.dll
0x00007ffd05c30000 - 0x00007ffd05e74000 	C:\Windows\System32\twinapi.appcore.dll
0x00007ffd18bd0000 - 0x00007ffd18d2f000 	C:\WINDOWS\System32\MSCTF.dll
0x00007ffd10ae0000 - 0x00007ffd10b08000 	C:\WINDOWS\System32\DriverStore\FileRepository\iigd_dch.inf_amd64_d71a22cbbfee3077\igdinfo64.dll
0x00007ffd07ae0000 - 0x00007ffd0cd94000 	C:\WINDOWS\System32\DriverStore\FileRepository\iigd_dch.inf_amd64_d71a22cbbfee3077\igc64.dll
0x00007ffcd0590000 - 0x00007ffcd06df000 	C:\Windows\System32\Windows.UI.Immersive.dll
0x00007ffd04380000 - 0x00007ffd04399000 	C:\WINDOWS\System32\npmproxy.dll
0x00007ffd06000000 - 0x00007ffd06091000 	C:\WINDOWS\SYSTEM32\wlanapi.dll
0x00007ffd05fd0000 - 0x00007ffd05ff2000 	C:\WINDOWS\SYSTEM32\MobileNetworking.dll
0x00007ffd14130000 - 0x00007ffd14164000 	C:\Windows\System32\IPHLPAPI.DLL
0x00007ffd18b40000 - 0x00007ffd18b4a000 	C:\WINDOWS\System32\NSI.dll
0x00007ffcc2910000 - 0x00007ffcc2923000 	C:\Windows\System32\dusmapi.dll
0x00007ffcfc8f0000 - 0x00007ffcfc905000 	C:\Users\jedch\Downloads\openjfx-25.0.2_windows-x64_bin-sdk\javafx-sdk-25.0.2\bin\javafx_font.dll
0x00007ffd11c30000 - 0x00007ffd11e97000 	C:\WINDOWS\SYSTEM32\dwrite.dll
0x00007ffd11380000 - 0x00007ffd115af000 	C:\WINDOWS\SYSTEM32\WindowsCodecs.dll
0x00007ffcdbf70000 - 0x00007ffcdbfca000 	C:\WINDOWS\system32\dataexchange.dll
0x00007ffcd3170000 - 0x00007ffcd319c000 	C:\Program Files\Common Files\Microsoft Shared\Ink\rtscom.dll
0x00007ffcff3c0000 - 0x00007ffcff509000 	C:\WINDOWS\SYSTEM32\textinputframework.dll

JVMTI agents:
C:\Program Files\JetBrains\IntelliJ IDEA 2025.2.2\lib\idea_rt.jar path:C:\Users\jedch\.jdks\openjdk-25.0.2\bin\instrument.dll, loaded, initialized, instrumentlib options:59927

dbghelp: loaded successfully - version: 4.0.5 - missing functions: none
symbol engine: initialized successfully - sym options: 0x614 - pdb path: .;C:\Users\jedch\.jdks\openjdk-25.0.2\bin;C:\WINDOWS\SYSTEM32;C:\WINDOWS\WinSxS\amd64_microsoft.windows.common-controls_6595b64144ccf1df_6.0.26100.7824_none_3e0870b2e3345462;C:\Users\jedch\.jdks\openjdk-25.0.2\bin\server;C:\Users\jedch\Downloads\openjfx-25.0.2_windows-x64_bin-sdk\javafx-sdk-25.0.2\bin;C:\WINDOWS\System32\DriverStore\FileRepository\iigd_dch.inf_amd64_d71a22cbbfee3077;C:\Program Files\Common Files\Microsoft Shared\Ink;C:\Users\jedch\AppData\Local\Temp\jna-101001390;C:\Program Files (x86)\Windows Kits\10\Redist\ucrt\DLLs\x64;C:\Users\jedch\.javacpp\cache\openblas-0.3.26-1.5.10-windows-x86_64.jar\org\bytedeco\openblas\windows-x86_64;C:\Users\jedch\.javacpp\cache\javacpp-1.5.10-windows-x86_64.jar\org\bytedeco\javacpp\windows-x86_64;C:\Users\jedch\.javacpp\cache\opencv-4.9.0-1.5.10-windows-x86_64.jar\org\bytedeco\opencv\windows-x86_64

VM Arguments:
jvm_args: --module-path=C:\Users\jedch\Downloads\openjfx-25.0.2_windows-x64_bin-sdk\javafx-sdk-25.0.2\lib --add-modules=javafx.controls,javafx.fxml -javaagent:C:\Program Files\JetBrains\IntelliJ IDEA 2025.2.2\lib\idea_rt.jar=59927 -Dfile.encoding=UTF-8 -Dsun.stdout.encoding=UTF-8 -Dsun.stderr.encoding=UTF-8 
java_command: ui.BlindHireApp
java_class_path (initial): C:\Users\jedch\IdeaProjects\User1\target\classes;C:\Users\jedch\.m2\repository\com\mysql\mysql-connector-j\9.6.0\mysql-connector-j-9.6.0.jar;C:\Users\jedch\.m2\repository\com\google\protobuf\protobuf-java\4.31.1\protobuf-java-4.31.1.jar;C:\Users\jedch\.m2\repository\com\sun\mail\jakarta.mail\2.0.1\jakarta.mail-2.0.1.jar;C:\Users\jedch\.m2\repository\com\sun\activation\jakarta.activation\2.0.1\jakarta.activation-2.0.1.jar;C:\Users\jedch\.m2\repository\javax\activation\activation\1.1.1\activation-1.1.1.jar;C:\Users\jedch\.m2\repository\org\openjfx\javafx-controls\17.0.2\javafx-controls-17.0.2-win.jar;C:\Users\jedch\.m2\repository\org\openjfx\javafx-graphics\17.0.2\javafx-graphics-17.0.2.jar;C:\Users\jedch\.m2\repository\org\openjfx\javafx-fxml\17.0.2\javafx-fxml-17.0.2-win.jar;C:\Users\jedch\.m2\repository\org\openjfx\javafx-controls\17.0.2\javafx-controls-17.0.2.jar;C:\Users\jedch\.m2\repository\org\openjfx\javafx-base\17.0.2\javafx-base-17.0.2-win.jar;C:\Users\jedch\.m2\repository\org\openjfx\javafx-graphics\17.0.2\javafx-graphics-17.0.2-win.jar;C:\Users\jedch\.m2\repository\org\openjfx\javafx-base\17.0.2\javafx-base-17.0.2.jar;C:\Users\jedch\.m2\repository\org\openjfx\javafx-swing\17.0.2\javafx-swing-17.0.2-win.jar;C:\Users\jedch\.m2\repository\org\bytedeco\javacv-platform\1.5.10\javacv-platform-1.5.10.jar;C:\Users\jedch\.m2\repository\org\bytedeco\javacv\1.5.10\javacv-1.5.10.jar;C:\Users\jedch\.m2\repository\org\bytedeco\javacpp\1.5.10\javacpp-1.5.10.jar;C:\Users\jedch\.m2\repository\org\bytedeco\openblas\0.3.26-1.5.10\openblas-0.3.26-1.5.10.jar;C:\Users\jedch\.m2\repository\org\bytedeco\opencv\4.9.0-1.5.10\opencv-4.9.0-1.5.10.jar;C:\Users\jedch\.m2\repository\org\bytedeco\ffmpeg\6.1.1-1.5.10\ffmpeg-6.1.1-1.5.10.jar;C:\Users\jedch\.m2\repository\org\bytedeco\flycapture\2.13.3.31-1.5.9\flycapture-2.13.3.31-1.5.9.jar;C:\Users\jedch\.m2\repository\org\bytedeco\libdc1394\2.2.6-1.5.9\libdc1394-2.2.6-1.5.9.jar;C:\Users\jedch\.m2\repository\org\bytedeco\libfreenect\0.5.7-1.5.9\libfreenect-0.5.7-1.5.9.jar;C:\Users\jedch\.m2\repository\org\bytedeco\libfreenect2\0.2.0-1.5.9\libfreenect2-0.2.0-1.5.9.jar;C:\Users\jedch\.m2\repository\org\bytedeco\librealsense\1.12.4-1.5.9\librealsense-1.12.4-1.5.9.jar;C:\Users\jedch\.m2\repository\org\bytedeco\librealsense2\2.53.1-1.5.9\librealsense2-2.53.1-1.5.9.jar;C:\Users\jedch\.m2\repository\org\bytedeco\videoinput\0.200-1.5.9\videoinput-0.200-1.5.9.jar;C:\Users\jedch\.m2\repository\org\bytedeco\artoolkitplus\2.3.1-1.5.9\artoolkitplus-2.3.1-1.5.9.jar;C:\Users\jedch\.m2\repository\org\bytedeco\leptonica\1.84.1-1.5.10\leptonica-1.84.1-1.5.10.jar;C:\Users\jedch\.m2\repository\org\bytedeco\tesseract\5.3.4-1.5.10\tesseract-5.3.4-1.5.10.jar;C:\Users\jedch\.m2\repository\org\bytedeco\javacpp-platform\1.5.10\javacpp-platform-1.5.10.jar;C:\Users\jedch\.m2\repository\org\bytedeco\javacpp\1.5.10\javacpp-1.5.10-android-arm64.jar;C:\Users\jedch\.m2\repository\org\bytedeco\javacpp\1.5.10\javacpp-1.5.10-android-x86_64.jar;C:\Users\jedch\.m2\repository\org\bytedeco\javacpp\1.5.10\javacpp-1.5.10-ios-arm64.jar;C:\Users\jedch\.m2\repository\org\bytedeco\javacpp\1.5.10\javacpp-1.5.10-ios-x86_64.jar;C:\Users\jedch\.m2\repository\org\bytedeco\javacpp\1.5.10\javacpp-1.5.10-linux-arm64.jar;C:\Users\jedch\.m2\repository\org\bytedeco\javacpp\1.5.10\javacpp-1.5.10-linux-ppc64le.jar;C:\Users\jedch\.m2\repository\org\bytedeco\javacpp\1.5.10\javacpp-1.5.10-linux-x86_64.jar;C:\Users\jedch\.m2\repository\org\bytedeco\javacpp\1.5.10\javacpp-1.5.10-macosx-arm64.jar;C:\Users\jedch\.m2\repository\org\bytedeco\javacpp\1.5.10\javacpp-1.5.10-macosx-x86_64.jar;C:\Users\jedch\.m2\repository\org\bytedeco\javacpp\1.5.10\javacpp-1.5.10-windows-x86_64.jar;C:\Users\jedch\.m2\repository\org\bytedeco\openblas-platform\0.3.26-1.5.10\openblas-platform-0.3.26-1.5.10.jar;C:\Users\jedch\.m2\repository\org\bytedeco\openblas\0.3.26-1.5.10\openblas-0.3.26-1.5.10-android-arm64.jar;C:\Users\jedch\.m2\repository\org\bytedeco\openblas\0.3.26-1.5.10\openblas-0.3.26-1.5.10-android-x86_64.jar;C:\Users\jedch\.m2\repository\org\bytedeco\openblas\0.3.26-1.5.10\openblas-0.3.26-1.5.10-ios-arm64.jar;C:\Users\jedch\.m2\repository\org\bytedeco\openblas\0.3.26-1.5.10\openblas-0.3.26-1.5.10-ios-x86_64.jar;C:\Users\jedch\.m2\repository\org\bytedeco\openblas\0.3.26-1.5.10\openblas-0.3.26-1.5.10-linux-x86_64.jar;C:\Users\jedch\.m2\repository\org\bytedeco\openblas\0.3.26-1.5.10\openblas-0.3.26-1.5.10-linux-arm64.jar;C:\Users\jedch\.m2\repository\org\bytedeco\openblas\0.3.26-1.5.10\openblas-0.3.26-1.5.10-linux-ppc64le.jar;C:\Users\jedch\.m2\repository\org\bytedeco\openblas\0.3.26-1.5.10\openblas-0.3.26-1.5.10-macosx-arm64.jar;C:\Users\jedch\.m2\repository\org\bytedeco\openblas\0.3.26-1.5.10\openblas-0.3.26-1.5.10-macosx-x86_64.jar;C:\Users\jedch\.m2\repository\org\bytedeco\openblas\0.3.26-1.5.10\openblas-0.3.26-1.5.10-windows-x86_64.jar;C:\Users\jedch\.m2\repository\org\bytedeco\opencv-platform\4.9.0-1.5.10\opencv-platform-4.9.0-1.5.10.jar;C:\Users\jedch\.m2\repository\org\bytedeco\opencv\4.9.0-1.5.10\opencv-4.9.0-1.5.10-android-arm64.jar;C:\Users\jedch\.m2\repository\org\bytedeco\opencv\4.9.0-1.5.10\opencv-4.9.0-1.5.10-android-x86_64.jar;C:\Users\jedch\.m2\repository\org\bytedeco\opencv\4.9.0-1.5.10\opencv-4.9.0-1.5.10-ios-arm64.jar;C:\Users\jedch\.m2\repository\org\bytedeco\opencv\4.9.0-1.5.10\opencv-4.9.0-1.5.10-ios-x86_64.jar;C:\Users\jedch\.m2\repository\org\bytedeco\opencv\4.9.0-1.5.10\opencv-4.9.0-1.5.10-linux-x86_64.jar;C:\Users\jedch\.m2\repository\org\bytedeco\opencv\4.9.0-1.5.10\opencv-4.9.0-1.5.10-linux-arm64.jar;C:\Users\jedch\.m2\repository\org\bytedeco\opencv\4.9.0-1.5.10\opencv-4.9.0-1.5.10-linux-ppc64le.jar;C:\Users\jedch\.m2\repository\org\bytedeco\opencv\4.9.0-1.5.10\opencv-4.9.0-1.5.10-macosx-arm64.jar;C:\Users\jedch\.m2\repository\org\bytedeco\opencv\4.9.0-1.5.10\opencv-4.9.0-1.5.10-macosx-x86_64.jar;C:\Users\jedch\.m2\repository\org\bytedeco\opencv\4.9.0-1.5.10\opencv-4.9.0-1.5.10-windows-x86_64.jar;C:\Users\jedch\.m2\repository\org\bytedeco\ffmpeg-platform\6.1.1-1.5.10\ffmpeg-platform-6.1.1-1.5.10.jar;C:\Users\jedch\.m2\repository\org\bytedeco\ffmpeg\6.1.1-1.5.10\ffmpeg-6.1.1-1.5.10-android-arm64.jar;C:\Users\jedch\.m2\repository\org\bytedeco\ffmpeg\6.1.1-1.5.10\ffmpeg-6.1.1-1.5.10-android-x86_64.jar;C:\Users\jedch\.m2\repository\org\bytedeco\ffmpeg\6.1.1-1.5.10\ffmpeg-6.1.1-1.5.10-linux-x86_64.jar;C:\Users\jedch\.m2\repository\org\bytedeco\ffmpeg\6.1.1-1.5.10\ffmpeg-6.1.1-1.5.10-linux-arm64.jar;C:\Users\jedch\.m2\repository\org\bytedeco\ffmpeg\6.1.1-1.5.10\ffmpeg-6.1.1-1.5.10-linux-ppc64le.jar;C:\Users\jedch\.m2\repository\org\bytedeco\ffmpeg\6.1.1-1.5.10\ffmpeg-6.1.1-1.5.10-macosx-arm64.jar;C:\Users\jedch\.m2\repository\org\bytedeco\ffmpeg\6.1.1-1.5.10\ffmpeg-6.1.1-1.5.10-macosx-x86_64.jar;C:\Users\jedch\.m2\repository\org\bytedeco\ffmpeg\6.1.1-1.5.10\ffmpeg-6.1.1-1.5.10-windows-x86_64.jar;C:\Users\jedch\.m2\repository\org\bytedeco\flycapture-platform\2.13.3.31-1.5.9\flycapture-platform-2.13.3.31-1.5.9.jar;C:\Users\jedch\.m2\repository\org\bytedeco\flycapture\2.13.3.31-1.5.9\flycapture-2.13.3.31-1.5.9-linux-x86.jar;C:\Users\jedch\.m2\repository\org\bytedeco\flycapture\2.13.3.31-1.5.9\flycapture-2.13.3.31-1.5.9-linux-x86_64.jar;C:\Users\jedch\.m2\repository\org\bytedeco\flycapture\2.13.3.31-1.5.9\flycapture-2.13.3.31-1.5.9-linux-armhf.jar;C:\Users\jedch\.m2\repository\org\bytedeco\flycapture\2.13.3.31-1.5.9\flycapture-2.13.3.31-1.5.9-linux-arm64.jar;C:\Users\jedch\.m2\repository\org\bytedeco\flycapture\2.13.3.31-1.5.9\flycapture-2.13.3.31-1.5.9-windows-x86.jar;C:\Users\jedch\.m2\repository\org\bytedeco\flycapture\2.13.3.31-1.5.9\flycapture-2.13.3.31-1.5.9-windows-x86_64.jar;C:\Users\jedch\.m2\repository\org\bytedeco\libdc1394-platform\2.2.6-1.5.9\libdc1394-platform-2.2.6-1.5.9.jar;C:\Users\jedch\.m2\repository\org\bytedeco\libdc1394\2.2.6-1.5.9\libdc1394-2.2.6-1.5.9-linux-x86.jar;C:\Users\jedch\.m2\repository\org\bytedeco\libdc1394\2.2.6-1.5.9\libdc1394-2.2.6-1.5.9-linux-x86_64.jar;C:\Users\jedch\.m2\repository\org\bytedeco\libdc1394\2.2.6-1.5.9\libdc1394-2.2.6-1.5.9-linux-armhf.jar;C:\Users\jedch\.m2\repository\org\bytedeco\libdc1394\2.2.6-1.5.9\libdc1394-2.2.6-1.5.9-linux-arm64.jar;C:\Users\jedch\.m2\repository\org\bytedeco\libdc1394\2.2.6-1.5.9\libdc1394-2.2.6-1.5.9-linux-ppc64le.jar;C:\Users\jedch\.m2\repository\org\bytedeco\libdc1394\2.2.6-1.5.9\libdc1394-2.2.6-1.5.9-macosx-x86_64.jar;C:\Users\jedch\.m2\repository\org\bytedeco\libdc1394\2.2.6-1.5.9\libdc1394-2.2.6-1.5.9-windows-x86.jar;C:\Users\jedch\.m2\repository\org\bytedeco\libdc1394\2.2.6-1.5.9\libdc1394-2.2.6-1.5.9-windows-x86_64.jar;C:\Users\jedch\.m2\repository\org\bytedeco\libfreenect-platform\0.5.7-1.5.9\libfreenect-platform-0.5.7-1.5.9.jar;C:\Users\jedch\.m2\repository\org\bytedeco\libfreenect\0.5.7-1.5.9\libfreenect-0.5.7-1.5.9-linux-x86.jar;C:\Users\jedch\.m2\repository\org\bytedeco\libfreenect\0.5.7-1.5.9\libfreenect-0.5.7-1.5.9-linux-x86_64.jar;C:\Users\jedch\.m2\repository\org\bytedeco\libfreenect\0.5.7-1.5.9\libfreenect-0.5.7-1.5.9-linux-armhf.jar;C:\Users\jedch\.m2\repository\org\bytedeco\libfreenect\0.5.7-1.5.9\libfreenect-0.5.7-1.5.9-linux-arm64.jar;C:\Users\jedch\.m2\repository\org\bytedeco\libfreenect\0.5.7-1.5.9\libfreenect-0.5.7-1.5.9-linux-ppc64le.jar;C:\Users\jedch\.m2\repository\org\bytedeco\libfreenect\0.5.7-1.5.9\libfreenect-0.5.7-1.5.9-macosx-x86_64.jar;C:\Users\jedch\.m2\repository\org\bytedeco\libfreenect\0.5.7-1.5.9\libfreenect-0.5.7-1.5.9-windows-x86.jar;C:\Users\jedch\.m2\repository\org\bytedeco\libfreenect\0.5.7-1.5.9\libfreenect-0.5.7-1.5.9-windows-x86_64.jar;C:\Users\jedch\.m2\repository\org\bytedeco\libfreenect2-platform\0.2.0-1.5.9\libfreenect2-platform-0.2.0-1.5.9.jar;C:\Users\jedch\.m2\repository\org\bytedeco\libfreenect2\0.2.0-1.5.9\libfreenect2-0.2.0-1.5.9-linux-x86.jar;C:\Users\jedch\.m2\repository\org\bytedeco\libfreenect2\0.2.0-1.5.9\libfreenect2-0.2.0-1.5.9-linux-x86_64.jar;C:\Users\jedch\.m2\repository\org\bytedeco\libfreenect2\0.2.0-1.5.9\libfreenect2-0.2.0-1.5.9-macosx-x86_64.jar;C:\Users\jedch\.m2\repository\org\bytedeco\libfreenect2\0.2.0-1.5.9\libfreenect2-0.2.0-1.5.9-windows-x86_64.jar;C:\Users\jedch\.m2\repository\org\bytedeco\librealsense-platform\1.12.4-1.5.9\librealsense-platform-1.12.4-1.5.9.jar;C:\Users\jedch\.m2\repository\org\bytedeco\librealsense\1.12.4-1.5.9\librealsense-1.12.4-1.5.9-linux-armhf.jar;C:\Users\jedch\.m2\repository\org\bytedeco\librealsense\1.12.4-1.5.9\librealsense-1.12.4-1.5.9-linux-arm64.jar;C:\Users\jedch\.m2\repository\org\bytedeco\librealsense\1.12.4-1.5.9\librealsense-1.12.4-1.5.9-linux-x86.jar;C:\Users\jedch\.m2\repository\org\bytedeco\librealsense\1.12.4-1.5.9\librealsense-1.12.4-1.5.9-linux-x86_64.jar;C:\Users\jedch\.m2\repository\org\bytedeco\librealsense\1.12.4-1.5.9\librealsense-1.12.4-1.5.9-macosx-x86_64.jar;C:\Users\jedch\.m2\repository\org\bytedeco\librealsense\1.12.4-1.5.9\librealsense-1.12.4-1.5.9-windows-x86.jar;C:\Users\jedch\.m2\repository\org\bytedeco\librealsense\1.12.4-1.5.9\librealsense-1.12.4-1.5.9-windows-x86_64.jar;C:\Users\jedch\.m2\repository\org\bytedeco\librealsense2-platform\2.53.1-1.5.9\librealsense2-platform-2.53.1-1.5.9.jar;C:\Users\jedch\.m2\repository\org\bytedeco\librealsense2\2.53.1-1.5.9\librealsense2-2.53.1-1.5.9-linux-armhf.jar;C:\Users\jedch\.m2\repository\org\bytedeco\librealsense2\2.53.1-1.5.9\librealsense2-2.53.1-1.5.9-linux-arm64.jar;C:\Users\jedch\.m2\repository\org\bytedeco\librealsense2\2.53.1-1.5.9\librealsense2-2.53.1-1.5.9-linux-x86.jar;C:\Users\jedch\.m2\repository\org\bytedeco\librealsense2\2.53.1-1.5.9\librealsense2-2.53.1-1.5.9-linux-x86_64.jar;C:\Users\jedch\.m2\repository\org\bytedeco\librealsense2\2.53.1-1.5.9\librealsense2-2.53.1-1.5.9-macosx-x86_64.jar;C:\Users\jedch\.m2\repository\org\bytedeco\librealsense2\2.53.1-1.5.9\librealsense2-2.53.1-1.5.9-windows-x86.jar;C:\Users\jedch\.m2\repository\org\bytedeco\librealsense2\2.53.1-1.5.9\librealsense2-2.53.1-1.5.9-windows-x86_64.jar;C:\Users\jedch\.m2\repository\org\bytedeco\videoinput-platform\0.200-1.5.9\videoinput-platform-0.200-1.5.9.jar;C:\Users\jedch\.m2\repository\org\bytedeco\videoinput\0.200-1.5.9\videoinput-0.200-1.5.9-windows-x86.jar;C:\Users\jedch\.m2\repository\org\bytedeco\videoinput\0.200-1.5.9\videoinput-0.200-1.5.9-windows-x86_64.jar;C:\Users\jedch\.m2\repository\org\bytedeco\artoolkitplus-platform\2.3.1-1.5.9\artoolkitplus-platform-2.3.1-1.5.9.jar;C:\Users\jedch\.m2\repository\org\bytedeco\artoolkitplus\2.3.1-1.5.9\artoolkitplus-2.3.1-1.5.9-android-arm.jar;C:\Users\jedch\.m2\repository\org\bytedeco\artoolkitplus\2.3.1-1.5.9\artoolkitplus-2.3.1-1.5.9-android-arm64.jar;C:\Users\jedch\.m2\repository\org\bytedeco\artoolkitplus\2.3.1-1.5.9\artoolkitplus-2.3.1-1.5.9-android-x86.jar;C:\Users\jedch\.m2\repository\org\bytedeco\artoolkitplus\2.3.1-1.5.9\artoolkitplus-2.3.1-1.5.9-android-x86_64.jar;C:\Users\jedch\.m2\repository\org\bytedeco\artoolkitplus\2.3.1-1.5.9\artoolkitplus-2.3.1-1.5.9-linux-x86.jar;C:\Users\jedch\.m2\repository\org\bytedeco\artoolkitplus\2.3.1-1.5.9\artoolkitplus-2.3.1-1.5.9-linux-x86_64.jar;C:\Users\jedch\.m2\repository\org\bytedeco\artoolkitplus\2.3.1-1.5.9\artoolkitplus-2.3.1-1.5.9-linux-armhf.jar;C:\Users\jedch\.m2\repository\org\bytedeco\artoolkitplus\2.3.1-1.5.9\artoolkitplus-2.3.1-1.5.9-linux-arm64.jar;C:\Users\jedch\.m2\repository\org\bytedeco\artoolkitplus\2.3.1-1.5.9\artoolkitplus-2.3.1-1.5.9-linux-ppc64le.jar;C:\Users\jedch\.m2\repository\org\bytedeco\artoolkitplus\2.3.1-1.5.9\artoolkitplus-2.3.1-1.5.9-macosx-x86_64.jar;C:\Users\jedch\.m2\repository\org\bytedeco\artoolkitplus\2.3.1-1.5.9\artoolkitplus-2.3.1-1.5.9-windows-x86.jar;C:\Users\jedch\.m2\repository\org\bytedeco\artoolkitplus\2.3.1-1.5.9\artoolkitplus-2.3.1-1.5.9-windows-x86_64.jar;C:\Users\jedch\.m2\repository\org\bytedeco\leptonica-platform\1.84.1-1.5.10\leptonica-platform-1.84.1-1.5.10.jar;C:\Users\jedch\.m2\repository\org\bytedeco\leptonica\1.84.1-1.5.10\leptonica-1.84.1-1.5.10-android-arm64.jar;C:\Users\jedch\.m2\repository\org\bytedeco\leptonica\1.84.1-1.5.10\leptonica-1.84.1-1.5.10-android-x86_64.jar;C:\Users\jedch\.m2\repository\org\bytedeco\leptonica\1.84.1-1.5.10\leptonica-1.84.1-1.5.10-linux-x86_64.jar;C:\Users\jedch\.m2\repository\org\bytedeco\leptonica\1.84.1-1.5.10\leptonica-1.84.1-1.5.10-linux-arm64.jar;C:\Users\jedch\.m2\repository\org\bytedeco\leptonica\1.84.1-1.5.10\leptonica-1.84.1-1.5.10-linux-ppc64le.jar;C:\Users\jedch\.m2\repository\org\bytedeco\leptonica\1.84.1-1.5.10\leptonica-1.84.1-1.5.10-macosx-arm64.jar;C:\Users\jedch\.m2\repository\org\bytedeco\leptonica\1.84.1-1.5.10\leptonica-1.84.1-1.5.10-macosx-x86_64.jar;C:\Users\jedch\.m2\repository\org\bytedeco\leptonica\1.84.1-1.5.10\leptonica-1.84.1-1.5.10-windows-x86_64.jar;C:\Users\jedch\.m2\repository\org\bytedeco\tesseract-platform\5.3.4-1.5.10\tesseract-platform-5.3.4-1.5.10.jar;C:\Users\jedch\.m2\repository\org\bytedeco\tesseract\5.3.4-1.5.10\tesseract-5.3.4-1.5.10-android-arm64.jar;C:\Users\jedch\.m2\repository\org\bytedeco\tesseract\5.3.4-1.5.10\tesseract-5.3.4-1.5.10-android-x86_64.jar;C:\Users\jedch\.m2\repository\org\bytedeco\tesseract\5.3.4-1.5.10\tesseract-5.3.4-1.5.10-linux-x86_64.jar;C:\Users\jedch\.m2\repository\org\bytedeco\tesseract\5.3.4-1.5.10\tesseract-5.3.4-1.5.10-linux-arm64.jar;C:\Users\jedch\.m2\repository\org\bytedeco\tesseract\5.3.4-1.5.10\tesseract-5.3.4-1.5.10-linux-ppc64le.jar;C:\Users\jedch\.m2\repository\org\bytedeco\tesseract\5.3.4-1.5.10\tesseract-5.3.4-1.5.10-macosx-arm64.jar;C:\Users\jedch\.m2\repository\org\bytedeco\tesseract\5.3.4-1.5.10\tesseract-5.3.4-1.5.10-macosx-x86_64.jar;C:\Users\jedch\.m2\repository\org\bytedeco\tesseract\5.3.4-1.5.10\tesseract-5.3.4-1.5.10-windows-x86_64.jar;C:\Users\jedch\.m2\repository\org\apache\pdfbox\pdfbox\3.0.2\pdfbox-3.0.2.jar;C:\Users\jedch\.m2\repository\org\apache\pdfbox\pdfbox-io\3.0.2\pdfbox-io-3.0.2.jar;C:\Users\jedch\.m2\repository\org\apache\pdfbox\fontbox\3.0.2\fontbox-3.0.2.jar;C:\Users\jedch\.m2\repository\commons-logging\commons-logging\1.3.0\commons-logging-1.3.0.jar;C:\Users\jedch\.m2\repository\net\java\dev\jna\jna\5.14.0\jna-5.14.0.jar;C:\Users\jedch\.m2\repository\net\java\dev\jna\jna-platform\5.14.0\jna-platform-5.14.0.jar
Launcher Type: SUN_STANDARD

[Global flags]
     intx CICompilerCount                          = 4                                         {product} {ergonomic}
     uint ConcGCThreads                            = 2                                         {product} {ergonomic}
     uint G1ConcRefinementThreads                  = 8                                         {product} {ergonomic}
   size_t G1HeapRegionSize                         = 4194304                                   {product} {ergonomic}
   size_t InitialHeapSize                          = 331350016                                 {product} {ergonomic}
   size_t MarkStackSize                            = 4194304                                   {product} {ergonomic}
   size_t MarkStackSizeMax                         = 536870912                                 {product} {ergonomic}
   size_t MaxHeapSize                              = 5301600256                                {product} {ergonomic}
   size_t MaxNewSize                               = 3179282432                                {product} {ergonomic}
   size_t MinHeapDeltaBytes                        = 4194304                                   {product} {ergonomic}
   size_t MinHeapSize                              = 8388608                                   {product} {ergonomic}
    uintx NonNMethodCodeHeapSize                   = 5832704                                {pd product} {ergonomic}
    uintx NonProfiledCodeHeapSize                  = 122945536                              {pd product} {ergonomic}
    uintx ProfiledCodeHeapSize                     = 122880000                              {pd product} {ergonomic}
    uintx ReservedCodeCacheSize                    = 251658240                              {pd product} {ergonomic}
     bool SegmentedCodeCache                       = true                                      {product} {ergonomic}
   size_t SoftMaxHeapSize                          = 5301600256                             {manageable} {ergonomic}
     bool UseCompressedOops                        = true                           {product lp64_product} {ergonomic}
     bool UseG1GC                                  = true                                      {product} {ergonomic}
     bool UseLargePagesIndividualAllocation        = false                                  {pd product} {ergonomic}

Logging:
Log output configuration:
 #0: stdout all=warning uptime,level,tags foldmultilines=false
 #1: stderr all=off uptime,level,tags foldmultilines=false

Release file:
IMPLEMENTOR="Oracle Corporation" 
JAVA_RUNTIME_VERSION="25.0.2+10-69" 
JAVA_VERSION="25.0.2" 
JAVA_VERSION_DATE="2026-01-20" 
LIBC="default" 
MODULES="java.base java.compiler java.datatransfer java.xml java.prefs java.desktop java.instrument java.logging java.management java.security.sasl java.naming java.rmi java.management.rmi java.net.http java.scripting java.security.jgss java.transaction.xa java.sql java.sql.rowset java.xml.crypto java.se java.smartcardio jdk.accessibility jdk.internal.jvmstat jdk.attach jdk.charsets jdk.internal.opt jdk.zipfs jdk.compiler jdk.crypto.cryptoki jdk.crypto.ec jdk.crypto.mscapi jdk.dynalink jdk.internal.ed jdk.editpad jdk.internal.vm.ci jdk.graal.compiler jdk.graal.compiler.management jdk.hotspot.agent jdk.httpserver jdk.incubator.vector jdk.internal.le jdk.internal.md jdk.jartool jdk.javadoc jdk.jcmd jdk.management jdk.management.agent jdk.jconsole jdk.jdeps jdk.jdwp.agent jdk.jdi jdk.jfr jdk.jlink jdk.jpackage jdk.jshell jdk.jsobject jdk.jstatd jdk.localedata jdk.management.jfr jdk.naming.dns jdk.naming.rmi jdk.net jdk.nio.mapmode jdk.sctp jdk.security.auth jdk.security.jgss jdk.unsupported jdk.unsupported.desktop jdk.xml.dom" 
OS_ARCH="x86_64" 
OS_NAME="Windows" 
SOURCE=".:git:405a5699ebd0" 

Environment Variables:
PATH=C:\Python314\Scripts\;C:\Python314\;C:\oraclexe\app\oracle\product\11.2.0\server\bin;;C:\Program Files (x86)\VMware\VMware Workstation\bin\;C:\Users\jedch\OneDrive\Desktop\Oracle\app\oracle\product\11.2.0\server\bin;C:\Program Files (x86)\Common Files\Oracle\Java\javapath;C:\Windows\system32;C:\Windows;C:\Windows\System32\Wbem;C:\Windows\System32\WindowsPowerShell\v1.0\;C:\Windows\System32\OpenSSH\;C:\Program Files\dotnet\;C:\Program Files (x86)\NVIDIA Corporation\PhysX\Common;C:\Program Files\Git\cmd;C:\WINDOWS\system32;C:\WINDOWS;C:\WINDOWS\System32\Wbem;C:\WINDOWS\System32\WindowsPowerShell\v1.0\;C:\WINDOWS\System32\OpenSSH\;C:\oraclexe;C:\oraclexe\app\oracle\admin\XE;C:\xampp\php;C:\ProgramData\ComposerSetup\bin;C:\Program Files\nodejs\;C:\ProgramData\chocolatey\bin;C:\Users\jedch\scoop\shims;C:\Users\jedch\AppData\Local\Microsoft\WindowsApps;C:\Users\jedch\AppData\Local\Programs\Microsoft VS Code\bin;C:\Users\jedch\AppData\Local\GitHubDesktop\bin;C:\Users\jedch\AppData\Local\Programs\cursor\resources\app\bin;C:\Users\jedch\AppData\Roaming\Composer\vendor\bin;C:\Users\jedch\AppData\Roaming\npm;C:\Users\jedch\.dotnet\tools
USERNAME=jedch
OS=Windows_NT
PROCESSOR_IDENTIFIER=Intel64 Family 6 Model 140 Stepping 1, GenuineIntel
TMP=C:\Users\jedch\AppData\Local\Temp
TEMP=C:\Users\jedch\AppData\Local\Temp




Compilation memory statistics disabled.

Periodic native trim disabled

---------------  S Y S T E M  ---------------

OS:
 Windows 11 , 64 bit Build 26100 (10.0.26100.7705)
OS uptime: 0 days 22:15 hours
Hyper-V role detected

CPU: total 8 (initial active 8) (4 cores per cpu, 2 threads per core) family 6 model 140 stepping 1 microcode 0xbc, cx8, cmov, fxsr, ht, mmx, 3dnowpref, sse, sse2, sse3, ssse3, sse4.1, sse4.2, popcnt, lzcnt, tsc, tscinvbit, avx, avx2, aes, erms, clmul, bmi1, bmi2, adx, avx512f, avx512dq, avx512cd, avx512bw, avx512vl, sha, fma, vzeroupper, avx512_vpopcntdq, avx512_vpclmulqdq, avx512_vaes, avx512_vnni, clflush, clflushopt, clwb, avx512_vbmi2, avx512_vbmi, hv, rdtscp, rdpid, fsrm, gfni, avx512_bitalg, f16c, cet_ibt, cet_ss, avx512_ifma
Processor Information for processor 0
  Max Mhz: 2419, Current Mhz: 2419, Mhz Limit: 2419
Processor Information for processor 1
  Max Mhz: 2419, Current Mhz: 1007, Mhz Limit: 2419
Processor Information for processor 2
  Max Mhz: 2419, Current Mhz: 1007, Mhz Limit: 2419
Processor Information for processor 3
  Max Mhz: 2419, Current Mhz: 2419, Mhz Limit: 2419
Processor Information for processor 4
  Max Mhz: 2419, Current Mhz: 2419, Mhz Limit: 2419
Processor Information for processor 5
  Max Mhz: 2419, Current Mhz: 2419, Mhz Limit: 2419
Processor Information for processor 6
  Max Mhz: 2419, Current Mhz: 1007, Mhz Limit: 2419
Processor Information for processor 7
  Max Mhz: 2419, Current Mhz: 2419, Mhz Limit: 2419

Memory: 4k page, system-wide physical 20218M (5471M free)
TotalPageFile size 24314M (AvailPageFile size 6840M)
current process WorkingSet (physical memory assigned to process): 501M, peak: 501M
current process commit charge ("private bytes"): 2340M, peak: 2340M

vm_info: OpenJDK 64-Bit Server VM (25.0.2+10-69) for windows-amd64 JRE (25.0.2+10-69), built on 2025-12-18T11:36:35Z with MS VC++ 17.13 (VS2022)

END.
