#
# A fatal error has been detected by the Java Runtime Environment:
#
#  EXCEPTION_ACCESS_VIOLATION (0xc0000005) at pc=0x00007ffd15aea80a, pid=22244, tid=25924
#
# JRE version: OpenJDK Runtime Environment (25.0.2+10) (build 25.0.2+10-69)
# Java VM: OpenJDK 64-Bit Server VM (25.0.2+10-69, mixed mode, sharing, tiered, compressed oops, compressed class ptrs, g1 gc, windows-amd64)
# Problematic frame:
# C  [KERNELBASE.dll+0xca80a]
#
# No core dump will be written. Minidumps are not enabled by default on client versions of Windows
#
# If you would like to submit a bug report, please visit:
#   https://bugreport.java.com/bugreport/crash.jsp
# The crash happened outside the Java Virtual Machine in native code.
# See problematic frame for where to report the bug.
#

---------------  S U M M A R Y ------------

Command Line: --module-path=C:\Users\jedch\Downloads\openjfx-25.0.2_windows-x64_bin-sdk\javafx-sdk-25.0.2\lib --add-modules=javafx.controls,javafx.fxml -javaagent:C:\Program Files\JetBrains\IntelliJ IDEA 2025.2.2\lib\idea_rt.jar=59651 -Dfile.encoding=UTF-8 -Dsun.stdout.encoding=UTF-8 -Dsun.stderr.encoding=UTF-8 ui.BlindHireApp

Host: 11th Gen Intel(R) Core(TM) i5-1135G7 @ 2.40GHz, 8 cores, 19G,  Windows 11 , 64 bit Build 26100 (10.0.26100.7705)
Time: Fri Feb 27 09:52:20 2026 W. Central Africa Standard Time elapsed time: 61.726763 seconds (0d 0h 1m 1s)

---------------  T H R E A D  ---------------

Current thread (0x00000130715934a0):  JavaThread "Thread-176"        [_thread_in_native, id=25924, stack(0x0000002b8f200000,0x0000002b8f300000) (1024K)]

Stack: [0x0000002b8f200000,0x0000002b8f300000],  sp=0x0000002b8f2fb750,  free space=1005k
Native frames: (J=compiled Java code, j=interpreted, Vv=VM code, C=native code)
C  [KERNELBASE.dll+0xca80a]  (no source info available)
C  [vcruntime140_1.dll+0x2610]  (no source info available)
C  [ntdll.dll+0x121306]  (no source info available)
C  0x00007ffca4ab399c  (no source info available)
C  0x00007ffca4535e8e  (no source info available)
C  0x00007ffca4193b79  (no source info available)
C  0x00007ffca41942ba  (no source info available)
C  0x00007ffca415f1ac  (no source info available)
C  0x00007ffca5013869  (no source info available)
C  0x00007ffca50130a9  (no source info available)
C  0x00007ffca4fc6f7c  (no source info available)
C  0x00007ffccd6da48f  (no source info available)
C  0x0000013052020990  (no source info available)

The last pc belongs to native nmethod (printed below).
Java frames: (J=compiled Java code, j=interpreted, Vv=VM code)
J 4807  org.bytedeco.opencv.opencv_videoio.VideoCapture.retrieve(Lorg/bytedeco/opencv/opencv_core/Mat;)Z (0 bytes) @ 0x0000013052020957 [0x0000013052020900+0x0000000000000057]
j  org.bytedeco.javacv.OpenCVFrameGrabber.grab()Lorg/bytedeco/javacv/Frame;+8
j  Service.FaceService.grabFrameAsImage()Ljavafx/scene/image/Image;+20
j  ui.FaceCaptureDialog$1.lambda$handle$0()V+7
j  ui.FaceCaptureDialog$1$$Lambda+0x000000003836ec08.run()V+4
j  java.lang.Thread.runWith(Ljava/lang/Object;Ljava/lang/Runnable;)V+5 java.base@25.0.2
j  java.lang.Thread.run()V+19 java.base@25.0.2
v  ~StubRoutines::call_stub 0x00000130518712ed

siginfo: EXCEPTION_ACCESS_VIOLATION (0xc0000005), writing address 0x000000000005a000


Registers:
RAX=0x0000000000000000, RBX=0x0000002b8f2fe1e0, RCX=0x0000000000000000, RDX=0x0000000000000000
RSP=0x0000002b8f2fb750, RBP=0x0000000000000002, RSI=0x0000000000000001, RDI=0x00000000c0000005
R8 =0x0000000000000000, R9 =0x0000000000000000, R10=0x0000000000000000, R11=0x0000000000000000
R12=0x0000000000000000, R13=0x0000002b8f2fb8a0, R14=0x00007ffca48a0000, R15=0x0000002b8f2fc758
RIP=0x00007ffd15aea80a, EFLAGS=0x0000000000000202

XMM[0]=0x0000000000000000 0x0000000000000000
XMM[1]=0x0000000000000000 0x0000000000000000
XMM[2]=0x0000000000000000 0x0000000000000000
XMM[3]=0x0000000000000000 0x0000000000000000
XMM[4]=0x0000000000000000 0x0000000000000000
XMM[5]=0x0000000000000000 0x0000000000000000
XMM[6]=0x0000000000000000 0x4012c00000000000
XMM[7]=0x0000000000000000 0x0000000000000000
XMM[8]=0x0000000000000000 0x0000000000000000
XMM[9]=0x0000000000000000 0x0000000000000000
XMM[10]=0x0000000000000000 0x0000000000000000
XMM[11]=0x0000000000000000 0x0000000000000000
XMM[12]=0x0000000000000000 0x0000000000000000
XMM[13]=0x0000000000000000 0x0000000000000000
XMM[14]=0x0000000000000000 0x0000000000000000
XMM[15]=0x0000000000000000 0x0000000000000000
  MXCSR=0x00001fa0


Register to memory mapping:

RAX=0x0 is null
RBX=0x0000002b8f2fe1e0 is pointing into the stack for thread: 0x00000130715934a0
RCX=0x0 is null
RDX=0x0 is null
RSP=0x0000002b8f2fb750 is pointing into the stack for thread: 0x00000130715934a0
RBP=0x0000000000000002 is an unknown value
RSI=0x0000000000000001 is an unknown value
RDI=0x00000000c0000005 is an unknown value
R8 =0x0 is null
R9 =0x0 is null
R10=0x0 is null
R11=0x0 is null
R12=0x0 is null
R13=0x0000002b8f2fb8a0 is pointing into the stack for thread: 0x00000130715934a0
R14=0x00007ffca48a0000 points into unknown readable memory: 0x0000000300905a4d | 4d 5a 90 00 03 00 00 00
R15=0x0000002b8f2fc758 is pointing into the stack for thread: 0x00000130715934a0

Top of Stack: (sp=0x0000002b8f2fb750)
0x0000002b8f2fb750:   0000002b8f2fe1c0 0000002b8f2fe1e0   ../.+...../.+...
0x0000002b8f2fb760:   0000000000000001 00000000c0000005   ................
0x0000002b8f2fb770:   00000081c0000005 0000000000000000   ................
0x0000002b8f2fb780:   00007ffd15aea80a 0000000000000002   ................
0x0000002b8f2fb790:   0000000000000001 000000000005a000   ................
0x0000002b8f2fb7a0:   0000000000000000 0000000000000000   ................
0x0000002b8f2fb7b0:   0000000000000000 0000000000000000   ................
0x0000002b8f2fb7c0:   0000000000000000 0000000000000000   ................
0x0000002b8f2fb7d0:   0000000000000000 0000000000000000   ................
0x0000002b8f2fb7e0:   0000000000000000 0000000000000000   ................
0x0000002b8f2fb7f0:   0000000000000000 0000000000000000   ................
0x0000002b8f2fb800:   0000000000000000 0000002b8f2fe1c0   ........../.+...
0x0000002b8f2fb810:   000068b9b5a8ea8c 00007ffd115c32a1   .....h...2\.....
0x0000002b8f2fb820:   0000002b8f2fd3c0 0000002b8f2fc5f0   ../.+...../.+...
0x0000002b8f2fb830:   0000002b8f2fe1c0 0000002b8f2fbe40   ../.+...@./.+...
0x0000002b8f2fb840:   0000002b8f2fd3c0 00007ffd115c2610   ../.+....&\.....
0x0000002b8f2fb850:   00007ffca4c16e50 0000002b8f2fc758   Pn......X./.+...
0x0000002b8f2fb860:   0000002b00000100 0000000000000000   ....+...........
0x0000002b8f2fb870:   0000000000000001 0000000000000000   ................
0x0000002b8f2fb880:   0000000000000000 0000000000000000   ................
0x0000002b8f2fb890:   0000000000000000 0000002b8f2fb8a0   ........../.+...
0x0000002b8f2fb8a0:   000000000005a000 0000000000000000   ................
0x0000002b8f2fb8b0:   0000000000000000 00007ffca4c16e50   ........Pn......
0x0000002b8f2fb8c0:   00007ffca48a0000 00007ffca48a0000   ................
0x0000002b8f2fb8d0:   0000002b8f2fa0b0 0044886400448855   ../.+...U.D.d.D.
0x0000002b8f2fb8e0:   00007ffca4ab2b0d 0000002b8f2fbef0   .+......../.+...
0x0000002b8f2fb8f0:   0000002b8f300000 0000002b8f2fe520   ..0.+... ./.+...
0x0000002b8f2fb900:   0000002b8f2fbdf0 0000002b8f2fc3c0   ../.+...../.+...
0x0000002b8f2fb910:   00007ffd115c2460 00007ffd191a1306   `$\.............
0x0000002b8f2fb920:   0000000000000001 0000000000000002   ................
0x0000002b8f2fb930:   0000000000000000 0000002b8f2fe1c0   ........../.+...
0x0000002b8f2fb940:   0000002b8f2fc0c0 00007ffca4d5bb14   ../.+...........

Instructions: (pc=0x00007ffd15aea80a)
  0x00007ffd15aea70a:   00 e8 70 2a fe ff 48 8b cb e8 48 bd f7 ff 48 85
  0x00007ffd15aea71a:   f6 74 08 48 8b ce e8 3b bd f7 ff 48 85 ff 74 08
  0x00007ffd15aea72a:   48 8b cf e8 2e bd f7 ff 8b 4c 24 40 48 ff 15 d3
  0x00007ffd15aea73a:   60 1c 00 0f 1f 44 00 00 90 48 8b 8c 24 a0 02 00
  0x00007ffd15aea74a:   00 48 33 cc e8 bd 7c 0c 00 4c 8d 9c 24 b0 02 00
  0x00007ffd15aea75a:   00 49 8b 5b 38 49 8b 73 40 49 8b e3 41 5f 41 5e
  0x00007ffd15aea76a:   41 5d 41 5c 5f c3 cc cc cc cc cc cc cc cc cc cc
  0x00007ffd15aea77a:   cc cc cc cc cc cc 40 53 55 56 57 48 81 ec d8 00
  0x00007ffd15aea78a:   00 00 48 8b 05 3d e9 2c 00 48 33 c4 48 89 84 24
  0x00007ffd15aea79a:   c0 00 00 00 8b f2 41 8b e8 33 d2 8b f9 48 8d 4c
  0x00007ffd15aea7aa:   24 3c 49 8b d9 44 8d 42 7c e8 d9 07 06 00 33 c9
  0x00007ffd15aea7ba:   89 7c 24 20 83 e6 01 48 89 4c 24 28 89 74 24 24
  0x00007ffd15aea7ca:   48 8d 05 af ff ff ff 48 89 44 24 30 48 85 db 74
  0x00007ffd15aea7da:   51 41 b8 0f 00 00 00 48 8d 4c 24 40 41 3b e8 48
  0x00007ffd15aea7ea:   8b d3 44 0f 46 c5 44 89 44 24 38 49 c1 e0 03 e8
  0x00007ffd15aea7fa:   c9 7b 0c 00 48 8d 4c 24 20 48 ff 15 26 67 1c 00
=>0x00007ffd15aea80a:   0f 1f 44 00 00 48 8b 8c 24 c0 00 00 00 48 33 cc
  0x00007ffd15aea81a:   e8 f1 7b 0c 00 48 81 c4 d8 00 00 00 5f 5e 5d 5b
  0x00007ffd15aea82a:   c3 cc 89 4c 24 38 eb cc cc cc cc cc cc cc cc cc
  0x00007ffd15aea83a:   cc cc cc cc cc cc 48 89 5c 24 10 48 89 74 24 18
  0x00007ffd15aea84a:   57 48 83 ec 30 48 8b d9 33 ff f6 c1 08 0f 84 a7
  0x00007ffd15aea85a:   00 00 00 48 8b 0d ec 43 2d 00 48 ff 15 25 61 1c
  0x00007ffd15aea86a:   00 0f 1f 44 00 00 90 48 8d 53 f8 48 8d 0d a4 43
  0x00007ffd15aea87a:   2d 00 48 ff 15 dd 60 1c 00 0f 1f 44 00 00 84 c0
  0x00007ffd15aea88a:   74 2f 48 8b 3b 48 89 7c 24 20 48 85 ff 74 1b 0f
  0x00007ffd15aea89a:   b7 4b fa ba ff 00 00 00 8d 41 01 66 89 43 fa 66
  0x00007ffd15aea8aa:   3b ca 75 1e 66 89 4b fa eb 18 b9 9d 00 00 00 eb
  0x00007ffd15aea8ba:   05 b9 06 00 00 00 48 ff 15 49 5f 1c 00 0f 1f 44
  0x00007ffd15aea8ca:   00 00 eb 0f 33 ff 48 89 7c 24 20 8b c8 e8 34 83
  0x00007ffd15aea8da:   f7 ff 90 48 8b 0d 6c 43 2d 00 48 ff 15 9d 60 1c
  0x00007ffd15aea8ea:   00 0f 1f 44 00 00 48 8b c7 48 8b 5c 24 48 48 8b
  0x00007ffd15aea8fa:   74 24 50 48 83 c4 30 5f c3 cc 48 8b 05 c5 56 2d


Stack slot to memory mapping:

stack at sp + 0 slots: 0x0000002b8f2fe1c0 is pointing into the stack for thread: 0x00000130715934a0
stack at sp + 1 slots: 0x0000002b8f2fe1e0 is pointing into the stack for thread: 0x00000130715934a0
stack at sp + 2 slots: 0x0000000000000001 is an unknown value
stack at sp + 3 slots: 0x00000000c0000005 is an unknown value
stack at sp + 4 slots: 0x00000081c0000005 is an unknown value
stack at sp + 5 slots: 0x0 is null
stack at sp + 6 slots: 0x00007ffd15aea80a KERNELBASE.dll
stack at sp + 7 slots: 0x0000000000000002 is an unknown value

Lock stack of current Java thread (top to bottom):


Compiled method (n/a) 63082 4807     n 0       org.bytedeco.opencv.opencv_videoio.VideoCapture::retrieve (native)
 total in heap  [0x0000013052020808,0x0000013052020a98] = 656
 main code      [0x0000013052020900,0x0000013052020a8e] = 398
 stub code      [0x0000013052020a8e,0x0000013052020a90] = 2
 oops           [0x0000013052020a90,0x0000013052020a98] = 8
 mutable data [0x000001306935a0e0,0x000001306935a0f8] = 24
 relocation     [0x000001306935a0e0,0x000001306935a0f8] = 24

[Constant Pool (empty)]

[MachCode]
[Entry Point]
  # {method} {0x0000013064717bc8} 'retrieve' '(Lorg/bytedeco/opencv/opencv_core/Mat;)Z' in 'org/bytedeco/opencv/opencv_videoio/VideoCapture'
  # this:     rdx:rdx   = 'org/bytedeco/opencv/opencv_videoio/VideoCapture'
  # parm0:    r8:r8     = 'org/bytedeco/opencv/opencv_core/Mat'
  #           [sp+0x70]  (sp of caller)
  0x0000013052020900: 6690 448b | 5208 443b 

  0x0000013052020908: ;   {runtime_call Shared Runtime ic_miss_blob}
  0x0000013052020908: 5008 0f85 | d0e3 89ff 
[Verified Entry Point]
  0x0000013052020910: 8984 2400 | 80ff ff55 | 488b ec48 | 83ec 6090 | 4181 7f20 | 0300 0000 

  0x0000013052020928: ;   {runtime_call Stub::method_entry_barrier}
  0x0000013052020928: 7405 e8b1 | 5c88 ff4c | 8944 2428 | 4983 f800 | 4c8d 4424 | 284c 0f44 | 4424 2848 | 8954 2420 
  0x0000013052020948: 4883 fa00 | 488d 5424 | 2048 0f44 | 5424 20c5 

  0x0000013052020958: ;   {internal_word}
  0x0000013052020958: f877 49ba | 5709 0252 | 3001 0000 | 4d89 9730 | 0400 0049 | 89a7 2804 | 0000 498d | 8f48 0400 
  0x0000013052020978: 0041 c787 | d404 0000 | 0400 0000 

  0x0000013052020984: ;   {runtime_call}
  0x0000013052020984: 48b8 b0a3 | 6dcd fc7f | 0000 ffd0 | c5f8 7725 | ff00 0000 | 0f95 c041 | c787 d404 | 0000 0500 
  0x00000130520209a4: 0000 f083 | 4424 c000 | 493b 6f28 | 0f87 0e00 | 0000 4183 | bfd0 0400 | 0000 0f84 | 2b00 0000 
  0x00000130520209c4: c5f8 7748 | 8945 f849 | 8bcf 4c8b | e448 83ec | 2048 83e4 

  0x00000130520209d8: ;   {runtime_call}
  0x00000130520209d8: f048 b8a0 | af1a 97fc | 7f00 00ff | d049 8be4 | 4d33 e448 | 8b45 f841 | c787 d404 | 0000 0800 
  0x00000130520209f8: 0000 4183 | bf50 0500 | 0002 0f84 | 5900 0000 | 49c7 8728 | 0400 0000 | 0000 0049 | c787 3004 
  0x0000013052020a18: 0000 0000 | 0000 c5f8 | 7749 8b8f | b804 0000 | c781 0001 | 0000 0000 

  0x0000013052020a30: ;   {poll_return}
  0x0000013052020a30: 0000 c941 | f647 2801 

  0x0000013052020a38: ;   {internal_word}
  0x0000013052020a38: 7416 49ba | 330a 0252 | 3001 0000 | 4d89 97e0 

  0x0000013052020a48: ;   {runtime_call SafepointBlob}
  0x0000013052020a48: 0400 00e9 | 1018 8aff | 4983 7f08 | 000f 8501 | 0000 00c3 

  0x0000013052020a5c: ;   {runtime_call Stub::forward_exception}
  0x0000013052020a5c: e97f 0785 | ffc5 f877 | 4889 45f8 | 4c8b e448 | 83ec 2048 

  0x0000013052020a70: ;   {runtime_call}
  0x0000013052020a70: 83e4 f048 | b8b0 fc53 | 97fc 7f00 | 00ff d049 | 8be4 4d33 | e448 8b45 | f8e9 7aff | ffff f4f4 
[/MachCode]


---------------  P R O C E S S  ---------------

Threads class SMR info:
_java_thread_list=0x0000013062780620, length=30, elements={
0x000001303f628ff0, 0x0000013061eef1b0, 0x0000013061ef14f0, 0x0000013061ef5da0,
0x0000013061ef6560, 0x0000013061eff8a0, 0x0000013061f01110, 0x0000013061f0bf00,
0x0000013061f11060, 0x00000130625b5f10, 0x0000013068362a80, 0x0000013068365250,
0x0000013068890080, 0x0000013067934ca0, 0x0000013067e40100, 0x000001306805dbd0,
0x0000013068061120, 0x000001306809de50, 0x0000013068e24bc0, 0x0000013069278070,
0x0000013069272a80, 0x0000013067a6e670, 0x00000130689153d0, 0x00000130715934a0,
0x000001307158ee50, 0x0000013068909850, 0x00000130689105b0, 0x000001306890d6d0,
0x000001306890fde0, 0x0000013068912cc0
}

Java Threads: ( => current thread )
  0x000001303f628ff0 JavaThread "main"                              [_thread_blocked, id=19368, stack(0x0000002b8f500000,0x0000002b8f600000) (1024K)]
  0x0000013061eef1b0 JavaThread "Reference Handler"          daemon [_thread_blocked, id=10608, stack(0x0000002b8fd00000,0x0000002b8fe00000) (1024K)]
  0x0000013061ef14f0 JavaThread "Finalizer"                  daemon [_thread_blocked, id=20012, stack(0x0000002b8fe00000,0x0000002b8ff00000) (1024K)]
  0x0000013061ef5da0 JavaThread "Signal Dispatcher"          daemon [_thread_blocked, id=26284, stack(0x0000002b8ff00000,0x0000002b90000000) (1024K)]
  0x0000013061ef6560 JavaThread "Attach Listener"            daemon [_thread_blocked, id=3300, stack(0x0000002b90000000,0x0000002b90100000) (1024K)]
  0x0000013061eff8a0 JavaThread "Service Thread"             daemon [_thread_blocked, id=27204, stack(0x0000002b90100000,0x0000002b90200000) (1024K)]
  0x0000013061f01110 JavaThread "Monitor Deflation Thread"   daemon [_thread_blocked, id=27992, stack(0x0000002b90200000,0x0000002b90300000) (1024K)]
  0x0000013061f0bf00 JavaThread "C2 CompilerThread0"         daemon [_thread_blocked, id=10424, stack(0x0000002b90300000,0x0000002b90400000) (1024K)]
  0x0000013061f11060 JavaThread "C1 CompilerThread0"         daemon [_thread_blocked, id=25412, stack(0x0000002b90400000,0x0000002b90500000) (1024K)]
  0x00000130625b5f10 JavaThread "Common-Cleaner"             daemon [_thread_blocked, id=18264, stack(0x0000002b90500000,0x0000002b90600000) (1024K)]
  0x0000013068362a80 JavaThread "Monitor Ctrl-Break"         daemon [_thread_in_native, id=29196, stack(0x0000002b90800000,0x0000002b90900000) (1024K)]
  0x0000013068365250 JavaThread "Notification Thread"        daemon [_thread_blocked, id=8552, stack(0x0000002b90900000,0x0000002b90a00000) (1024K)]
  0x0000013068890080 JavaThread "QuantumRenderer-0"          daemon [_thread_blocked, id=29676, stack(0x0000002b90600000,0x0000002b90700000) (1024K)]
  0x0000013067934ca0 JavaThread "InvokeLaterDispatcher"      daemon [_thread_blocked, id=6408, stack(0x0000002b90700000,0x0000002b90800000) (1024K)]
  0x0000013067e40100 JavaThread "JavaFX Application Thread"         [_thread_in_native, id=30232, stack(0x0000002b90a00000,0x0000002b90b00000) (1024K)]
  0x000001306805dbd0 JavaThread "JavaFX-Launcher"                   [_thread_blocked, id=15760, stack(0x0000002b91400000,0x0000002b91500000) (1024K)]
  0x0000013068061120 JavaThread "Thread-2"                   daemon [_thread_in_native, id=9784, stack(0x0000002b91300000,0x0000002b91400000) (1024K)]
  0x000001306809de50 JavaThread "Prism Font Disposer"        daemon [_thread_blocked, id=24244, stack(0x0000002b91500000,0x0000002b91600000) (1024K)]
  0x0000013068e24bc0 JavaThread "Cleaner-0"                  daemon [_thread_blocked, id=26392, stack(0x0000002b91700000,0x0000002b91800000) (1024K)]
  0x0000013069278070 JavaThread "JNA Cleaner"                daemon [_thread_blocked, id=25376, stack(0x0000002b92300000,0x0000002b92400000) (1024K)]
  0x0000013069272a80 JavaThread "mysql-cj-abandoned-connection-cleanup" daemon [_thread_blocked, id=23564, stack(0x0000002b91600000,0x0000002b91700000) (1024K)]
  0x0000013067a6e670 JavaThread "JavaCPP Deallocator"        daemon [_thread_blocked, id=17640, stack(0x0000002b92b00000,0x0000002b92c00000) (1024K)]
  0x00000130689153d0 JavaThread "Java2D Disposer"            daemon [_thread_blocked, id=25312, stack(0x0000002b95100000,0x0000002b95200000) (1024K)]
=>0x00000130715934a0 JavaThread "Thread-176"                        [_thread_in_native, id=25924, stack(0x0000002b8f200000,0x0000002b8f300000) (1024K)]
  0x000001307158ee50 JavaThread "Thread-196"                        [_thread_blocked, id=10892, stack(0x0000002b94a00000,0x0000002b94b00000) (1024K)]
  0x0000013068909850 Thread "Unknown thread"                        [id=22536, stack(0x0000002b94f00000,0x0000002b95000000) (1024K)]
  0x00000130689105b0 JavaThread "Thread-205"                        [_thread_in_native, id=20576, stack(0x0000002b95500000,0x0000002b95600000) (1024K)]
  0x000001306890d6d0 JavaThread "Thread-206"                        [_thread_in_native, id=23320, stack(0x0000002b95600000,0x0000002b95700000) (1024K)]
  0x000001306890fde0 JavaThread "Thread-207"                        [_thread_in_native, id=23256, stack(0x0000002b95700000,0x0000002b95800000) (1024K)]
  0x0000013068912cc0 JavaThread "Thread-208"                        [_thread_in_native, id=19540, stack(0x0000002b95800000,0x0000002b95900000) (1024K)]
Total: 30

Other Threads:
  0x0000013061edc820 VMThread "VM Thread"                           [id=30684, stack(0x0000002b8fc00000,0x0000002b8fd00000) (1024K)]
  0x0000013061ed0810 WatcherThread "VM Periodic Task Thread"        [id=6548, stack(0x0000002b8fb00000,0x0000002b8fc00000) (1024K)]
  0x0000013041b42240 WorkerThread "GC Thread#0"                     [id=21760, stack(0x0000002b8f600000,0x0000002b8f700000) (1024K)]
  0x0000013068d22f60 WorkerThread "GC Thread#1"                     [id=8884, stack(0x0000002b91800000,0x0000002b91900000) (1024K)]
  0x0000013068d23390 WorkerThread "GC Thread#2"                     [id=18840, stack(0x0000002b91900000,0x0000002b91a00000) (1024K)]
  0x0000013068bd8920 WorkerThread "GC Thread#3"                     [id=27212, stack(0x0000002b91a00000,0x0000002b91b00000) (1024K)]
  0x0000013068bd8d50 WorkerThread "GC Thread#4"                     [id=14804, stack(0x0000002b91b00000,0x0000002b91c00000) (1024K)]
  0x0000013068bd9180 WorkerThread "GC Thread#5"                     [id=27736, stack(0x0000002b91c00000,0x0000002b91d00000) (1024K)]
  0x0000013068bda1d0 WorkerThread "GC Thread#6"                     [id=144, stack(0x0000002b91d00000,0x0000002b91e00000) (1024K)]
  0x0000013068884560 WorkerThread "GC Thread#7"                     [id=14300, stack(0x0000002b92c00000,0x0000002b92d00000) (1024K)]
  0x0000013041b520b0 ConcurrentGCThread "G1 Main Marker"            [id=30040, stack(0x0000002b8f700000,0x0000002b8f800000) (1024K)]
  0x0000013041b53aa0 WorkerThread "G1 Conc#0"                       [id=22744, stack(0x0000002b8f800000,0x0000002b8f900000) (1024K)]
  0x0000013068880900 WorkerThread "G1 Conc#1"                       [id=24872, stack(0x0000002b92d00000,0x0000002b92e00000) (1024K)]
  0x0000013041b6e9c0 ConcurrentGCThread "G1 Refine#0"               [id=8388, stack(0x0000002b8f900000,0x0000002b8fa00000) (1024K)]
  0x0000013061da1990 ConcurrentGCThread "G1 Service"                [id=13448, stack(0x0000002b8fa00000,0x0000002b8fb00000) (1024K)]
Total: 15

Threads with active compile tasks:
Total: 0

VM state: not at safepoint (normal execution)

VM Mutex/Monitor currently owned by a thread: None

Heap address: 0x00000006c4000000, size: 5056 MB, Compressed Oops mode: Zero based, Oop shift amount: 3

CDS archive(s) mapped at: [0x0000000037000000-0x0000000037dd0000-0x0000000037dd0000), size 14483456, SharedBaseAddress: 0x0000000037000000, ArchiveRelocationMode: 1.
Compressed class space mapped at: 0x0000000038000000-0x0000000078000000, reserved size: 1073741824
UseCompressedClassPointers 1, UseCompactObjectHeaders 0
Narrow klass pointer bits 32, Max shift 3
Narrow klass base: 0x0000000037000000, Narrow klass shift: 0
Encoding Range: [0x0000000037000000 - 0x0000000137000000), (4294967296 bytes)
Klass Range:    [0x0000000037010000 - 0x0000000078000000), (1090453504 bytes)
Klass ID Range:  [65536 - 1090519033) (1090453497)
Protection zone: [0x0000000037000000 - 0x0000000037010000), (65536 bytes)

GC Precious Log:
 CardTable entry size: 512
 Card Set container configuration: InlinePtr #cards 4 size 8 Array Of Cards #cards 32 size 80 Howl #buckets 8 coarsen threshold 7372 Howl Bitmap #cards 1024 size 144 coarsen threshold 921 Card regions per heap region 1 cards per card region 8192
 CPUs: 8 total, 8 available
 Memory: 20218M
 Large Page Support: Disabled
 NUMA Support: Disabled
 Compressed Oops: Enabled (Zero based)
 Heap Region Size: 4M
 Heap Min Capacity: 8M
 Heap Initial Capacity: 316M
 Heap Max Capacity: 5056M
 Pre-touch: Disabled
 Parallel Workers: 8
 Concurrent Workers: 2
 Concurrent Refinement Workers: 8
 Periodic GC: Disabled

Heap:
 garbage-first heap   total reserved 5177344K, committed 118784K, used 44934K [0x00000006c4000000, 0x0000000800000000)
  region size 4096K, 9 young (36864K), 3 survivors (12288K)

Heap Regions: E=young(eden), S=young(survivor), O=old, HS=humongous(starts), HC=humongous(continues), CS=collection set, F=free, TAMS=top-at-mark-start, PB=parsable bottom
|   0|0x00000006c4000000, 0x00000006c4400000, 0x00000006c4400000|100%| O|  |TAMS 0x00000006c4000000| PB 0x00000006c4000000| Untracked |  0
|   1|0x00000006c4400000, 0x00000006c4800000, 0x00000006c4800000|100%| O|  |TAMS 0x00000006c4400000| PB 0x00000006c4400000| Untracked |  0
|   2|0x00000006c4800000, 0x00000006c4a1d9d0, 0x00000006c4c00000| 52%| O|  |TAMS 0x00000006c4800000| PB 0x00000006c4800000| Untracked |  0
|   3|0x00000006c4c00000, 0x00000006c4c00000, 0x00000006c5000000|  0%| F|  |TAMS 0x00000006c4c00000| PB 0x00000006c4c00000| Untracked |  0
|   4|0x00000006c5000000, 0x00000006c5000000, 0x00000006c5400000|  0%| F|  |TAMS 0x00000006c5000000| PB 0x00000006c5000000| Untracked |  0
|   5|0x00000006c5400000, 0x00000006c5400000, 0x00000006c5800000|  0%| F|  |TAMS 0x00000006c5400000| PB 0x00000006c5400000| Untracked |  0
|   6|0x00000006c5800000, 0x00000006c5800000, 0x00000006c5c00000|  0%| F|  |TAMS 0x00000006c5800000| PB 0x00000006c5800000| Untracked |  0
|   7|0x00000006c5c00000, 0x00000006c5c00000, 0x00000006c6000000|  0%| F|  |TAMS 0x00000006c5c00000| PB 0x00000006c5c00000| Untracked |  0
|   8|0x00000006c6000000, 0x00000006c6000000, 0x00000006c6400000|  0%| F|  |TAMS 0x00000006c6000000| PB 0x00000006c6000000| Untracked |  0
|   9|0x00000006c6400000, 0x00000006c6400000, 0x00000006c6800000|  0%| F|  |TAMS 0x00000006c6400000| PB 0x00000006c6400000| Untracked |  0
|  10|0x00000006c6800000, 0x00000006c69c4030, 0x00000006c6c00000| 44%| S|CS|TAMS 0x00000006c6800000| PB 0x00000006c6800000| Complete |  0
|  11|0x00000006c6c00000, 0x00000006c7000000, 0x00000006c7000000|100%| S|CS|TAMS 0x00000006c6c00000| PB 0x00000006c6c00000| Complete |  0
|  12|0x00000006c7000000, 0x00000006c7400000, 0x00000006c7400000|100%| S|CS|TAMS 0x00000006c7000000| PB 0x00000006c7000000| Complete |  0
|  13|0x00000006c7400000, 0x00000006c7400000, 0x00000006c7800000|  0%| F|  |TAMS 0x00000006c7400000| PB 0x00000006c7400000| Untracked |  0
|  14|0x00000006c7800000, 0x00000006c7800000, 0x00000006c7c00000|  0%| F|  |TAMS 0x00000006c7800000| PB 0x00000006c7800000| Untracked |  0
|  15|0x00000006c7c00000, 0x00000006c7c00000, 0x00000006c8000000|  0%| F|  |TAMS 0x00000006c7c00000| PB 0x00000006c7c00000| Untracked |  0
|  16|0x00000006c8000000, 0x00000006c8000000, 0x00000006c8400000|  0%| F|  |TAMS 0x00000006c8000000| PB 0x00000006c8000000| Untracked |  0
|  17|0x00000006c8400000, 0x00000006c8400000, 0x00000006c8800000|  0%| F|  |TAMS 0x00000006c8400000| PB 0x00000006c8400000| Untracked |  0
|  18|0x00000006c8800000, 0x00000006c8800000, 0x00000006c8c00000|  0%| F|  |TAMS 0x00000006c8800000| PB 0x00000006c8800000| Untracked |  0
|  19|0x00000006c8c00000, 0x00000006c8c00000, 0x00000006c9000000|  0%| F|  |TAMS 0x00000006c8c00000| PB 0x00000006c8c00000| Untracked |  0
|  43|0x00000006cec00000, 0x00000006cec00000, 0x00000006cf000000|  0%| F|  |TAMS 0x00000006cec00000| PB 0x00000006cec00000| Untracked |  0
|  44|0x00000006cf000000, 0x00000006cf12c010, 0x00000006cf400000| 29%| E|  |TAMS 0x00000006cf000000| PB 0x00000006cf000000| Complete |  0
|  45|0x00000006cf400000, 0x00000006cf739030, 0x00000006cf800000| 80%| E|  |TAMS 0x00000006cf400000| PB 0x00000006cf400000| Complete |  0
|  46|0x00000006cf800000, 0x00000006cfc00000, 0x00000006cfc00000|100%| E|CS|TAMS 0x00000006cf800000| PB 0x00000006cf800000| Complete |  0
|  47|0x00000006cfc00000, 0x00000006d0000000, 0x00000006d0000000|100%| E|CS|TAMS 0x00000006cfc00000| PB 0x00000006cfc00000| Complete |  0
|  78|0x00000006d7800000, 0x00000006d7c00000, 0x00000006d7c00000|100%| E|CS|TAMS 0x00000006d7800000| PB 0x00000006d7800000| Complete |  0
|1261|0x00000007ff400000, 0x00000007ff800000, 0x00000007ff800000|100%| O|  |TAMS 0x00000007ff400000| PB 0x00000007ff400000| Untracked |  0
|1262|0x00000007ff800000, 0x00000007ffc00000, 0x00000007ffc00000|100%| O|  |TAMS 0x00000007ff800000| PB 0x00000007ff800000| Untracked |  0
|1263|0x00000007ffc00000, 0x0000000800000000, 0x0000000800000000|100%| E|CS|TAMS 0x00000007ffc00000| PB 0x00000007ffc00000| Complete |  0

Card table byte_map: [0x000001305a160000,0x000001305ab40000] _byte_map_base: 0x0000013056b40000

Marking Bits: (CMBitMap*) 0x0000013041b429d0
 Bits: [0x000001305ab40000, 0x000001305fa40000)

Polling page: 0x000001303fb00000

Metaspace:
Metaspace        used 32654K, committed 32896K, reserved 1114112K
 class space     used 3757K, committed 3904K, reserved 1048576K

Usage:
  Non-class:     28.22 MB used.
      Class:      3.67 MB used.
       Both:     31.89 MB used.

Virtual space:
  Non-class space:       64.00 MB reserved,      28.31 MB ( 44%) committed,  1 nodes.
      Class space:        1.00 GB reserved,       3.81 MB ( <1%) committed,  1 nodes.
             Both:        1.06 GB reserved,      32.12 MB (  3%) committed. 

Chunk freelists:
   Non-Class:  2.77 MB
       Class:  12.18 MB
        Both:  14.95 MB

MaxMetaspaceSize: unlimited
CompressedClassSpaceSize: 1.00 GB
Initial GC threshold: 21.00 MB
Current GC threshold: 35.56 MB
CDS: on
 - commit_granule_bytes: 65536.
 - commit_granule_words: 8192.
 - virtual_space_node_default_size: 8388608.
 - enlarge_chunks_in_place: 1.
UseCompressedClassPointers 1, UseCompactObjectHeaders 0
Narrow klass pointer bits 32, Max shift 3
Narrow klass base: 0x0000000037000000, Narrow klass shift: 0
Encoding Range: [0x0000000037000000 - 0x0000000137000000), (4294967296 bytes)
Klass Range:    [0x0000000037010000 - 0x0000000078000000), (1090453504 bytes)
Klass ID Range:  [65536 - 1090519033) (1090453497)
Protection zone: [0x0000000037000000 - 0x0000000037010000), (65536 bytes)


Internal statistics:

num_allocs_failed_limit: 5.
num_arena_births: 192.
num_arena_deaths: 0.
num_vsnodes_births: 2.
num_vsnodes_deaths: 0.
num_space_committed: 512.
num_space_uncommitted: 0.
num_chunks_returned_to_freelist: 5.
num_chunks_taken_from_freelist: 1135.
num_chunk_merges: 5.
num_chunk_splits: 882.
num_chunks_enlarged: 772.
num_inconsistent_stats: 0.

CodeHeap 'non-profiled nmethods': size=120064Kb used=2379Kb max_used=2379Kb free=117684Kb
 bounds [0x0000013051e00000, 0x0000013052070000, 0x0000013059340000]
CodeHeap 'profiled nmethods': size=120000Kb used=9224Kb max_used=9224Kb free=110775Kb
 bounds [0x000001304a340000, 0x000001304ac50000, 0x0000013051870000]
CodeHeap 'non-nmethods': size=5696Kb used=2994Kb max_used=3031Kb free=2702Kb
 bounds [0x0000013051870000, 0x0000013051b70000, 0x0000013051e00000]
CodeCache: size=245760Kb, used=14597Kb, max_used=14634Kb, free=231161Kb
 total_blobs=7001, nmethods=5361, adapters=1541, full_count=0
Compilation: enabled, stopped_count=0, restarted_count=0

Compilation events (20 events):
Event: 61.229 Thread 0x0000013061f11060 5270       3       com.sun.prism.impl.BaseResourcePool::prepareForAllocation (6 bytes)
Event: 61.229 Thread 0x0000013061f11060 nmethod 5270 0x000001304ac1ad08 code [0x000001304ac1ae00, 0x000001304ac1afc0]
Event: 61.229 Thread 0x0000013061f11060 5271   !   3       com.sun.prism.impl.BaseResourcePool::cleanup (741 bytes)
Event: 61.234 Thread 0x0000013061f11060 nmethod 5271 0x000001304ac1b008 code [0x000001304ac1b100, 0x000001304ac1dfe0]
Event: 61.287 Thread 0x0000013061f11060 5272       3       java.util.LinkedList::remove (77 bytes)
Event: 61.288 Thread 0x0000013061f11060 nmethod 5272 0x000001304ac1e008 code [0x000001304ac1e100, 0x000001304ac1e5e0]
Event: 61.452 Thread 0x0000013061f0bf00 5274       4       javafx.scene.Parent::layout (160 bytes)
Event: 61.460 Thread 0x0000013061f0bf00 nmethod 5274 0x000001305204ac88 code [0x000001305204ad80, 0x000001305204b5d0]
Event: 61.492 Thread 0x0000013061f11060 5275       3       org.bytedeco.javacpp.Pointer::position (7 bytes)
Event: 61.493 Thread 0x0000013061f11060 nmethod 5275 0x000001304ac1e608 code [0x000001304ac1e700, 0x000001304ac1e810]
Event: 61.493 Thread 0x0000013061f11060 5276       3       org.bytedeco.javacpp.Pointer::capacity (12 bytes)
Event: 61.493 Thread 0x0000013061f11060 nmethod 5276 0x000001304ac1e908 code [0x000001304ac1ea00, 0x000001304ac1eb10]
Event: 61.503 Thread 0x0000013061f11060 5277       3       java.util.concurrent.locks.AbstractQueuedSynchronizer::acquireSharedInterruptibly (36 bytes)
Event: 61.503 Thread 0x0000013061f11060 nmethod 5277 0x000001304ac1ec08 code [0x000001304ac1ed00, 0x000001304ac1f300]
Event: 61.503 Thread 0x0000013061f11060 5280       3       javafx.scene.Scene$ScenePulseListener::synchronizeSceneNodes (136 bytes)
Event: 61.505 Thread 0x0000013061f11060 nmethod 5280 0x000001304ac1f308 code [0x000001304ac1f400, 0x000001304ac207c0]
Event: 61.505 Thread 0x0000013061f11060 5278       3       javafx.scene.Scene::syncLights (177 bytes)
Event: 61.506 Thread 0x0000013061f11060 nmethod 5278 0x000001304ac20808 code [0x000001304ac20900, 0x000001304ac21c20]
Event: 61.506 Thread 0x0000013061f11060 5279       3       javafx.scene.Scene$ScenePulseListener::synchronizeSceneProperties (189 bytes)
Event: 61.509 Thread 0x0000013061f11060 nmethod 5279 0x000001304ac21c88 code [0x000001304ac21d80, 0x000001304ac24ee0]

GC Heap Usage History (20 events):
Event: 1.953 {heap Before GC invocations=0 (full 0):
 garbage-first heap   total reserved 5177344K, committed 327680K, used 50323K [0x00000006c4000000, 0x0000000800000000)
  region size 4096K, 12 young (49152K), 0 survivors (0K)
}
Event: 1.960 {heap After GC invocations=1 (full 0):
 garbage-first heap   total reserved 5177344K, committed 327680K, used 8710K [0x00000006c4000000, 0x0000000800000000)
  region size 4096K, 2 young (8192K), 2 survivors (8192K)
}
Event: 14.986 {heap Before GC invocations=1 (full 0):
 garbage-first heap   total reserved 5177344K, committed 327680K, used 123398K [0x00000006c4000000, 0x0000000800000000)
  region size 4096K, 31 young (126976K), 2 survivors (8192K)
}
Event: 15.001 {heap After GC invocations=2 (full 0):
 garbage-first heap   total reserved 5177344K, committed 327680K, used 21835K [0x00000006c4000000, 0x0000000800000000)
  region size 4096K, 5 young (20480K), 5 survivors (20480K)
}
Event: 19.902 {heap Before GC invocations=3 (full 0):
 garbage-first heap   total reserved 5177344K, committed 98304K, used 87371K [0x00000006c4000000, 0x0000000800000000)
  region size 4096K, 22 young (90112K), 5 survivors (20480K)
}
Event: 19.912 {heap After GC invocations=4 (full 0):
 garbage-first heap   total reserved 5177344K, committed 118784K, used 20485K [0x00000006c4000000, 0x0000000800000000)
  region size 4096K, 3 young (12288K), 3 survivors (12288K)
}
Event: 20.498 {heap Before GC invocations=4 (full 0):
 garbage-first heap   total reserved 5177344K, committed 118784K, used 73733K [0x00000006c4000000, 0x0000000800000000)
  region size 4096K, 17 young (69632K), 3 survivors (12288K)
}
Event: 20.507 {heap After GC invocations=5 (full 0):
 garbage-first heap   total reserved 5177344K, committed 118784K, used 21482K [0x00000006c4000000, 0x0000000800000000)
  region size 4096K, 1 young (4096K), 1 survivors (4096K)
}
Event: 21.374 {heap Before GC invocations=5 (full 0):
 garbage-first heap   total reserved 5177344K, committed 118784K, used 82922K [0x00000006c4000000, 0x0000000800000000)
  region size 4096K, 17 young (69632K), 1 survivors (4096K)
}
Event: 21.376 {heap After GC invocations=6 (full 0):
 garbage-first heap   total reserved 5177344K, committed 118784K, used 19862K [0x00000006c4000000, 0x0000000800000000)
  region size 4096K, 1 young (4096K), 1 survivors (4096K)
}
Event: 22.300 {heap Before GC invocations=6 (full 0):
 garbage-first heap   total reserved 5177344K, committed 118784K, used 81302K [0x00000006c4000000, 0x0000000800000000)
  region size 4096K, 17 young (69632K), 1 survivors (4096K)
}
Event: 22.301 {heap After GC invocations=7 (full 0):
 garbage-first heap   total reserved 5177344K, committed 118784K, used 23158K [0x00000006c4000000, 0x0000000800000000)
  region size 4096K, 2 young (8192K), 2 survivors (8192K)
}
Event: 23.215 {heap Before GC invocations=7 (full 0):
 garbage-first heap   total reserved 5177344K, committed 118784K, used 80502K [0x00000006c4000000, 0x0000000800000000)
  region size 4096K, 17 young (69632K), 2 survivors (8192K)
}
Event: 23.217 {heap After GC invocations=8 (full 0):
 garbage-first heap   total reserved 5177344K, committed 118784K, used 19942K [0x00000006c4000000, 0x0000000800000000)
  region size 4096K, 1 young (4096K), 1 survivors (4096K)
}
Event: 24.250 {heap Before GC invocations=8 (full 0):
 garbage-first heap   total reserved 5177344K, committed 118784K, used 81382K [0x00000006c4000000, 0x0000000800000000)
  region size 4096K, 17 young (69632K), 1 survivors (4096K)
}
Event: 24.252 {heap After GC invocations=9 (full 0):
 garbage-first heap   total reserved 5177344K, committed 118784K, used 19953K [0x00000006c4000000, 0x0000000800000000)
  region size 4096K, 1 young (4096K), 1 survivors (4096K)
}
Event: 59.998 {heap Before GC invocations=9 (full 0):
 garbage-first heap   total reserved 5177344K, committed 118784K, used 81393K [0x00000006c4000000, 0x0000000800000000)
  region size 4096K, 17 young (69632K), 1 survivors (4096K)
}
Event: 60.002 {heap After GC invocations=10 (full 0):
 garbage-first heap   total reserved 5177344K, committed 118784K, used 21484K [0x00000006c4000000, 0x0000000800000000)
  region size 4096K, 1 young (4096K), 1 survivors (4096K)
}
Event: 61.276 {heap Before GC invocations=10 (full 0):
 garbage-first heap   total reserved 5177344K, committed 118784K, used 82924K [0x00000006c4000000, 0x0000000800000000)
  region size 4096K, 17 young (69632K), 1 survivors (4096K)
}
Event: 61.279 {heap After GC invocations=11 (full 0):
 garbage-first heap   total reserved 5177344K, committed 118784K, used 29253K [0x00000006c4000000, 0x0000000800000000)
  region size 4096K, 3 young (12288K), 3 survivors (12288K)
}

Metaspace Usage History (20 events):
Event: 1.953 {metaspace Before GC invocations=0 (full 0):
 Metaspace       used 7310K, committed 7552K, reserved 1114112K
  class space    used 1001K, committed 1152K, reserved 1048576K
}
Event: 1.960 {metaspace After GC invocations=1 (full 0):
 Metaspace       used 7310K, committed 7552K, reserved 1114112K
  class space    used 1001K, committed 1152K, reserved 1048576K
}
Event: 14.986 {metaspace Before GC invocations=1 (full 0):
 Metaspace       used 21249K, committed 21504K, reserved 1114112K
  class space    used 2897K, committed 3008K, reserved 1048576K
}
Event: 15.001 {metaspace After GC invocations=2 (full 0):
 Metaspace       used 21249K, committed 21504K, reserved 1114112K
  class space    used 2897K, committed 3008K, reserved 1048576K
}
Event: 19.902 {metaspace Before GC invocations=3 (full 0):
 Metaspace       used 31068K, committed 31360K, reserved 1114112K
  class space    used 3622K, committed 3776K, reserved 1048576K
}
Event: 19.912 {metaspace After GC invocations=4 (full 0):
 Metaspace       used 31068K, committed 31360K, reserved 1114112K
  class space    used 3622K, committed 3776K, reserved 1048576K
}
Event: 20.498 {metaspace Before GC invocations=4 (full 0):
 Metaspace       used 31093K, committed 31360K, reserved 1114112K
  class space    used 3622K, committed 3776K, reserved 1048576K
}
Event: 20.507 {metaspace After GC invocations=5 (full 0):
 Metaspace       used 31093K, committed 31360K, reserved 1114112K
  class space    used 3622K, committed 3776K, reserved 1048576K
}
Event: 21.374 {metaspace Before GC invocations=5 (full 0):
 Metaspace       used 31113K, committed 31424K, reserved 1114112K
  class space    used 3622K, committed 3776K, reserved 1048576K
}
Event: 21.376 {metaspace After GC invocations=6 (full 0):
 Metaspace       used 31113K, committed 31424K, reserved 1114112K
  class space    used 3622K, committed 3776K, reserved 1048576K
}
Event: 22.300 {metaspace Before GC invocations=6 (full 0):
 Metaspace       used 31652K, committed 31936K, reserved 1114112K
  class space    used 3682K, committed 3840K, reserved 1048576K
}
Event: 22.301 {metaspace After GC invocations=7 (full 0):
 Metaspace       used 31652K, committed 31936K, reserved 1114112K
  class space    used 3682K, committed 3840K, reserved 1048576K
}
Event: 23.215 {metaspace Before GC invocations=7 (full 0):
 Metaspace       used 32245K, committed 32512K, reserved 1114112K
  class space    used 3745K, committed 3840K, reserved 1048576K
}
Event: 23.217 {metaspace After GC invocations=8 (full 0):
 Metaspace       used 32245K, committed 32512K, reserved 1114112K
  class space    used 3745K, committed 3840K, reserved 1048576K
}
Event: 24.250 {metaspace Before GC invocations=8 (full 0):
 Metaspace       used 32252K, committed 32512K, reserved 1114112K
  class space    used 3745K, committed 3840K, reserved 1048576K
}
Event: 24.252 {metaspace After GC invocations=9 (full 0):
 Metaspace       used 32252K, committed 32512K, reserved 1114112K
  class space    used 3745K, committed 3840K, reserved 1048576K
}
Event: 59.998 {metaspace Before GC invocations=9 (full 0):
 Metaspace       used 32580K, committed 32896K, reserved 1114112K
  class space    used 3755K, committed 3904K, reserved 1048576K
}
Event: 60.002 {metaspace After GC invocations=10 (full 0):
 Metaspace       used 32580K, committed 32896K, reserved 1114112K
  class space    used 3755K, committed 3904K, reserved 1048576K
}
Event: 61.276 {metaspace Before GC invocations=10 (full 0):
 Metaspace       used 32598K, committed 32896K, reserved 1114112K
  class space    used 3755K, committed 3904K, reserved 1048576K
}
Event: 61.279 {metaspace After GC invocations=11 (full 0):
 Metaspace       used 32598K, committed 32896K, reserved 1114112K
  class space    used 3755K, committed 3904K, reserved 1048576K
}

Dll operation events (20 events):
Event: 15.541 Loaded shared library C:\Users\jedch\.javacpp\cache\opencv-4.9.0-1.5.10-windows-x86_64.jar\org\bytedeco\opencv\windows-x86_64\opencv_videoio490.dll
Event: 15.552 Loaded shared library C:\Users\jedch\.javacpp\cache\opencv-4.9.0-1.5.10-windows-x86_64.jar\org\bytedeco\opencv\windows-x86_64\jniopencv_videoio.dll
Event: 18.940 Loaded shared library C:\Users\jedch\.javacpp\cache\opencv-4.9.0-1.5.10-windows-x86_64.jar\org\bytedeco\opencv\windows-x86_64\opencv_highgui490.dll
Event: 18.955 Loaded shared library C:\Users\jedch\.javacpp\cache\opencv-4.9.0-1.5.10-windows-x86_64.jar\org\bytedeco\opencv\windows-x86_64\jniopencv_highgui.dll
Event: 18.982 Loaded shared library C:\Users\jedch\.javacpp\cache\opencv-4.9.0-1.5.10-windows-x86_64.jar\org\bytedeco\opencv\windows-x86_64\opencv_flann490.dll
Event: 18.997 Loaded shared library C:\Users\jedch\.javacpp\cache\opencv-4.9.0-1.5.10-windows-x86_64.jar\org\bytedeco\opencv\windows-x86_64\jniopencv_flann.dll
Event: 19.029 Loaded shared library C:\Users\jedch\.javacpp\cache\opencv-4.9.0-1.5.10-windows-x86_64.jar\org\bytedeco\opencv\windows-x86_64\opencv_features2d490.dll
Event: 19.044 Loaded shared library C:\Users\jedch\.javacpp\cache\opencv-4.9.0-1.5.10-windows-x86_64.jar\org\bytedeco\opencv\windows-x86_64\jniopencv_features2d.dll
Event: 19.093 Loaded shared library C:\Users\jedch\.javacpp\cache\opencv-4.9.0-1.5.10-windows-x86_64.jar\org\bytedeco\opencv\windows-x86_64\opencv_calib3d490.dll
Event: 19.110 Loaded shared library C:\Users\jedch\.javacpp\cache\opencv-4.9.0-1.5.10-windows-x86_64.jar\org\bytedeco\opencv\windows-x86_64\jniopencv_calib3d.dll
Event: 19.140 Loaded shared library C:\Users\jedch\.javacpp\cache\opencv-4.9.0-1.5.10-windows-x86_64.jar\org\bytedeco\opencv\windows-x86_64\opencv_dnn490.dll
Event: 19.155 Loaded shared library C:\Users\jedch\.javacpp\cache\opencv-4.9.0-1.5.10-windows-x86_64.jar\org\bytedeco\opencv\windows-x86_64\jniopencv_dnn.dll
Event: 19.239 Loaded shared library C:\Users\jedch\.javacpp\cache\opencv-4.9.0-1.5.10-windows-x86_64.jar\org\bytedeco\opencv\windows-x86_64\opencv_objdetect490.dll
Event: 19.250 Loaded shared library C:\Users\jedch\.javacpp\cache\opencv-4.9.0-1.5.10-windows-x86_64.jar\org\bytedeco\opencv\windows-x86_64\jniopencv_objdetect.dll
Event: 19.488 Loaded shared library C:\Users\jedch\.jdks\openjdk-25.0.2\bin\awt.dll
Event: 22.061 Loaded shared library C:\Users\jedch\.jdks\openjdk-25.0.2\bin\javajpeg.dll
Event: 22.546 Loaded shared library C:\Users\jedch\.javacpp\cache\opencv-4.9.0-1.5.10-windows-x86_64.jar\org\bytedeco\opencv\windows-x86_64\opencv_photo490.dll
Event: 22.561 Loaded shared library C:\Users\jedch\.javacpp\cache\opencv-4.9.0-1.5.10-windows-x86_64.jar\org\bytedeco\opencv\windows-x86_64\jniopencv_photo.dll
Event: 22.583 Loaded shared library C:\Users\jedch\.javacpp\cache\opencv-4.9.0-1.5.10-windows-x86_64.jar\org\bytedeco\opencv\windows-x86_64\opencv_face490.dll
Event: 22.595 Loaded shared library C:\Users\jedch\.javacpp\cache\opencv-4.9.0-1.5.10-windows-x86_64.jar\org\bytedeco\opencv\windows-x86_64\jniopencv_face.dll

Deoptimization events (20 events):
Event: 29.256 Thread 0x0000013068890080 Uncommon trap: trap_request=0xffffffd6 fr.pc=0x0000013052032c68 relative=0x0000000000000468
Event: 29.256 Thread 0x0000013068890080 Uncommon trap: reason=array_check action=maybe_recompile pc=0x0000013052032c68 method=com.sun.prism.impl.ps.BaseShaderContext.setTexture(ILcom/sun/prism/Texture;)V @ 50 c2
Event: 29.257 Thread 0x0000013068890080 DEOPT PACKING pc=0x0000013052032c68 sp=0x0000002b906fdbe0
Event: 29.257 Thread 0x0000013068890080 DEOPT UNPACKING pc=0x000001305199f002 sp=0x0000002b906fdbb8 mode 2
Event: 46.133 Thread 0x0000013067e40100 Uncommon trap: trap_request=0xffffff66 fr.pc=0x000001305203bf60 relative=0x0000000000000960
Event: 46.133 Thread 0x0000013067e40100 Uncommon trap: reason=loop_limit_check action=maybe_recompile pc=0x000001305203bf60 method=javafx.scene.Parent.pickChildrenNode(Lcom/sun/javafx/geom/PickRay;Lcom/sun/javafx/scene/input/PickResultChooser;)Z @ 17 c2
Event: 46.133 Thread 0x0000013067e40100 DEOPT PACKING pc=0x000001305203bf60 sp=0x0000002b90afe100
Event: 46.133 Thread 0x0000013067e40100 DEOPT UNPACKING pc=0x000001305199f002 sp=0x0000002b90afdea0 mode 2
Event: 56.926 Thread 0x0000013067e40100 Uncommon trap: trap_request=0xffffff45 fr.pc=0x0000013051fc4e48 relative=0x00000000000002c8
Event: 56.926 Thread 0x0000013067e40100 Uncommon trap: reason=unstable_if action=reinterpret pc=0x0000013051fc4e48 method=java.util.LinkedHashMap.get(Ljava/lang/Object;)Ljava/lang/Object; @ 16 c2
Event: 56.926 Thread 0x0000013067e40100 DEOPT PACKING pc=0x0000013051fc4e48 sp=0x0000002b90afcd50
Event: 56.926 Thread 0x0000013067e40100 DEOPT UNPACKING pc=0x000001305199f002 sp=0x0000002b90afcd08 mode 2
Event: 56.928 Thread 0x0000013067e40100 Uncommon trap: trap_request=0xffffff45 fr.pc=0x0000013051fc4014 relative=0x0000000000000394
Event: 56.928 Thread 0x0000013067e40100 Uncommon trap: reason=unstable_if action=reinterpret pc=0x0000013051fc4014 method=java.net.URI$Parser.scan(IIJJ)I @ 42 c2
Event: 56.928 Thread 0x0000013067e40100 DEOPT PACKING pc=0x0000013051fc4014 sp=0x0000002b90afc2a0
Event: 56.928 Thread 0x0000013067e40100 DEOPT UNPACKING pc=0x000001305199f002 sp=0x0000002b90afc248 mode 2
Event: 56.933 Thread 0x0000013067e40100 Uncommon trap: trap_request=0xffffff45 fr.pc=0x0000013052004108 relative=0x0000000000000088
Event: 56.933 Thread 0x0000013067e40100 Uncommon trap: reason=unstable_if action=reinterpret pc=0x0000013052004108 method=java.lang.CharacterDataLatin1.isWhitespace(I)Z @ 14 c2
Event: 56.933 Thread 0x0000013067e40100 DEOPT PACKING pc=0x0000013052004108 sp=0x0000002b90afc920
Event: 56.933 Thread 0x0000013067e40100 DEOPT UNPACKING pc=0x000001305199f002 sp=0x0000002b90afc890 mode 2

Classes loaded (20 events):
Event: 22.451 Loading class com/sun/imageio/plugins/jpeg/DHTMarkerSegment$Htable
Event: 22.451 Loading class com/sun/imageio/plugins/jpeg/DHTMarkerSegment$Htable done
Event: 22.451 Loading class com/sun/imageio/plugins/jpeg/SOFMarkerSegment
Event: 22.451 Loading class com/sun/imageio/plugins/jpeg/SOFMarkerSegment done
Event: 22.451 Loading class com/sun/imageio/plugins/jpeg/SOFMarkerSegment$ComponentSpec
Event: 22.451 Loading class com/sun/imageio/plugins/jpeg/SOFMarkerSegment$ComponentSpec done
Event: 22.451 Loading class com/sun/imageio/plugins/jpeg/SOSMarkerSegment
Event: 22.451 Loading class com/sun/imageio/plugins/jpeg/SOSMarkerSegment done
Event: 22.451 Loading class com/sun/imageio/plugins/jpeg/SOSMarkerSegment$ScanComponentSpec
Event: 22.451 Loading class com/sun/imageio/plugins/jpeg/SOSMarkerSegment$ScanComponentSpec done
Event: 22.451 Loading class com/sun/imageio/plugins/jpeg/AdobeMarkerSegment
Event: 22.452 Loading class com/sun/imageio/plugins/jpeg/AdobeMarkerSegment done
Event: 22.452 Loading class com/sun/imageio/plugins/jpeg/DRIMarkerSegment
Event: 22.452 Loading class com/sun/imageio/plugins/jpeg/DRIMarkerSegment done
Event: 22.630 Loading class java/util/Formatter$FormatSpecifierParser
Event: 22.630 Loading class java/util/Formatter$FormatSpecifierParser done
Event: 22.632 Loading class sun/text/resources/cldr/FormatData_en
Event: 22.632 Loading class sun/text/resources/cldr/FormatData_en done
Event: 22.632 Loading class sun/text/resources/cldr/FormatData_en_US
Event: 22.632 Loading class sun/text/resources/cldr/FormatData_en_US done

Classes unloaded (0 events):
No events

Classes redefined (0 events):
No events

Internal exceptions (20 events):
Event: 4.196 Thread 0x0000013069272a80 Implicit null exception at 0x0000013051e53f36 to 0x0000013051e54694
Event: 4.199 Thread 0x0000013067e40100 Exception <a 'java/io/FileNotFoundException'{0x00000006d3c8def0}> (0x00000006d3c8def0) 
thrown [s\open\src\hotspot\share\prims\jni.cpp, line 516]
Event: 4.212 Thread 0x0000013067e40100 Implicit null exception at 0x0000013051ec152a to 0x0000013051ec15e8
Event: 4.219 Thread 0x0000013067e40100 Exception <a 'java/io/FileNotFoundException'{0x00000006d3e10250}> (0x00000006d3e10250) 
thrown [s\open\src\hotspot\share\prims\jni.cpp, line 516]
Event: 4.220 Thread 0x0000013067e40100 Exception <a 'java/io/FileNotFoundException'{0x00000006d3e602f8}> (0x00000006d3e602f8) 
thrown [s\open\src\hotspot\share\prims\jni.cpp, line 516]
Event: 4.220 Thread 0x0000013067e40100 Exception <a 'java/io/FileNotFoundException'{0x00000006d3e66cc0}> (0x00000006d3e66cc0) 
thrown [s\open\src\hotspot\share\prims\jni.cpp, line 516]
Event: 4.221 Thread 0x0000013067e40100 Exception <a 'java/io/FileNotFoundException'{0x00000006d3e68b10}> (0x00000006d3e68b10) 
thrown [s\open\src\hotspot\share\prims\jni.cpp, line 516]
Event: 4.856 Thread 0x0000013067e40100 Exception <a 'java/lang/NoSuchMethodError'{0x00000006d3fd9f78}: 'void java.lang.invoke.DirectMethodHandle$Holder.invokeVirtual(java.lang.Object, java.lang.Object)'> (0x00000006d3fd9f78) 
thrown [s\open\src\hotspot\share\interpreter\linkResolver.cpp, line 804]
Event: 13.212 Thread 0x0000013067e40100 Exception <a 'java/lang/NoSuchMethodError'{0x00000006d3af83d8}: 'java.lang.Object java.lang.invoke.DirectMethodHandle$Holder.invokeInterface(java.lang.Object, java.lang.Object)'> (0x00000006d3af83d8) 
thrown [s\open\src\hotspot\share\interpreter\linkResolver.cpp, line 804]
Event: 13.244 Thread 0x0000013067e40100 Exception <a 'java/lang/NoSuchMethodError'{0x00000006d35af248}: 'java.lang.Object java.lang.invoke.DirectMethodHandle$Holder.invokeVirtual(java.lang.Object, java.lang.Object, java.lang.Object)'> (0x00000006d35af248) 
thrown [s\open\src\hotspot\share\interpreter\linkResolver.cpp, line 804]
Event: 13.521 Thread 0x0000013067e40100 Exception <a 'java/io/FileNotFoundException'{0x00000006d2874b80}> (0x00000006d2874b80) 
thrown [s\open\src\hotspot\share\prims\jni.cpp, line 516]
Event: 13.521 Thread 0x0000013067e40100 Exception <a 'java/io/FileNotFoundException'{0x00000006d2876470}> (0x00000006d2876470) 
thrown [s\open\src\hotspot\share\prims\jni.cpp, line 516]
Event: 13.521 Thread 0x0000013067e40100 Exception <a 'java/io/FileNotFoundException'{0x00000006d2877ac8}> (0x00000006d2877ac8) 
thrown [s\open\src\hotspot\share\prims\jni.cpp, line 516]
Event: 13.521 Thread 0x0000013067e40100 Exception <a 'java/io/FileNotFoundException'{0x00000006d28793b8}> (0x00000006d28793b8) 
thrown [s\open\src\hotspot\share\prims\jni.cpp, line 516]
Event: 19.591 Thread 0x00000130674b37b0 Exception <a 'java/lang/ClassNotFoundException'{0x00000006c5f5e8f0}: sun/awt/resources/spi/awtProvider> (0x00000006c5f5e8f0) 
thrown [s\open\src\hotspot\share\classfile\systemDictionary.cpp, line 327]
Event: 19.594 Thread 0x00000130674b37b0 Exception <a 'java/io/FileNotFoundException'{0x00000006c5f60c30}> (0x00000006c5f60c30) 
thrown [s\open\src\hotspot\share\prims\jni.cpp, line 516]
Event: 19.594 Thread 0x00000130674b37b0 Exception <a 'java/io/FileNotFoundException'{0x00000006c5f61668}> (0x00000006c5f61668) 
thrown [s\open\src\hotspot\share\prims\jni.cpp, line 516]
Event: 25.022 Thread 0x0000013067e40100 Exception <a 'java/lang/NoSuchMethodError'{0x00000006c7b5a5a8}: 'java.lang.Object java.lang.invoke.DirectMethodHandle$Holder.newInvokeSpecial(java.lang.Object, java.lang.Object, int, int, int, int, int, java.lang.Object)'> (0x00000006c7b5a5a8) 
thrown [s\open\src\hotspot\share\interpreter\linkResolver.cpp, line 804]
Event: 26.553 Thread 0x0000013067e40100 Exception <a 'java/lang/NoSuchMethodError'{0x00000006c777b368}: 'java.lang.Object java.lang.invoke.DirectMethodHandle$Holder.newInvokeSpecial(java.lang.Object, java.lang.Object, java.lang.Object, double, double, double, double, int, int, int, int, int, int, int, int, int)'> (0x00000006c777b368) 
thrown [s\open\src\hotspot\share\interpreter\linkResolver.cpp, line 804]
Event: 60.890 Thread 0x000001307158ee50 Exception <a 'java/lang/RuntimeException'{0x00000006c8739510}> (0x00000006c8739510) 
thrown [s\open\src\hotspot\share\prims\jni.cpp, line 516]

VM Operations (20 events):
Event: 20.498 Executing safepoint VM operation: G1CollectForAllocation (G1 Evacuation Pause)
Event: 20.507 Executing safepoint VM operation: G1CollectForAllocation (G1 Evacuation Pause) done
Event: 21.357 Executing safepoint VM operation: G1CollectForAllocation (G1 Evacuation Pause)
Event: 21.376 Executing safepoint VM operation: G1CollectForAllocation (G1 Evacuation Pause) done
Event: 22.033 Executing non-safepoint VM operation: HandshakeAllThreads (Deoptimize)
Event: 22.033 Executing non-safepoint VM operation: HandshakeAllThreads (Deoptimize) done
Event: 22.300 Executing safepoint VM operation: G1CollectForAllocation (G1 Evacuation Pause)
Event: 22.301 Executing safepoint VM operation: G1CollectForAllocation (G1 Evacuation Pause) done
Event: 23.215 Executing safepoint VM operation: G1CollectForAllocation (G1 Evacuation Pause)
Event: 23.217 Executing safepoint VM operation: G1CollectForAllocation (G1 Evacuation Pause) done
Event: 24.250 Executing safepoint VM operation: G1CollectForAllocation (G1 Evacuation Pause)
Event: 24.252 Executing safepoint VM operation: G1CollectForAllocation (G1 Evacuation Pause) done
Event: 59.998 Executing safepoint VM operation: G1CollectForAllocation (G1 Evacuation Pause)
Event: 60.002 Executing safepoint VM operation: G1CollectForAllocation (G1 Evacuation Pause) done
Event: 60.095 Executing non-safepoint VM operation: HandshakeAllThreads (HandshakeForDeflation)
Event: 60.095 Executing non-safepoint VM operation: HandshakeAllThreads (HandshakeForDeflation) done
Event: 60.096 Executing non-safepoint VM operation: RendezvousGCThreads
Event: 60.096 Executing non-safepoint VM operation: RendezvousGCThreads done
Event: 61.275 Executing safepoint VM operation: G1CollectForAllocation (G1 Evacuation Pause)
Event: 61.279 Executing safepoint VM operation: G1CollectForAllocation (G1 Evacuation Pause) done

Memory protections (0 events):
No events

Nmethod flushes (0 events):
No events

Events (20 events):
Event: 61.167 Thread 0x0000013067e40100 Thread added: 0x000001306890afc0
Event: 61.193 Thread 0x000001307158cf10 Thread exited: 0x000001307158cf10
Event: 61.194 Thread 0x000001306890ee40 Thread exited: 0x000001306890ee40
Event: 61.229 Thread 0x0000013067e40100 Thread added: 0x000001306890f610
Event: 61.273 Thread 0x0000013067e40100 Thread added: 0x0000013068916b40
Event: 61.280 Thread 0x0000013068909850 Thread exited: 0x0000013068909850
Event: 61.323 Thread 0x0000013067e40100 Thread added: 0x0000013068909850
Event: 61.357 Thread 0x0000013067e40100 Thread added: 0x0000013068911550
Event: 61.366 Thread 0x0000013068916b40 Thread exited: 0x0000013068916b40
Event: 61.393 Thread 0x000001307158f620 Thread exited: 0x000001307158f620
Event: 61.396 Thread 0x0000013067e40100 Thread added: 0x0000013068916b40
Event: 61.438 Thread 0x0000013067e40100 Thread added: 0x0000013068914430
Event: 61.476 Thread 0x0000013067e40100 Thread added: 0x000001307158cf10
Event: 61.494 Thread 0x00000130674b37b0 Thread exited: 0x00000130674b37b0
Event: 61.508 Thread 0x00000130674b4750 Thread exited: 0x00000130674b4750
Event: 61.515 Thread 0x0000013068909850 Thread exited: 0x0000013068909850
Event: 61.553 Thread 0x0000013067e40100 Thread added: 0x00000130715934a0
Event: 61.612 Thread 0x0000013067e40100 Thread added: 0x00000130715953e0
Event: 61.625 Thread 0x000001307158cf10 Thread exited: 0x000001307158cf10
Event: 61.631 Thread 0x000001306890d6d0 Thread exited: 0x000001306890d6d0


Dynamic libraries:
0x00007ff654440000 - 0x00007ff65444e000 	C:\Users\jedch\.jdks\openjdk-25.0.2\bin\java.exe
0x00007ffd19080000 - 0x00007ffd192e8000 	C:\WINDOWS\SYSTEM32\ntdll.dll
0x00007ffd17b80000 - 0x00007ffd17c49000 	C:\WINDOWS\System32\KERNEL32.DLL
0x00007ffd15a20000 - 0x00007ffd15e11000 	C:\WINDOWS\System32\KERNELBASE.dll
0x00007ffd15ed0000 - 0x00007ffd1601b000 	C:\WINDOWS\System32\ucrtbase.dll
0x00007ffd115d0000 - 0x00007ffd115ee000 	C:\Users\jedch\.jdks\openjdk-25.0.2\bin\VCRUNTIME140.dll
0x00007ffd12140000 - 0x00007ffd12157000 	C:\Users\jedch\.jdks\openjdk-25.0.2\bin\jli.dll
0x00007ffd17ea0000 - 0x00007ffd18066000 	C:\WINDOWS\System32\USER32.dll
0x00007ffd15960000 - 0x00007ffd15987000 	C:\WINDOWS\System32\win32u.dll
0x00007ffd17a50000 - 0x00007ffd17a7b000 	C:\WINDOWS\System32\GDI32.dll
0x00007ffd16c30000 - 0x00007ffd16d5b000 	C:\WINDOWS\System32\gdi32full.dll
0x00007ffd16b80000 - 0x00007ffd16c23000 	C:\WINDOWS\System32\msvcp_win.dll
0x00007ffcf6a60000 - 0x00007ffcf6cf3000 	C:\WINDOWS\WinSxS\amd64_microsoft.windows.common-controls_6595b64144ccf1df_6.0.26100.7824_none_3e0870b2e3345462\COMCTL32.dll
0x00007ffd18dd0000 - 0x00007ffd18e79000 	C:\WINDOWS\System32\msvcrt.dll
0x00007ffd18d40000 - 0x00007ffd18d71000 	C:\WINDOWS\System32\IMM32.DLL
0x00007ffd115c0000 - 0x00007ffd115cc000 	C:\Users\jedch\.jdks\openjdk-25.0.2\bin\vcruntime140_1.dll
0x00007ffcfc9a0000 - 0x00007ffcfca2d000 	C:\Users\jedch\.jdks\openjdk-25.0.2\bin\msvcp140.dll
0x00007ffc96d20000 - 0x00007ffc97b7f000 	C:\Users\jedch\.jdks\openjdk-25.0.2\bin\server\jvm.dll
0x00007ffd17d50000 - 0x00007ffd17e04000 	C:\WINDOWS\System32\ADVAPI32.dll
0x00007ffd18a90000 - 0x00007ffd18b36000 	C:\WINDOWS\System32\sechost.dll
0x00007ffd18f10000 - 0x00007ffd19028000 	C:\WINDOWS\System32\RPCRT4.dll
0x00007ffd18e90000 - 0x00007ffd18f04000 	C:\WINDOWS\System32\WS2_32.dll
0x00007ffd157c0000 - 0x00007ffd1581e000 	C:\WINDOWS\SYSTEM32\POWRPROF.dll
0x00007ffd13120000 - 0x00007ffd13155000 	C:\WINDOWS\SYSTEM32\WINMM.dll
0x00007ffd0d620000 - 0x00007ffd0d62b000 	C:\WINDOWS\SYSTEM32\VERSION.dll
0x00007ffd157a0000 - 0x00007ffd157b4000 	C:\WINDOWS\SYSTEM32\UMPDC.dll
0x00007ffd14700000 - 0x00007ffd1471b000 	C:\WINDOWS\SYSTEM32\kernel.appcore.dll
0x00007ffd10c80000 - 0x00007ffd10c8a000 	C:\Users\jedch\.jdks\openjdk-25.0.2\bin\jimage.dll
0x00007ffd12e00000 - 0x00007ffd13042000 	C:\WINDOWS\SYSTEM32\DBGHELP.DLL
0x00007ffd175e0000 - 0x00007ffd17966000 	C:\WINDOWS\System32\combase.dll
0x00007ffd17970000 - 0x00007ffd17a47000 	C:\WINDOWS\System32\OLEAUT32.dll
0x00007ffd13090000 - 0x00007ffd130cb000 	C:\WINDOWS\SYSTEM32\dbgcore.DLL
0x00007ffd15e20000 - 0x00007ffd15ec5000 	C:\WINDOWS\System32\bcryptPrimitives.dll
0x00007ffd109d0000 - 0x00007ffd109e0000 	C:\Users\jedch\.jdks\openjdk-25.0.2\bin\instrument.dll
0x00007ffd05270000 - 0x00007ffd0528f000 	C:\Users\jedch\.jdks\openjdk-25.0.2\bin\java.dll
0x00007ffd16e20000 - 0x00007ffd16fb7000 	C:\WINDOWS\System32\ole32.dll
0x00007ffd182d0000 - 0x00007ffd18a22000 	C:\WINDOWS\System32\SHELL32.dll
0x00007ffd16020000 - 0x00007ffd1618a000 	C:\WINDOWS\System32\wintypes.dll
0x00007ffd16310000 - 0x00007ffd16b73000 	C:\WINDOWS\System32\windows.storage.dll
0x00007ffd17c50000 - 0x00007ffd17d46000 	C:\WINDOWS\System32\SHCORE.dll
0x00007ffd16fc0000 - 0x00007ffd17027000 	C:\WINDOWS\System32\shlwapi.dll
0x00007ffd15880000 - 0x00007ffd158a9000 	C:\WINDOWS\SYSTEM32\profapi.dll
0x00007ffd05250000 - 0x00007ffd05262000 	C:\Users\jedch\.jdks\openjdk-25.0.2\bin\net.dll
0x00007ffd14c70000 - 0x00007ffd14cdb000 	C:\WINDOWS\system32\mswsock.dll
0x00007ffcfee70000 - 0x00007ffcfee86000 	C:\Users\jedch\.jdks\openjdk-25.0.2\bin\nio.dll
0x00007ffcfee30000 - 0x00007ffcfee47000 	C:\Users\jedch\.jdks\openjdk-25.0.2\bin\zip.dll
0x00007ffd05480000 - 0x00007ffd05489000 	C:\Users\jedch\.jdks\openjdk-25.0.2\bin\extnet.dll
0x000001303fba0000 - 0x000001303fba4000 	C:\Users\jedch\Downloads\openjfx-25.0.2_windows-x64_bin-sdk\javafx-sdk-25.0.2\bin\api-ms-win-core-console-l1-1-0.dll
0x00000130419f0000 - 0x00000130419f4000 	C:\Users\jedch\Downloads\openjfx-25.0.2_windows-x64_bin-sdk\javafx-sdk-25.0.2\bin\api-ms-win-core-console-l1-2-0.dll
0x0000013041a00000 - 0x0000013041a04000 	C:\Users\jedch\Downloads\openjfx-25.0.2_windows-x64_bin-sdk\javafx-sdk-25.0.2\bin\api-ms-win-core-datetime-l1-1-0.dll
0x0000013041a10000 - 0x0000013041a14000 	C:\Users\jedch\Downloads\openjfx-25.0.2_windows-x64_bin-sdk\javafx-sdk-25.0.2\bin\api-ms-win-core-debug-l1-1-0.dll
0x0000013041a20000 - 0x0000013041a24000 	C:\Users\jedch\Downloads\openjfx-25.0.2_windows-x64_bin-sdk\javafx-sdk-25.0.2\bin\api-ms-win-core-errorhandling-l1-1-0.dll
0x0000013041a30000 - 0x0000013041a35000 	C:\Users\jedch\Downloads\openjfx-25.0.2_windows-x64_bin-sdk\javafx-sdk-25.0.2\bin\api-ms-win-core-file-l1-1-0.dll
0x0000013041a40000 - 0x0000013041a44000 	C:\Users\jedch\Downloads\openjfx-25.0.2_windows-x64_bin-sdk\javafx-sdk-25.0.2\bin\api-ms-win-core-file-l1-2-0.dll
0x0000013041a50000 - 0x0000013041a54000 	C:\Users\jedch\Downloads\openjfx-25.0.2_windows-x64_bin-sdk\javafx-sdk-25.0.2\bin\api-ms-win-core-file-l2-1-0.dll
0x0000013041a60000 - 0x0000013041a64000 	C:\Users\jedch\Downloads\openjfx-25.0.2_windows-x64_bin-sdk\javafx-sdk-25.0.2\bin\api-ms-win-core-handle-l1-1-0.dll
0x00000130628c0000 - 0x00000130628c4000 	C:\Users\jedch\Downloads\openjfx-25.0.2_windows-x64_bin-sdk\javafx-sdk-25.0.2\bin\api-ms-win-core-heap-l1-1-0.dll
0x00000130628d0000 - 0x00000130628d4000 	C:\Users\jedch\Downloads\openjfx-25.0.2_windows-x64_bin-sdk\javafx-sdk-25.0.2\bin\api-ms-win-core-interlocked-l1-1-0.dll
0x00000130628e0000 - 0x00000130628e4000 	C:\Users\jedch\Downloads\openjfx-25.0.2_windows-x64_bin-sdk\javafx-sdk-25.0.2\bin\api-ms-win-core-libraryloader-l1-1-0.dll
0x00000130628f0000 - 0x00000130628f4000 	C:\Users\jedch\Downloads\openjfx-25.0.2_windows-x64_bin-sdk\javafx-sdk-25.0.2\bin\api-ms-win-core-localization-l1-2-0.dll
0x0000013062900000 - 0x0000013062904000 	C:\Users\jedch\Downloads\openjfx-25.0.2_windows-x64_bin-sdk\javafx-sdk-25.0.2\bin\api-ms-win-core-memory-l1-1-0.dll
0x0000013062910000 - 0x0000013062914000 	C:\Users\jedch\Downloads\openjfx-25.0.2_windows-x64_bin-sdk\javafx-sdk-25.0.2\bin\api-ms-win-core-namedpipe-l1-1-0.dll
0x0000013062920000 - 0x0000013062924000 	C:\Users\jedch\Downloads\openjfx-25.0.2_windows-x64_bin-sdk\javafx-sdk-25.0.2\bin\api-ms-win-core-processenvironment-l1-1-0.dll
0x0000013062930000 - 0x0000013062934000 	C:\Users\jedch\Downloads\openjfx-25.0.2_windows-x64_bin-sdk\javafx-sdk-25.0.2\bin\api-ms-win-core-processthreads-l1-1-0.dll
0x0000013062940000 - 0x0000013062944000 	C:\Users\jedch\Downloads\openjfx-25.0.2_windows-x64_bin-sdk\javafx-sdk-25.0.2\bin\api-ms-win-core-processthreads-l1-1-1.dll
0x0000013062950000 - 0x0000013062954000 	C:\Users\jedch\Downloads\openjfx-25.0.2_windows-x64_bin-sdk\javafx-sdk-25.0.2\bin\api-ms-win-core-profile-l1-1-0.dll
0x0000013062960000 - 0x0000013062964000 	C:\Users\jedch\Downloads\openjfx-25.0.2_windows-x64_bin-sdk\javafx-sdk-25.0.2\bin\api-ms-win-core-rtlsupport-l1-1-0.dll
0x0000013062970000 - 0x0000013062974000 	C:\Users\jedch\Downloads\openjfx-25.0.2_windows-x64_bin-sdk\javafx-sdk-25.0.2\bin\api-ms-win-core-string-l1-1-0.dll
0x0000013062980000 - 0x0000013062984000 	C:\Users\jedch\Downloads\openjfx-25.0.2_windows-x64_bin-sdk\javafx-sdk-25.0.2\bin\api-ms-win-core-synch-l1-1-0.dll
0x0000013062990000 - 0x0000013062994000 	C:\Users\jedch\Downloads\openjfx-25.0.2_windows-x64_bin-sdk\javafx-sdk-25.0.2\bin\api-ms-win-core-synch-l1-2-0.dll
0x00000130629a0000 - 0x00000130629a4000 	C:\Users\jedch\Downloads\openjfx-25.0.2_windows-x64_bin-sdk\javafx-sdk-25.0.2\bin\api-ms-win-core-sysinfo-l1-1-0.dll
0x00000130629b0000 - 0x00000130629b4000 	C:\Users\jedch\Downloads\openjfx-25.0.2_windows-x64_bin-sdk\javafx-sdk-25.0.2\bin\api-ms-win-core-timezone-l1-1-0.dll
0x00000130629c0000 - 0x00000130629c4000 	C:\Users\jedch\Downloads\openjfx-25.0.2_windows-x64_bin-sdk\javafx-sdk-25.0.2\bin\api-ms-win-core-util-l1-1-0.dll
0x00000130629d0000 - 0x00000130629d4000 	C:\Users\jedch\Downloads\openjfx-25.0.2_windows-x64_bin-sdk\javafx-sdk-25.0.2\bin\api-ms-win-crt-conio-l1-1-0.dll
0x00000130629e0000 - 0x00000130629e5000 	C:\Users\jedch\Downloads\openjfx-25.0.2_windows-x64_bin-sdk\javafx-sdk-25.0.2\bin\api-ms-win-crt-convert-l1-1-0.dll
0x00000130629f0000 - 0x00000130629f4000 	C:\Users\jedch\Downloads\openjfx-25.0.2_windows-x64_bin-sdk\javafx-sdk-25.0.2\bin\api-ms-win-crt-environment-l1-1-0.dll
0x0000013062a00000 - 0x0000013062a04000 	C:\Users\jedch\Downloads\openjfx-25.0.2_windows-x64_bin-sdk\javafx-sdk-25.0.2\bin\api-ms-win-crt-filesystem-l1-1-0.dll
0x0000013062a10000 - 0x0000013062a14000 	C:\Users\jedch\Downloads\openjfx-25.0.2_windows-x64_bin-sdk\javafx-sdk-25.0.2\bin\api-ms-win-crt-heap-l1-1-0.dll
0x0000013062a20000 - 0x0000013062a24000 	C:\Users\jedch\Downloads\openjfx-25.0.2_windows-x64_bin-sdk\javafx-sdk-25.0.2\bin\api-ms-win-crt-locale-l1-1-0.dll
0x0000013062a30000 - 0x0000013062a36000 	C:\Users\jedch\Downloads\openjfx-25.0.2_windows-x64_bin-sdk\javafx-sdk-25.0.2\bin\api-ms-win-crt-math-l1-1-0.dll
0x0000013062a40000 - 0x0000013062a46000 	C:\Users\jedch\Downloads\openjfx-25.0.2_windows-x64_bin-sdk\javafx-sdk-25.0.2\bin\api-ms-win-crt-multibyte-l1-1-0.dll
0x0000013062a50000 - 0x0000013062a61000 	C:\Users\jedch\Downloads\openjfx-25.0.2_windows-x64_bin-sdk\javafx-sdk-25.0.2\bin\api-ms-win-crt-private-l1-1-0.dll
0x0000013062a70000 - 0x0000013062a74000 	C:\Users\jedch\Downloads\openjfx-25.0.2_windows-x64_bin-sdk\javafx-sdk-25.0.2\bin\api-ms-win-crt-process-l1-1-0.dll
0x0000013062a80000 - 0x0000013062a85000 	C:\Users\jedch\Downloads\openjfx-25.0.2_windows-x64_bin-sdk\javafx-sdk-25.0.2\bin\api-ms-win-crt-runtime-l1-1-0.dll
0x0000013062a90000 - 0x0000013062a95000 	C:\Users\jedch\Downloads\openjfx-25.0.2_windows-x64_bin-sdk\javafx-sdk-25.0.2\bin\api-ms-win-crt-stdio-l1-1-0.dll
0x0000013062aa0000 - 0x0000013062aa5000 	C:\Users\jedch\Downloads\openjfx-25.0.2_windows-x64_bin-sdk\javafx-sdk-25.0.2\bin\api-ms-win-crt-string-l1-1-0.dll
0x0000013062ab0000 - 0x0000013062ab4000 	C:\Users\jedch\Downloads\openjfx-25.0.2_windows-x64_bin-sdk\javafx-sdk-25.0.2\bin\api-ms-win-crt-time-l1-1-0.dll
0x0000013062ac0000 - 0x0000013062ac4000 	C:\Users\jedch\Downloads\openjfx-25.0.2_windows-x64_bin-sdk\javafx-sdk-25.0.2\bin\api-ms-win-crt-utility-l1-1-0.dll
0x00007ffcb7a80000 - 0x00007ffcb7b91000 	C:\Users\jedch\Downloads\openjfx-25.0.2_windows-x64_bin-sdk\javafx-sdk-25.0.2\bin\ucrtbase.dll
0x00007ffcfe0c0000 - 0x00007ffcfe0de000 	C:\Users\jedch\Downloads\openjfx-25.0.2_windows-x64_bin-sdk\javafx-sdk-25.0.2\bin\vcruntime140.dll
0x00007ffcfeb10000 - 0x00007ffcfeb1c000 	C:\Users\jedch\Downloads\openjfx-25.0.2_windows-x64_bin-sdk\javafx-sdk-25.0.2\bin\vcruntime140_1.dll
0x00007ffcd27b0000 - 0x00007ffcd283d000 	C:\Users\jedch\Downloads\openjfx-25.0.2_windows-x64_bin-sdk\javafx-sdk-25.0.2\bin\msvcp140.dll
0x00007ffcfe0b0000 - 0x00007ffcfe0b9000 	C:\Users\jedch\Downloads\openjfx-25.0.2_windows-x64_bin-sdk\javafx-sdk-25.0.2\bin\msvcp140_1.dll
0x00007ffcfc950000 - 0x00007ffcfc991000 	C:\Users\jedch\Downloads\openjfx-25.0.2_windows-x64_bin-sdk\javafx-sdk-25.0.2\bin\msvcp140_2.dll
0x00007ffcf5fa0000 - 0x00007ffcf5fd0000 	C:\Users\jedch\Downloads\openjfx-25.0.2_windows-x64_bin-sdk\javafx-sdk-25.0.2\bin\prism_d3d.dll
0x00007ffcb90a0000 - 0x00007ffcb9253000 	C:\WINDOWS\system32\d3d9.dll
0x00007ffd130d0000 - 0x00007ffd13101000 	C:\WINDOWS\SYSTEM32\dwmapi.dll
0x00007ffd136d0000 - 0x00007ffd13714000 	C:\WINDOWS\SYSTEM32\dxcore.dll
0x00007ffd13410000 - 0x00007ffd134bb000 	C:\WINDOWS\system32\uxtheme.dll
0x00007ffcb3990000 - 0x00007ffcb3c2f000 	C:\WINDOWS\System32\DriverStore\FileRepository\iigd_dch.inf_amd64_d71a22cbbfee3077\igdumdim64.dll
0x00007ffca5e70000 - 0x00007ffca75db000 	C:\WINDOWS\System32\DriverStore\FileRepository\iigd_dch.inf_amd64_d71a22cbbfee3077\igd9dxva64.dll
0x00007ffd17060000 - 0x00007ffd174e9000 	C:\WINDOWS\System32\SETUPAPI.dll
0x00007ffd154d0000 - 0x00007ffd15527000 	C:\WINDOWS\SYSTEM32\cfgmgr32.dll
0x00007ffd00760000 - 0x00007ffd02833000 	C:\WINDOWS\System32\DriverStore\FileRepository\iigd_dch.inf_amd64_d71a22cbbfee3077\media_bin_64.dll
0x00007ffd0cfe0000 - 0x00007ffd0d58b000 	C:\WINDOWS\System32\DriverStore\FileRepository\iigd_dch.inf_amd64_d71a22cbbfee3077\igdgmm64.dll
0x00007ffd0f9b0000 - 0x00007ffd0fa13000 	C:\WINDOWS\SYSTEM32\directxdatabasehelper.dll
0x00007ffcd31a0000 - 0x00007ffcd31e9000 	C:\Users\jedch\Downloads\openjfx-25.0.2_windows-x64_bin-sdk\javafx-sdk-25.0.2\bin\glass.dll
0x00007ffd17a80000 - 0x00007ffd17b6f000 	C:\WINDOWS\System32\COMDLG32.dll
0x00007ffd17520000 - 0x00007ffd175d0000 	C:\WINDOWS\System32\clbcatq.dll
0x00007ffcfddc0000 - 0x00007ffcfdf16000 	C:\Windows\System32\Windows.UI.dll
0x00007ffce4cd0000 - 0x00007ffce4d8c000 	C:\Windows\System32\Windows.Networking.Connectivity.dll
0x00007ffd05c30000 - 0x00007ffd05e74000 	C:\Windows\System32\twinapi.appcore.dll
0x00007ffd18bd0000 - 0x00007ffd18d2f000 	C:\WINDOWS\System32\MSCTF.dll
0x00007ffd10ae0000 - 0x00007ffd10b08000 	C:\WINDOWS\System32\DriverStore\FileRepository\iigd_dch.inf_amd64_d71a22cbbfee3077\igdinfo64.dll
0x00007ffd07ae0000 - 0x00007ffd0cd94000 	C:\WINDOWS\System32\DriverStore\FileRepository\iigd_dch.inf_amd64_d71a22cbbfee3077\igc64.dll
0x00007ffcd0590000 - 0x00007ffcd06df000 	C:\Windows\System32\Windows.UI.Immersive.dll
0x00007ffd04380000 - 0x00007ffd04399000 	C:\WINDOWS\System32\npmproxy.dll
0x00007ffd06000000 - 0x00007ffd06091000 	C:\WINDOWS\SYSTEM32\wlanapi.dll
0x00007ffd05fd0000 - 0x00007ffd05ff2000 	C:\WINDOWS\SYSTEM32\MobileNetworking.dll
0x00007ffd14130000 - 0x00007ffd14164000 	C:\Windows\System32\IPHLPAPI.DLL
0x00007ffd18b40000 - 0x00007ffd18b4a000 	C:\WINDOWS\System32\NSI.dll
0x00007ffcc2910000 - 0x00007ffcc2923000 	C:\Windows\System32\dusmapi.dll
0x00007ffcfc8f0000 - 0x00007ffcfc905000 	C:\Users\jedch\Downloads\openjfx-25.0.2_windows-x64_bin-sdk\javafx-sdk-25.0.2\bin\javafx_font.dll
0x00007ffd11c30000 - 0x00007ffd11e97000 	C:\WINDOWS\SYSTEM32\dwrite.dll
0x00007ffd11380000 - 0x00007ffd115af000 	C:\WINDOWS\SYSTEM32\WindowsCodecs.dll
0x00007ffcdbf70000 - 0x00007ffcdbfca000 	C:\WINDOWS\system32\dataexchange.dll
0x00007ffcd3170000 - 0x00007ffcd319c000 	C:\Program Files\Common Files\Microsoft Shared\Ink\rtscom.dll
0x00007ffcff3c0000 - 0x00007ffcff509000 	C:\WINDOWS\SYSTEM32\textinputframework.dll

JVMTI agents:
C:\Program Files\JetBrains\IntelliJ IDEA 2025.2.2\lib\idea_rt.jar path:C:\Users\jedch\.jdks\openjdk-25.0.2\bin\instrument.dll, loaded, initialized, instrumentlib options:59651

dbghelp: loaded successfully - version: 4.0.5 - missing functions: none
symbol engine: initialized successfully - sym options: 0x614 - pdb path: .;C:\Users\jedch\.jdks\openjdk-25.0.2\bin;C:\WINDOWS\SYSTEM32;C:\WINDOWS\WinSxS\amd64_microsoft.windows.common-controls_6595b64144ccf1df_6.0.26100.7824_none_3e0870b2e3345462;C:\Users\jedch\.jdks\openjdk-25.0.2\bin\server;C:\Users\jedch\Downloads\openjfx-25.0.2_windows-x64_bin-sdk\javafx-sdk-25.0.2\bin;C:\WINDOWS\System32\DriverStore\FileRepository\iigd_dch.inf_amd64_d71a22cbbfee3077;C:\Program Files\Common Files\Microsoft Shared\Ink;C:\Users\jedch\AppData\Local\Temp\jna-101001390;C:\Program Files (x86)\Windows Kits\10\Redist\ucrt\DLLs\x64;C:\Users\jedch\.javacpp\cache\openblas-0.3.26-1.5.10-windows-x86_64.jar\org\bytedeco\openblas\windows-x86_64;C:\Users\jedch\.javacpp\cache\javacpp-1.5.10-windows-x86_64.jar\org\bytedeco\javacpp\windows-x86_64;C:\Users\jedch\.javacpp\cache\opencv-4.9.0-1.5.10-windows-x86_64.jar\org\bytedeco\opencv\windows-x86_64

VM Arguments:
jvm_args: --module-path=C:\Users\jedch\Downloads\openjfx-25.0.2_windows-x64_bin-sdk\javafx-sdk-25.0.2\lib --add-modules=javafx.controls,javafx.fxml -javaagent:C:\Program Files\JetBrains\IntelliJ IDEA 2025.2.2\lib\idea_rt.jar=59651 -Dfile.encoding=UTF-8 -Dsun.stdout.encoding=UTF-8 -Dsun.stderr.encoding=UTF-8 
java_command: ui.BlindHireApp
java_class_path (initial): C:\Users\jedch\IdeaProjects\User1\target\classes;C:\Users\jedch\.m2\repository\com\mysql\mysql-connector-j\9.6.0\mysql-connector-j-9.6.0.jar;C:\Users\jedch\.m2\repository\com\google\protobuf\protobuf-java\4.31.1\protobuf-java-4.31.1.jar;C:\Users\jedch\.m2\repository\com\sun\mail\jakarta.mail\2.0.1\jakarta.mail-2.0.1.jar;C:\Users\jedch\.m2\repository\com\sun\activation\jakarta.activation\2.0.1\jakarta.activation-2.0.1.jar;C:\Users\jedch\.m2\repository\javax\activation\activation\1.1.1\activation-1.1.1.jar;C:\Users\jedch\.m2\repository\org\openjfx\javafx-controls\17.0.2\javafx-controls-17.0.2-win.jar;C:\Users\jedch\.m2\repository\org\openjfx\javafx-graphics\17.0.2\javafx-graphics-17.0.2.jar;C:\Users\jedch\.m2\repository\org\openjfx\javafx-fxml\17.0.2\javafx-fxml-17.0.2-win.jar;C:\Users\jedch\.m2\repository\org\openjfx\javafx-controls\17.0.2\javafx-controls-17.0.2.jar;C:\Users\jedch\.m2\repository\org\openjfx\javafx-base\17.0.2\javafx-base-17.0.2-win.jar;C:\Users\jedch\.m2\repository\org\openjfx\javafx-graphics\17.0.2\javafx-graphics-17.0.2-win.jar;C:\Users\jedch\.m2\repository\org\openjfx\javafx-base\17.0.2\javafx-base-17.0.2.jar;C:\Users\jedch\.m2\repository\org\openjfx\javafx-swing\17.0.2\javafx-swing-17.0.2-win.jar;C:\Users\jedch\.m2\repository\org\bytedeco\javacv-platform\1.5.10\javacv-platform-1.5.10.jar;C:\Users\jedch\.m2\repository\org\bytedeco\javacv\1.5.10\javacv-1.5.10.jar;C:\Users\jedch\.m2\repository\org\bytedeco\javacpp\1.5.10\javacpp-1.5.10.jar;C:\Users\jedch\.m2\repository\org\bytedeco\openblas\0.3.26-1.5.10\openblas-0.3.26-1.5.10.jar;C:\Users\jedch\.m2\repository\org\bytedeco\opencv\4.9.0-1.5.10\opencv-4.9.0-1.5.10.jar;C:\Users\jedch\.m2\repository\org\bytedeco\ffmpeg\6.1.1-1.5.10\ffmpeg-6.1.1-1.5.10.jar;C:\Users\jedch\.m2\repository\org\bytedeco\flycapture\2.13.3.31-1.5.9\flycapture-2.13.3.31-1.5.9.jar;C:\Users\jedch\.m2\repository\org\bytedeco\libdc1394\2.2.6-1.5.9\libdc1394-2.2.6-1.5.9.jar;C:\Users\jedch\.m2\repository\org\bytedeco\libfreenect\0.5.7-1.5.9\libfreenect-0.5.7-1.5.9.jar;C:\Users\jedch\.m2\repository\org\bytedeco\libfreenect2\0.2.0-1.5.9\libfreenect2-0.2.0-1.5.9.jar;C:\Users\jedch\.m2\repository\org\bytedeco\librealsense\1.12.4-1.5.9\librealsense-1.12.4-1.5.9.jar;C:\Users\jedch\.m2\repository\org\bytedeco\librealsense2\2.53.1-1.5.9\librealsense2-2.53.1-1.5.9.jar;C:\Users\jedch\.m2\repository\org\bytedeco\videoinput\0.200-1.5.9\videoinput-0.200-1.5.9.jar;C:\Users\jedch\.m2\repository\org\bytedeco\artoolkitplus\2.3.1-1.5.9\artoolkitplus-2.3.1-1.5.9.jar;C:\Users\jedch\.m2\repository\org\bytedeco\leptonica\1.84.1-1.5.10\leptonica-1.84.1-1.5.10.jar;C:\Users\jedch\.m2\repository\org\bytedeco\tesseract\5.3.4-1.5.10\tesseract-5.3.4-1.5.10.jar;C:\Users\jedch\.m2\repository\org\bytedeco\javacpp-platform\1.5.10\javacpp-platform-1.5.10.jar;C:\Users\jedch\.m2\repository\org\bytedeco\javacpp\1.5.10\javacpp-1.5.10-android-arm64.jar;C:\Users\jedch\.m2\repository\org\bytedeco\javacpp\1.5.10\javacpp-1.5.10-android-x86_64.jar;C:\Users\jedch\.m2\repository\org\bytedeco\javacpp\1.5.10\javacpp-1.5.10-ios-arm64.jar;C:\Users\jedch\.m2\repository\org\bytedeco\javacpp\1.5.10\javacpp-1.5.10-ios-x86_64.jar;C:\Users\jedch\.m2\repository\org\bytedeco\javacpp\1.5.10\javacpp-1.5.10-linux-arm64.jar;C:\Users\jedch\.m2\repository\org\bytedeco\javacpp\1.5.10\javacpp-1.5.10-linux-ppc64le.jar;C:\Users\jedch\.m2\repository\org\bytedeco\javacpp\1.5.10\javacpp-1.5.10-linux-x86_64.jar;C:\Users\jedch\.m2\repository\org\bytedeco\javacpp\1.5.10\javacpp-1.5.10-macosx-arm64.jar;C:\Users\jedch\.m2\repository\org\bytedeco\javacpp\1.5.10\javacpp-1.5.10-macosx-x86_64.jar;C:\Users\jedch\.m2\repository\org\bytedeco\javacpp\1.5.10\javacpp-1.5.10-windows-x86_64.jar;C:\Users\jedch\.m2\repository\org\bytedeco\openblas-platform\0.3.26-1.5.10\openblas-platform-0.3.26-1.5.10.jar;C:\Users\jedch\.m2\repository\org\bytedeco\openblas\0.3.26-1.5.10\openblas-0.3.26-1.5.10-android-arm64.jar;C:\Users\jedch\.m2\repository\org\bytedeco\openblas\0.3.26-1.5.10\openblas-0.3.26-1.5.10-android-x86_64.jar;C:\Users\jedch\.m2\repository\org\bytedeco\openblas\0.3.26-1.5.10\openblas-0.3.26-1.5.10-ios-arm64.jar;C:\Users\jedch\.m2\repository\org\bytedeco\openblas\0.3.26-1.5.10\openblas-0.3.26-1.5.10-ios-x86_64.jar;C:\Users\jedch\.m2\repository\org\bytedeco\openblas\0.3.26-1.5.10\openblas-0.3.26-1.5.10-linux-x86_64.jar;C:\Users\jedch\.m2\repository\org\bytedeco\openblas\0.3.26-1.5.10\openblas-0.3.26-1.5.10-linux-arm64.jar;C:\Users\jedch\.m2\repository\org\bytedeco\openblas\0.3.26-1.5.10\openblas-0.3.26-1.5.10-linux-ppc64le.jar;C:\Users\jedch\.m2\repository\org\bytedeco\openblas\0.3.26-1.5.10\openblas-0.3.26-1.5.10-macosx-arm64.jar;C:\Users\jedch\.m2\repository\org\bytedeco\openblas\0.3.26-1.5.10\openblas-0.3.26-1.5.10-macosx-x86_64.jar;C:\Users\jedch\.m2\repository\org\bytedeco\openblas\0.3.26-1.5.10\openblas-0.3.26-1.5.10-windows-x86_64.jar;C:\Users\jedch\.m2\repository\org\bytedeco\opencv-platform\4.9.0-1.5.10\opencv-platform-4.9.0-1.5.10.jar;C:\Users\jedch\.m2\repository\org\bytedeco\opencv\4.9.0-1.5.10\opencv-4.9.0-1.5.10-android-arm64.jar;C:\Users\jedch\.m2\repository\org\bytedeco\opencv\4.9.0-1.5.10\opencv-4.9.0-1.5.10-android-x86_64.jar;C:\Users\jedch\.m2\repository\org\bytedeco\opencv\4.9.0-1.5.10\opencv-4.9.0-1.5.10-ios-arm64.jar;C:\Users\jedch\.m2\repository\org\bytedeco\opencv\4.9.0-1.5.10\opencv-4.9.0-1.5.10-ios-x86_64.jar;C:\Users\jedch\.m2\repository\org\bytedeco\opencv\4.9.0-1.5.10\opencv-4.9.0-1.5.10-linux-x86_64.jar;C:\Users\jedch\.m2\repository\org\bytedeco\opencv\4.9.0-1.5.10\opencv-4.9.0-1.5.10-linux-arm64.jar;C:\Users\jedch\.m2\repository\org\bytedeco\opencv\4.9.0-1.5.10\opencv-4.9.0-1.5.10-linux-ppc64le.jar;C:\Users\jedch\.m2\repository\org\bytedeco\opencv\4.9.0-1.5.10\opencv-4.9.0-1.5.10-macosx-arm64.jar;C:\Users\jedch\.m2\repository\org\bytedeco\opencv\4.9.0-1.5.10\opencv-4.9.0-1.5.10-macosx-x86_64.jar;C:\Users\jedch\.m2\repository\org\bytedeco\opencv\4.9.0-1.5.10\opencv-4.9.0-1.5.10-windows-x86_64.jar;C:\Users\jedch\.m2\repository\org\bytedeco\ffmpeg-platform\6.1.1-1.5.10\ffmpeg-platform-6.1.1-1.5.10.jar;C:\Users\jedch\.m2\repository\org\bytedeco\ffmpeg\6.1.1-1.5.10\ffmpeg-6.1.1-1.5.10-android-arm64.jar;C:\Users\jedch\.m2\repository\org\bytedeco\ffmpeg\6.1.1-1.5.10\ffmpeg-6.1.1-1.5.10-android-x86_64.jar;C:\Users\jedch\.m2\repository\org\bytedeco\ffmpeg\6.1.1-1.5.10\ffmpeg-6.1.1-1.5.10-linux-x86_64.jar;C:\Users\jedch\.m2\repository\org\bytedeco\ffmpeg\6.1.1-1.5.10\ffmpeg-6.1.1-1.5.10-linux-arm64.jar;C:\Users\jedch\.m2\repository\org\bytedeco\ffmpeg\6.1.1-1.5.10\ffmpeg-6.1.1-1.5.10-linux-ppc64le.jar;C:\Users\jedch\.m2\repository\org\bytedeco\ffmpeg\6.1.1-1.5.10\ffmpeg-6.1.1-1.5.10-macosx-arm64.jar;C:\Users\jedch\.m2\repository\org\bytedeco\ffmpeg\6.1.1-1.5.10\ffmpeg-6.1.1-1.5.10-macosx-x86_64.jar;C:\Users\jedch\.m2\repository\org\bytedeco\ffmpeg\6.1.1-1.5.10\ffmpeg-6.1.1-1.5.10-windows-x86_64.jar;C:\Users\jedch\.m2\repository\org\bytedeco\flycapture-platform\2.13.3.31-1.5.9\flycapture-platform-2.13.3.31-1.5.9.jar;C:\Users\jedch\.m2\repository\org\bytedeco\flycapture\2.13.3.31-1.5.9\flycapture-2.13.3.31-1.5.9-linux-x86.jar;C:\Users\jedch\.m2\repository\org\bytedeco\flycapture\2.13.3.31-1.5.9\flycapture-2.13.3.31-1.5.9-linux-x86_64.jar;C:\Users\jedch\.m2\repository\org\bytedeco\flycapture\2.13.3.31-1.5.9\flycapture-2.13.3.31-1.5.9-linux-armhf.jar;C:\Users\jedch\.m2\repository\org\bytedeco\flycapture\2.13.3.31-1.5.9\flycapture-2.13.3.31-1.5.9-linux-arm64.jar;C:\Users\jedch\.m2\repository\org\bytedeco\flycapture\2.13.3.31-1.5.9\flycapture-2.13.3.31-1.5.9-windows-x86.jar;C:\Users\jedch\.m2\repository\org\bytedeco\flycapture\2.13.3.31-1.5.9\flycapture-2.13.3.31-1.5.9-windows-x86_64.jar;C:\Users\jedch\.m2\repository\org\bytedeco\libdc1394-platform\2.2.6-1.5.9\libdc1394-platform-2.2.6-1.5.9.jar;C:\Users\jedch\.m2\repository\org\bytedeco\libdc1394\2.2.6-1.5.9\libdc1394-2.2.6-1.5.9-linux-x86.jar;C:\Users\jedch\.m2\repository\org\bytedeco\libdc1394\2.2.6-1.5.9\libdc1394-2.2.6-1.5.9-linux-x86_64.jar;C:\Users\jedch\.m2\repository\org\bytedeco\libdc1394\2.2.6-1.5.9\libdc1394-2.2.6-1.5.9-linux-armhf.jar;C:\Users\jedch\.m2\repository\org\bytedeco\libdc1394\2.2.6-1.5.9\libdc1394-2.2.6-1.5.9-linux-arm64.jar;C:\Users\jedch\.m2\repository\org\bytedeco\libdc1394\2.2.6-1.5.9\libdc1394-2.2.6-1.5.9-linux-ppc64le.jar;C:\Users\jedch\.m2\repository\org\bytedeco\libdc1394\2.2.6-1.5.9\libdc1394-2.2.6-1.5.9-macosx-x86_64.jar;C:\Users\jedch\.m2\repository\org\bytedeco\libdc1394\2.2.6-1.5.9\libdc1394-2.2.6-1.5.9-windows-x86.jar;C:\Users\jedch\.m2\repository\org\bytedeco\libdc1394\2.2.6-1.5.9\libdc1394-2.2.6-1.5.9-windows-x86_64.jar;C:\Users\jedch\.m2\repository\org\bytedeco\libfreenect-platform\0.5.7-1.5.9\libfreenect-platform-0.5.7-1.5.9.jar;C:\Users\jedch\.m2\repository\org\bytedeco\libfreenect\0.5.7-1.5.9\libfreenect-0.5.7-1.5.9-linux-x86.jar;C:\Users\jedch\.m2\repository\org\bytedeco\libfreenect\0.5.7-1.5.9\libfreenect-0.5.7-1.5.9-linux-x86_64.jar;C:\Users\jedch\.m2\repository\org\bytedeco\libfreenect\0.5.7-1.5.9\libfreenect-0.5.7-1.5.9-linux-armhf.jar;C:\Users\jedch\.m2\repository\org\bytedeco\libfreenect\0.5.7-1.5.9\libfreenect-0.5.7-1.5.9-linux-arm64.jar;C:\Users\jedch\.m2\repository\org\bytedeco\libfreenect\0.5.7-1.5.9\libfreenect-0.5.7-1.5.9-linux-ppc64le.jar;C:\Users\jedch\.m2\repository\org\bytedeco\libfreenect\0.5.7-1.5.9\libfreenect-0.5.7-1.5.9-macosx-x86_64.jar;C:\Users\jedch\.m2\repository\org\bytedeco\libfreenect\0.5.7-1.5.9\libfreenect-0.5.7-1.5.9-windows-x86.jar;C:\Users\jedch\.m2\repository\org\bytedeco\libfreenect\0.5.7-1.5.9\libfreenect-0.5.7-1.5.9-windows-x86_64.jar;C:\Users\jedch\.m2\repository\org\bytedeco\libfreenect2-platform\0.2.0-1.5.9\libfreenect2-platform-0.2.0-1.5.9.jar;C:\Users\jedch\.m2\repository\org\bytedeco\libfreenect2\0.2.0-1.5.9\libfreenect2-0.2.0-1.5.9-linux-x86.jar;C:\Users\jedch\.m2\repository\org\bytedeco\libfreenect2\0.2.0-1.5.9\libfreenect2-0.2.0-1.5.9-linux-x86_64.jar;C:\Users\jedch\.m2\repository\org\bytedeco\libfreenect2\0.2.0-1.5.9\libfreenect2-0.2.0-1.5.9-macosx-x86_64.jar;C:\Users\jedch\.m2\repository\org\bytedeco\libfreenect2\0.2.0-1.5.9\libfreenect2-0.2.0-1.5.9-windows-x86_64.jar;C:\Users\jedch\.m2\repository\org\bytedeco\librealsense-platform\1.12.4-1.5.9\librealsense-platform-1.12.4-1.5.9.jar;C:\Users\jedch\.m2\repository\org\bytedeco\librealsense\1.12.4-1.5.9\librealsense-1.12.4-1.5.9-linux-armhf.jar;C:\Users\jedch\.m2\repository\org\bytedeco\librealsense\1.12.4-1.5.9\librealsense-1.12.4-1.5.9-linux-arm64.jar;C:\Users\jedch\.m2\repository\org\bytedeco\librealsense\1.12.4-1.5.9\librealsense-1.12.4-1.5.9-linux-x86.jar;C:\Users\jedch\.m2\repository\org\bytedeco\librealsense\1.12.4-1.5.9\librealsense-1.12.4-1.5.9-linux-x86_64.jar;C:\Users\jedch\.m2\repository\org\bytedeco\librealsense\1.12.4-1.5.9\librealsense-1.12.4-1.5.9-macosx-x86_64.jar;C:\Users\jedch\.m2\repository\org\bytedeco\librealsense\1.12.4-1.5.9\librealsense-1.12.4-1.5.9-windows-x86.jar;C:\Users\jedch\.m2\repository\org\bytedeco\librealsense\1.12.4-1.5.9\librealsense-1.12.4-1.5.9-windows-x86_64.jar;C:\Users\jedch\.m2\repository\org\bytedeco\librealsense2-platform\2.53.1-1.5.9\librealsense2-platform-2.53.1-1.5.9.jar;C:\Users\jedch\.m2\repository\org\bytedeco\librealsense2\2.53.1-1.5.9\librealsense2-2.53.1-1.5.9-linux-armhf.jar;C:\Users\jedch\.m2\repository\org\bytedeco\librealsense2\2.53.1-1.5.9\librealsense2-2.53.1-1.5.9-linux-arm64.jar;C:\Users\jedch\.m2\repository\org\bytedeco\librealsense2\2.53.1-1.5.9\librealsense2-2.53.1-1.5.9-linux-x86.jar;C:\Users\jedch\.m2\repository\org\bytedeco\librealsense2\2.53.1-1.5.9\librealsense2-2.53.1-1.5.9-linux-x86_64.jar;C:\Users\jedch\.m2\repository\org\bytedeco\librealsense2\2.53.1-1.5.9\librealsense2-2.53.1-1.5.9-macosx-x86_64.jar;C:\Users\jedch\.m2\repository\org\bytedeco\librealsense2\2.53.1-1.5.9\librealsense2-2.53.1-1.5.9-windows-x86.jar;C:\Users\jedch\.m2\repository\org\bytedeco\librealsense2\2.53.1-1.5.9\librealsense2-2.53.1-1.5.9-windows-x86_64.jar;C:\Users\jedch\.m2\repository\org\bytedeco\videoinput-platform\0.200-1.5.9\videoinput-platform-0.200-1.5.9.jar;C:\Users\jedch\.m2\repository\org\bytedeco\videoinput\0.200-1.5.9\videoinput-0.200-1.5.9-windows-x86.jar;C:\Users\jedch\.m2\repository\org\bytedeco\videoinput\0.200-1.5.9\videoinput-0.200-1.5.9-windows-x86_64.jar;C:\Users\jedch\.m2\repository\org\bytedeco\artoolkitplus-platform\2.3.1-1.5.9\artoolkitplus-platform-2.3.1-1.5.9.jar;C:\Users\jedch\.m2\repository\org\bytedeco\artoolkitplus\2.3.1-1.5.9\artoolkitplus-2.3.1-1.5.9-android-arm.jar;C:\Users\jedch\.m2\repository\org\bytedeco\artoolkitplus\2.3.1-1.5.9\artoolkitplus-2.3.1-1.5.9-android-arm64.jar;C:\Users\jedch\.m2\repository\org\bytedeco\artoolkitplus\2.3.1-1.5.9\artoolkitplus-2.3.1-1.5.9-android-x86.jar;C:\Users\jedch\.m2\repository\org\bytedeco\artoolkitplus\2.3.1-1.5.9\artoolkitplus-2.3.1-1.5.9-android-x86_64.jar;C:\Users\jedch\.m2\repository\org\bytedeco\artoolkitplus\2.3.1-1.5.9\artoolkitplus-2.3.1-1.5.9-linux-x86.jar;C:\Users\jedch\.m2\repository\org\bytedeco\artoolkitplus\2.3.1-1.5.9\artoolkitplus-2.3.1-1.5.9-linux-x86_64.jar;C:\Users\jedch\.m2\repository\org\bytedeco\artoolkitplus\2.3.1-1.5.9\artoolkitplus-2.3.1-1.5.9-linux-armhf.jar;C:\Users\jedch\.m2\repository\org\bytedeco\artoolkitplus\2.3.1-1.5.9\artoolkitplus-2.3.1-1.5.9-linux-arm64.jar;C:\Users\jedch\.m2\repository\org\bytedeco\artoolkitplus\2.3.1-1.5.9\artoolkitplus-2.3.1-1.5.9-linux-ppc64le.jar;C:\Users\jedch\.m2\repository\org\bytedeco\artoolkitplus\2.3.1-1.5.9\artoolkitplus-2.3.1-1.5.9-macosx-x86_64.jar;C:\Users\jedch\.m2\repository\org\bytedeco\artoolkitplus\2.3.1-1.5.9\artoolkitplus-2.3.1-1.5.9-windows-x86.jar;C:\Users\jedch\.m2\repository\org\bytedeco\artoolkitplus\2.3.1-1.5.9\artoolkitplus-2.3.1-1.5.9-windows-x86_64.jar;C:\Users\jedch\.m2\repository\org\bytedeco\leptonica-platform\1.84.1-1.5.10\leptonica-platform-1.84.1-1.5.10.jar;C:\Users\jedch\.m2\repository\org\bytedeco\leptonica\1.84.1-1.5.10\leptonica-1.84.1-1.5.10-android-arm64.jar;C:\Users\jedch\.m2\repository\org\bytedeco\leptonica\1.84.1-1.5.10\leptonica-1.84.1-1.5.10-android-x86_64.jar;C:\Users\jedch\.m2\repository\org\bytedeco\leptonica\1.84.1-1.5.10\leptonica-1.84.1-1.5.10-linux-x86_64.jar;C:\Users\jedch\.m2\repository\org\bytedeco\leptonica\1.84.1-1.5.10\leptonica-1.84.1-1.5.10-linux-arm64.jar;C:\Users\jedch\.m2\repository\org\bytedeco\leptonica\1.84.1-1.5.10\leptonica-1.84.1-1.5.10-linux-ppc64le.jar;C:\Users\jedch\.m2\repository\org\bytedeco\leptonica\1.84.1-1.5.10\leptonica-1.84.1-1.5.10-macosx-arm64.jar;C:\Users\jedch\.m2\repository\org\bytedeco\leptonica\1.84.1-1.5.10\leptonica-1.84.1-1.5.10-macosx-x86_64.jar;C:\Users\jedch\.m2\repository\org\bytedeco\leptonica\1.84.1-1.5.10\leptonica-1.84.1-1.5.10-windows-x86_64.jar;C:\Users\jedch\.m2\repository\org\bytedeco\tesseract-platform\5.3.4-1.5.10\tesseract-platform-5.3.4-1.5.10.jar;C:\Users\jedch\.m2\repository\org\bytedeco\tesseract\5.3.4-1.5.10\tesseract-5.3.4-1.5.10-android-arm64.jar;C:\Users\jedch\.m2\repository\org\bytedeco\tesseract\5.3.4-1.5.10\tesseract-5.3.4-1.5.10-android-x86_64.jar;C:\Users\jedch\.m2\repository\org\bytedeco\tesseract\5.3.4-1.5.10\tesseract-5.3.4-1.5.10-linux-x86_64.jar;C:\Users\jedch\.m2\repository\org\bytedeco\tesseract\5.3.4-1.5.10\tesseract-5.3.4-1.5.10-linux-arm64.jar;C:\Users\jedch\.m2\repository\org\bytedeco\tesseract\5.3.4-1.5.10\tesseract-5.3.4-1.5.10-linux-ppc64le.jar;C:\Users\jedch\.m2\repository\org\bytedeco\tesseract\5.3.4-1.5.10\tesseract-5.3.4-1.5.10-macosx-arm64.jar;C:\Users\jedch\.m2\repository\org\bytedeco\tesseract\5.3.4-1.5.10\tesseract-5.3.4-1.5.10-macosx-x86_64.jar;C:\Users\jedch\.m2\repository\org\bytedeco\tesseract\5.3.4-1.5.10\tesseract-5.3.4-1.5.10-windows-x86_64.jar;C:\Users\jedch\.m2\repository\org\apache\pdfbox\pdfbox\3.0.2\pdfbox-3.0.2.jar;C:\Users\jedch\.m2\repository\org\apache\pdfbox\pdfbox-io\3.0.2\pdfbox-io-3.0.2.jar;C:\Users\jedch\.m2\repository\org\apache\pdfbox\fontbox\3.0.2\fontbox-3.0.2.jar;C:\Users\jedch\.m2\repository\commons-logging\commons-logging\1.3.0\commons-logging-1.3.0.jar;C:\Users\jedch\.m2\repository\net\java\dev\jna\jna\5.14.0\jna-5.14.0.jar;C:\Users\jedch\.m2\repository\net\java\dev\jna\jna-platform\5.14.0\jna-platform-5.14.0.jar
Launcher Type: SUN_STANDARD

[Global flags]
     intx CICompilerCount                          = 4                                         {product} {ergonomic}
     uint ConcGCThreads                            = 2                                         {product} {ergonomic}
     uint G1ConcRefinementThreads                  = 8                                         {product} {ergonomic}
   size_t G1HeapRegionSize                         = 4194304                                   {product} {ergonomic}
   size_t InitialHeapSize                          = 331350016                                 {product} {ergonomic}
   size_t MarkStackSize                            = 4194304                                   {product} {ergonomic}
   size_t MarkStackSizeMax                         = 536870912                                 {product} {ergonomic}
   size_t MaxHeapSize                              = 5301600256                                {product} {ergonomic}
   size_t MaxNewSize                               = 3179282432                                {product} {ergonomic}
   size_t MinHeapDeltaBytes                        = 4194304                                   {product} {ergonomic}
   size_t MinHeapSize                              = 8388608                                   {product} {ergonomic}
    uintx NonNMethodCodeHeapSize                   = 5832704                                {pd product} {ergonomic}
    uintx NonProfiledCodeHeapSize                  = 122945536                              {pd product} {ergonomic}
    uintx ProfiledCodeHeapSize                     = 122880000                              {pd product} {ergonomic}
    uintx ReservedCodeCacheSize                    = 251658240                              {pd product} {ergonomic}
     bool SegmentedCodeCache                       = true                                      {product} {ergonomic}
   size_t SoftMaxHeapSize                          = 5301600256                             {manageable} {ergonomic}
     bool UseCompressedOops                        = true                           {product lp64_product} {ergonomic}
     bool UseG1GC                                  = true                                      {product} {ergonomic}
     bool UseLargePagesIndividualAllocation        = false                                  {pd product} {ergonomic}

Logging:
Log output configuration:
 #0: stdout all=warning uptime,level,tags foldmultilines=false
 #1: stderr all=off uptime,level,tags foldmultilines=false

Release file:
IMPLEMENTOR="Oracle Corporation" 
JAVA_RUNTIME_VERSION="25.0.2+10-69" 
JAVA_VERSION="25.0.2" 
JAVA_VERSION_DATE="2026-01-20" 
LIBC="default" 
MODULES="java.base java.compiler java.datatransfer java.xml java.prefs java.desktop java.instrument java.logging java.management java.security.sasl java.naming java.rmi java.management.rmi java.net.http java.scripting java.security.jgss java.transaction.xa java.sql java.sql.rowset java.xml.crypto java.se java.smartcardio jdk.accessibility jdk.internal.jvmstat jdk.attach jdk.charsets jdk.internal.opt jdk.zipfs jdk.compiler jdk.crypto.cryptoki jdk.crypto.ec jdk.crypto.mscapi jdk.dynalink jdk.internal.ed jdk.editpad jdk.internal.vm.ci jdk.graal.compiler jdk.graal.compiler.management jdk.hotspot.agent jdk.httpserver jdk.incubator.vector jdk.internal.le jdk.internal.md jdk.jartool jdk.javadoc jdk.jcmd jdk.management jdk.management.agent jdk.jconsole jdk.jdeps jdk.jdwp.agent jdk.jdi jdk.jfr jdk.jlink jdk.jpackage jdk.jshell jdk.jsobject jdk.jstatd jdk.localedata jdk.management.jfr jdk.naming.dns jdk.naming.rmi jdk.net jdk.nio.mapmode jdk.sctp jdk.security.auth jdk.security.jgss jdk.unsupported jdk.unsupported.desktop jdk.xml.dom" 
OS_ARCH="x86_64" 
OS_NAME="Windows" 
SOURCE=".:git:405a5699ebd0" 

Environment Variables:
PATH=C:\Python314\Scripts\;C:\Python314\;C:\oraclexe\app\oracle\product\11.2.0\server\bin;;C:\Program Files (x86)\VMware\VMware Workstation\bin\;C:\Users\jedch\OneDrive\Desktop\Oracle\app\oracle\product\11.2.0\server\bin;C:\Program Files (x86)\Common Files\Oracle\Java\javapath;C:\Windows\system32;C:\Windows;C:\Windows\System32\Wbem;C:\Windows\System32\WindowsPowerShell\v1.0\;C:\Windows\System32\OpenSSH\;C:\Program Files\dotnet\;C:\Program Files (x86)\NVIDIA Corporation\PhysX\Common;C:\Program Files\Git\cmd;C:\WINDOWS\system32;C:\WINDOWS;C:\WINDOWS\System32\Wbem;C:\WINDOWS\System32\WindowsPowerShell\v1.0\;C:\WINDOWS\System32\OpenSSH\;C:\oraclexe;C:\oraclexe\app\oracle\admin\XE;C:\xampp\php;C:\ProgramData\ComposerSetup\bin;C:\Program Files\nodejs\;C:\ProgramData\chocolatey\bin;C:\Users\jedch\scoop\shims;C:\Users\jedch\AppData\Local\Microsoft\WindowsApps;C:\Users\jedch\AppData\Local\Programs\Microsoft VS Code\bin;C:\Users\jedch\AppData\Local\GitHubDesktop\bin;C:\Users\jedch\AppData\Local\Programs\cursor\resources\app\bin;C:\Users\jedch\AppData\Roaming\Composer\vendor\bin;C:\Users\jedch\AppData\Roaming\npm;C:\Users\jedch\.dotnet\tools
USERNAME=jedch
OS=Windows_NT
PROCESSOR_IDENTIFIER=Intel64 Family 6 Model 140 Stepping 1, GenuineIntel
TMP=C:\Users\jedch\AppData\Local\Temp
TEMP=C:\Users\jedch\AppData\Local\Temp




Compilation memory statistics disabled.

Periodic native trim disabled

---------------  S Y S T E M  ---------------

OS:
 Windows 11 , 64 bit Build 26100 (10.0.26100.7705)
OS uptime: 0 days 22:17 hours
Hyper-V role detected

CPU: total 8 (initial active 8) (4 cores per cpu, 2 threads per core) family 6 model 140 stepping 1 microcode 0xbc, cx8, cmov, fxsr, ht, mmx, 3dnowpref, sse, sse2, sse3, ssse3, sse4.1, sse4.2, popcnt, lzcnt, tsc, tscinvbit, avx, avx2, aes, erms, clmul, bmi1, bmi2, adx, avx512f, avx512dq, avx512cd, avx512bw, avx512vl, sha, fma, vzeroupper, avx512_vpopcntdq, avx512_vpclmulqdq, avx512_vaes, avx512_vnni, clflush, clflushopt, clwb, avx512_vbmi2, avx512_vbmi, hv, rdtscp, rdpid, fsrm, gfni, avx512_bitalg, f16c, cet_ibt, cet_ss, avx512_ifma
Processor Information for processor 0
  Max Mhz: 2419, Current Mhz: 2419, Mhz Limit: 2419
Processor Information for processor 1
  Max Mhz: 2419, Current Mhz: 1007, Mhz Limit: 2419
Processor Information for processor 2
  Max Mhz: 2419, Current Mhz: 2419, Mhz Limit: 2419
Processor Information for processor 3
  Max Mhz: 2419, Current Mhz: 2419, Mhz Limit: 2419
Processor Information for processor 4
  Max Mhz: 2419, Current Mhz: 2419, Mhz Limit: 2419
Processor Information for processor 5
  Max Mhz: 2419, Current Mhz: 2419, Mhz Limit: 2419
Processor Information for processor 6
  Max Mhz: 2419, Current Mhz: 1007, Mhz Limit: 2419
Processor Information for processor 7
  Max Mhz: 2419, Current Mhz: 2419, Mhz Limit: 2419

Memory: 4k page, system-wide physical 20218M (5611M free)
TotalPageFile size 24314M (AvailPageFile size 6891M)
current process WorkingSet (physical memory assigned to process): 500M, peak: 500M
current process commit charge ("private bytes"): 2328M, peak: 2332M

vm_info: OpenJDK 64-Bit Server VM (25.0.2+10-69) for windows-amd64 JRE (25.0.2+10-69), built on 2025-12-18T11:36:35Z with MS VC++ 17.13 (VS2022)

END.
